Merging true_to_tag using ['../histos/default/rdx-25_11_12_06_47-true_to_tag_glacier-2016-corrected', '../histos/default/rdx-25_04_08_19_19-true_to_tag_lxplus-2016', '../histos/default/rdx-25_11_12_09_27-true_to_tag_local-2016']...
Copy piTrueToGTag and shift means...
  Working on index: (1, 1, 1)
    Raw mean ± std: 0.0784855 ± 0.0002651. Shifted mean: 0.0784855
  Working on index: (1, 1, 2)
    Raw mean ± std: 0.1634354 ± 0.0005251. Shifted mean: 0.1634354
  Working on index: (1, 2, 1)
    Raw mean ± std: 0.1441282 ± 0.0031208. Shifted mean: 0.1441282
  Working on index: (1, 2, 2)
    Raw mean ± std: 0.2849083 ± 0.0060389. Shifted mean: 0.2849083
  Working on index: (2, 1, 1)
    Raw mean ± std: 0.0688050 ± 0.0001591. Shifted mean: 0.0688050
  Working on index: (2, 1, 2)
    Raw mean ± std: 0.1395048 ± 0.0003040. Shifted mean: 0.1395048
  Working on index: (2, 2, 1)
    Raw mean ± std: 0.1367274 ± 0.0008471. Shifted mean: 0.1367274
  Working on index: (2, 2, 2)
    Raw mean ± std: 0.2539154 ± 0.0016043. Shifted mean: 0.2539154
  Working on index: (3, 1, 1)
    Raw mean ± std: 0.0494132 ± 0.0001126. Shifted mean: 0.0494132
  Working on index: (3, 1, 2)
    Raw mean ± std: 0.1017207 ± 0.0002145. Shifted mean: 0.1017207
  Working on index: (3, 2, 1)
    Raw mean ± std: 0.0832321 ± 0.0004333. Shifted mean: 0.0832321
  Working on index: (3, 2, 2)
    Raw mean ± std: 0.1532709 ± 0.0008049. Shifted mean: 0.1532709
  Working on index: (4, 1, 1)
    Raw mean ± std: 0.0386848 ± 0.0000874. Shifted mean: 0.0386848
  Working on index: (4, 1, 2)
    Raw mean ± std: 0.0825335 ± 0.0001655. Shifted mean: 0.0825335
  Working on index: (4, 2, 1)
    Raw mean ± std: 0.0582556 ± 0.0002405. Shifted mean: 0.0582556
  Working on index: (4, 2, 2)
    Raw mean ± std: 0.1080571 ± 0.0004373. Shifted mean: 0.1080571
  Working on index: (5, 1, 1)
    Raw mean ± std: 0.0229724 ± 0.0000783. Shifted mean: 0.0229724
  Working on index: (5, 1, 2)
    Raw mean ± std: 0.0541817 ± 0.0001475. Shifted mean: 0.0541817
  Working on index: (5, 2, 1)
    Raw mean ± std: 0.0357622 ± 0.0001441. Shifted mean: 0.0357622
  Working on index: (5, 2, 2)
    Raw mean ± std: 0.0706241 ± 0.0002650. Shifted mean: 0.0706241
  Working on index: (6, 1, 1)
    Raw mean ± std: 0.0352907 ± 0.0002155. Shifted mean: 0.0352907
  Working on index: (6, 1, 2)
    Raw mean ± std: 0.0637318 ± 0.0003665. Shifted mean: 0.0637318
  Working on index: (6, 2, 1)
    Raw mean ± std: 0.0502865 ± 0.0002456. Shifted mean: 0.0502865
  Working on index: (6, 2, 2)
    Raw mean ± std: 0.0816121 ± 0.0004105. Shifted mean: 0.0816121
Combining kTrueToMuTag...
  Working on index: (1, 1, 1)
    Raw mean ± std: 0.0042649 ± 0.0005546. Shifted mean: 0.0042649
    Raw mean ± std: 0.9195065 ± 0.0007329. Shifted mean: 0.9195065
  Working on index: (1, 1, 2)
    Raw mean ± std: 0.0044853 ± 0.0007635. Shifted mean: 0.0044853
    Raw mean ± std: 0.8981601 ± 0.0014727. Shifted mean: 0.8981601
  Working on index: (1, 2, 1)
    Raw mean ± std: 0.0102538 ± 0.0038593. Shifted mean: 0.0102729
    Raw mean ± std: 0.8984956 ± 0.0046947. Shifted mean: 0.8984956
  Working on index: (1, 2, 2)
    Raw mean ± std: 0.0145040 ± 0.0037205. Shifted mean: 0.0145043
    Raw mean ± std: 0.8546928 ± 0.0075415. Shifted mean: 0.8546928
  Working on index: (2, 1, 1)
    Raw mean ± std: 0.0021780 ± 0.0001214. Shifted mean: 0.0021780
    Raw mean ± std: 0.9445372 ± 0.0001986. Shifted mean: 0.9445372
  Working on index: (2, 1, 2)
    Raw mean ± std: 0.0027737 ± 0.0001072. Shifted mean: 0.0027737
    Raw mean ± std: 0.9268296 ± 0.0003426. Shifted mean: 0.9268296
  Working on index: (2, 2, 1)
    Raw mean ± std: 0.0063813 ± 0.0008665. Shifted mean: 0.0063813
    Raw mean ± std: 0.9327360 ± 0.0013030. Shifted mean: 0.9327360
  Working on index: (2, 2, 2)
    Raw mean ± std: 0.0069003 ± 0.0006637. Shifted mean: 0.0069003
    Raw mean ± std: 0.9037302 ± 0.0029361. Shifted mean: 0.9037302
  Working on index: (3, 1, 1)
    Raw mean ± std: 0.0011366 ± 0.0000474. Shifted mean: 0.0011366
    Raw mean ± std: 0.9737928 ± 0.0001091. Shifted mean: 0.9737928
  Working on index: (3, 1, 2)
    Raw mean ± std: 0.0012652 ± 0.0000624. Shifted mean: 0.0012652
    Raw mean ± std: 0.9672764 ± 0.0001665. Shifted mean: 0.9672764
  Working on index: (3, 2, 1)
    Raw mean ± std: 0.0026545 ± 0.0001857. Shifted mean: 0.0026545
    Raw mean ± std: 0.9675253 ± 0.0004928. Shifted mean: 0.9675253
  Working on index: (3, 2, 2)
    Raw mean ± std: 0.0026492 ± 0.0003231. Shifted mean: 0.0026492
    Raw mean ± std: 0.9522890 ± 0.0006030. Shifted mean: 0.9522890
  Working on index: (4, 1, 1)
    Raw mean ± std: 0.0007148 ± 0.0000290. Shifted mean: 0.0007148
    Raw mean ± std: 0.9829542 ± 0.0000810. Shifted mean: 0.9829542
  Working on index: (4, 1, 2)
    Raw mean ± std: 0.0007653 ± 0.0000390. Shifted mean: 0.0007653
    Raw mean ± std: 0.9810920 ± 0.0001152. Shifted mean: 0.9810920
  Working on index: (4, 2, 1)
    Raw mean ± std: 0.0014626 ± 0.0001222. Shifted mean: 0.0014626
    Raw mean ± std: 0.9792856 ± 0.0002823. Shifted mean: 0.9792856
  Working on index: (4, 2, 2)
    Raw mean ± std: 0.0014486 ± 0.0001263. Shifted mean: 0.0014486
    Raw mean ± std: 0.9694656 ± 0.0005949. Shifted mean: 0.9694656
  Working on index: (5, 1, 1)
    Raw mean ± std: 0.0018086 ± 0.0000300. Shifted mean: 0.0018086
    Raw mean ± std: 0.9887493 ± 0.0000730. Shifted mean: 0.9887493
  Working on index: (5, 1, 2)
    Raw mean ± std: 0.0015770 ± 0.0000510. Shifted mean: 0.0015770
    Raw mean ± std: 0.9884197 ± 0.0000983. Shifted mean: 0.9884197
  Working on index: (5, 2, 1)
    Raw mean ± std: 0.0017537 ± 0.0000409. Shifted mean: 0.0017537
    Raw mean ± std: 0.9891740 ± 0.0001406. Shifted mean: 0.9891740
  Working on index: (5, 2, 2)
    Raw mean ± std: 0.0017147 ± 0.0000644. Shifted mean: 0.0017147
    Raw mean ± std: 0.9856081 ± 0.0002055. Shifted mean: 0.9856081
  Working on index: (6, 1, 1)
    Raw mean ± std: 0.0035055 ± 0.0000584. Shifted mean: 0.0035055
    Raw mean ± std: 0.9915879 ± 0.0001396. Shifted mean: 0.9915879
  Working on index: (6, 1, 2)
    Raw mean ± std: 0.0030616 ± 0.0000573. Shifted mean: 0.0030616
    Raw mean ± std: 0.9912277 ± 0.0001870. Shifted mean: 0.9912277
  Working on index: (6, 2, 1)
    Raw mean ± std: 0.0021022 ± 0.0000472. Shifted mean: 0.0021022
    Raw mean ± std: 0.9919888 ± 0.0001832. Shifted mean: 0.9919888
  Working on index: (6, 2, 2)
    Raw mean ± std: 0.0021208 ± 0.0000750. Shifted mean: 0.0021208
    Raw mean ± std: 0.9892980 ± 0.0002464. Shifted mean: 0.9892980
Combining pTrueToMuTag...
  Working on index: (1, 1, 1)
    Raw mean ± std: 0.0003604 ± 0.0000785. Shifted mean: 0.0003604
    Raw mean ± std: 0.9894758 ± 0.0002925. Shifted mean: 0.9894758
  Working on index: (1, 1, 2)
    Raw mean ± std: 0.0006842 ± 0.0001102. Shifted mean: 0.0006842
    Raw mean ± std: 0.9819783 ± 0.0004157. Shifted mean: 0.9819783
  Working on index: (1, 2, 1)
    Raw mean ± std: 0.0018108 ± 0.0011834. Shifted mean: 0.0019043
    Raw mean ± std: 0.9681863 ± 0.0029330. Shifted mean: 0.9681863
  Working on index: (1, 2, 2)
    INFO: Raw mean not in [0, 1]!
    Raw mean ± std: -0.0057805 ± 0.0043247. Shifted mean: 0.0015363
    INFO: Raw mean not in [0, 1]!
    Raw mean ± std: 1.0596567 ± 0.0157410. Shifted mean: 0.9973427
  Working on index: (2, 1, 1)
    Raw mean ± std: 0.0002534 ± 0.0000191. Shifted mean: 0.0002534
    Raw mean ± std: 0.9825336 ± 0.0000952. Shifted mean: 0.9825336
  Working on index: (2, 1, 2)
    Raw mean ± std: 0.0005065 ± 0.0000237. Shifted mean: 0.0005065
    Raw mean ± std: 0.9725852 ± 0.0001231. Shifted mean: 0.9725852
  Working on index: (2, 2, 1)
    Raw mean ± std: 0.0016290 ± 0.0000661. Shifted mean: 0.0016290
    Raw mean ± std: 0.9685108 ± 0.0002130. Shifted mean: 0.9685108
  Working on index: (2, 2, 2)
    Raw mean ± std: 0.0028560 ± 0.0000976. Shifted mean: 0.0028560
    Raw mean ± std: 0.9402306 ± 0.0003518. Shifted mean: 0.9402306
  Working on index: (3, 1, 1)
    Raw mean ± std: 0.0000858 ± 0.0000136. Shifted mean: 0.0000858
    Raw mean ± std: 0.9901994 ± 0.0000619. Shifted mean: 0.9901994
  Working on index: (3, 1, 2)
    Raw mean ± std: 0.0001704 ± 0.0000152. Shifted mean: 0.0001704
    Raw mean ± std: 0.9796482 ± 0.0000892. Shifted mean: 0.9796482
  Working on index: (3, 2, 1)
    Raw mean ± std: 0.0006559 ± 0.0000284. Shifted mean: 0.0006559
    Raw mean ± std: 0.9866421 ± 0.0000869. Shifted mean: 0.9866421
  Working on index: (3, 2, 2)
    Raw mean ± std: 0.0011171 ± 0.0000375. Shifted mean: 0.0011171
    Raw mean ± std: 0.9712023 ± 0.0001395. Shifted mean: 0.9712023
  Working on index: (4, 1, 1)
    Raw mean ± std: 0.0000581 ± 0.0000116. Shifted mean: 0.0000581
    Raw mean ± std: 0.9977267 ± 0.0000280. Shifted mean: 0.9977267
  Working on index: (4, 1, 2)
    Raw mean ± std: 0.0000540 ± 0.0000109. Shifted mean: 0.0000540
    Raw mean ± std: 0.9950008 ± 0.0000388. Shifted mean: 0.9950008
  Working on index: (4, 2, 1)
    Raw mean ± std: 0.0002152 ± 0.0000133. Shifted mean: 0.0002152
    Raw mean ± std: 0.9923039 ± 0.0000506. Shifted mean: 0.9923039
  Working on index: (4, 2, 2)
    Raw mean ± std: 0.0004032 ± 0.0000174. Shifted mean: 0.0004032
    Raw mean ± std: 0.9815871 ± 0.0000823. Shifted mean: 0.9815871
  Working on index: (5, 1, 1)
    Raw mean ± std: 0.0000231 ± 0.0000123. Shifted mean: 0.0000236
    Raw mean ± std: 0.9992432 ± 0.0000199. Shifted mean: 0.9992432
  Working on index: (5, 1, 2)
    Raw mean ± std: 0.0000310 ± 0.0000120. Shifted mean: 0.0000311
    Raw mean ± std: 0.9988965 ± 0.0000223. Shifted mean: 0.9988965
  Working on index: (5, 2, 1)
    Raw mean ± std: 0.0000891 ± 0.0000108. Shifted mean: 0.0000891
    Raw mean ± std: 0.9967916 ± 0.0000368. Shifted mean: 0.9967916
  Working on index: (5, 2, 2)
    Raw mean ± std: 0.0001884 ± 0.0000137. Shifted mean: 0.0001884
    Raw mean ± std: 0.9916261 ± 0.0000607. Shifted mean: 0.9916261
  Working on index: (6, 1, 1)
    Raw mean ± std: 0.0000195 ± 0.0000321. Shifted mean: 0.0000306
    Raw mean ± std: 0.9989651 ± 0.0000540. Shifted mean: 0.9989651
  Working on index: (6, 1, 2)
    Raw mean ± std: 0.0000558 ± 0.0000351. Shifted mean: 0.0000583
    Raw mean ± std: 0.9985908 ± 0.0000647. Shifted mean: 0.9985908
  Working on index: (6, 2, 1)
    Raw mean ± std: 0.0000321 ± 0.0000170. Shifted mean: 0.0000327
    Raw mean ± std: 0.9985383 ± 0.0000399. Shifted mean: 0.9985383
  Working on index: (6, 2, 2)
    Raw mean ± std: 0.0000633 ± 0.0000182. Shifted mean: 0.0000633
    Raw mean ± std: 0.9968212 ± 0.0000564. Shifted mean: 0.9968212
Copy piTrueToPiTag and shift means...
  Working on index: (1, 1, 1)
    Raw mean ± std: 0.9204452 ± 0.0002674. Shifted mean: 0.9204452
  Working on index: (1, 1, 2)
    Raw mean ± std: 0.8339490 ± 0.0005288. Shifted mean: 0.8339490
  Working on index: (1, 2, 1)
    Raw mean ± std: 0.8525725 ± 0.0031503. Shifted mean: 0.8525725
  Working on index: (1, 2, 2)
    Raw mean ± std: 0.7103991 ± 0.0060777. Shifted mean: 0.7103991
  Working on index: (2, 1, 1)
    Raw mean ± std: 0.9232830 ± 0.0001673. Shifted mean: 0.9232830
  Working on index: (2, 1, 2)
    Raw mean ± std: 0.8476419 ± 0.0003149. Shifted mean: 0.8476419
  Working on index: (2, 2, 1)
    Raw mean ± std: 0.8538429 ± 0.0008729. Shifted mean: 0.8538429
  Working on index: (2, 2, 2)
    Raw mean ± std: 0.7298952 ± 0.0016313. Shifted mean: 0.7298952
  Working on index: (3, 1, 1)
    Raw mean ± std: 0.9097825 ± 0.0001486. Shifted mean: 0.9097825
  Working on index: (3, 1, 2)
    Raw mean ± std: 0.8380855 ± 0.0002610. Shifted mean: 0.8380855
  Working on index: (3, 2, 1)
    Raw mean ± std: 0.8780432 ± 0.0005134. Shifted mean: 0.8780432
  Working on index: (3, 2, 2)
    Raw mean ± std: 0.7828950 ± 0.0009119. Shifted mean: 0.7828950
  Working on index: (4, 1, 1)
    Raw mean ± std: 0.9177085 ± 0.0001248. Shifted mean: 0.9177085
  Working on index: (4, 1, 2)
    Raw mean ± std: 0.8556339 ± 0.0002135. Shifted mean: 0.8556339
  Working on index: (4, 2, 1)
    Raw mean ± std: 0.8875210 ± 0.0003226. Shifted mean: 0.8875210
  Working on index: (4, 2, 2)
    Raw mean ± std: 0.8113445 ± 0.0005473. Shifted mean: 0.8113445
  Working on index: (5, 1, 1)
    Raw mean ± std: 0.9003431 ± 0.0001433. Shifted mean: 0.9003431
  Working on index: (5, 1, 2)
    Raw mean ± std: 0.8559066 ± 0.0002243. Shifted mean: 0.8559066
  Working on index: (5, 2, 1)
    Raw mean ± std: 0.8753712 ± 0.0002429. Shifted mean: 0.8753712
  Working on index: (5, 2, 2)
    Raw mean ± std: 0.8118516 ± 0.0003916. Shifted mean: 0.8118516
  Working on index: (6, 1, 1)
    Raw mean ± std: 0.7755935 ± 0.0004211. Shifted mean: 0.7755935
  Working on index: (6, 1, 2)
    Raw mean ± std: 0.7281659 ± 0.0006055. Shifted mean: 0.7281659
  Working on index: (6, 2, 1)
    Raw mean ± std: 0.7444820 ± 0.0004394. Shifted mean: 0.7444820
  Working on index: (6, 2, 2)
    Raw mean ± std: 0.6814872 ± 0.0006329. Shifted mean: 0.6814872
Copy kTrueToPiTag and shift means...
  Working on index: (1, 1, 1)
    Raw mean ± std: 0.0544535 ± 0.0011105. Shifted mean: 0.0544535
  Working on index: (1, 1, 2)
    Raw mean ± std: 0.0804869 ± 0.0015699. Shifted mean: 0.0804869
  Working on index: (1, 2, 1)
    Raw mean ± std: 0.1535493 ± 0.0108108. Shifted mean: 0.1535493
  Working on index: (1, 2, 2)
    Raw mean ± std: 0.1832188 ± 0.0145762. Shifted mean: 0.1832188
  Working on index: (2, 1, 1)
    Raw mean ± std: 0.0176216 ± 0.0002731. Shifted mean: 0.0176216
  Working on index: (2, 1, 2)
    Raw mean ± std: 0.0274719 ± 0.0003988. Shifted mean: 0.0274719
  Working on index: (2, 2, 1)
    Raw mean ± std: 0.1147015 ± 0.0018772. Shifted mean: 0.1147015
  Working on index: (2, 2, 2)
    Raw mean ± std: 0.1531348 ± 0.0027721. Shifted mean: 0.1531348
  Working on index: (3, 1, 1)
    Raw mean ± std: 0.0061819 ± 0.0001268. Shifted mean: 0.0061819
  Working on index: (3, 1, 2)
    Raw mean ± std: 0.0089721 ± 0.0001812. Shifted mean: 0.0089721
  Working on index: (3, 2, 1)
    Raw mean ± std: 0.0520049 ± 0.0007233. Shifted mean: 0.0520049
  Working on index: (3, 2, 2)
    Raw mean ± std: 0.0858070 ± 0.0010950. Shifted mean: 0.0858070
  Working on index: (4, 1, 1)
    Raw mean ± std: 0.0031222 ± 0.0000682. Shifted mean: 0.0031222
  Working on index: (4, 1, 2)
    Raw mean ± std: 0.0039975 ± 0.0000949. Shifted mean: 0.0039975
  Working on index: (4, 2, 1)
    Raw mean ± std: 0.0212622 ± 0.0002943. Shifted mean: 0.0212622
  Working on index: (4, 2, 2)
    Raw mean ± std: 0.0386080 ± 0.0004550. Shifted mean: 0.0386080
  Working on index: (5, 1, 1)
    Raw mean ± std: 0.0207214 ± 0.0000727. Shifted mean: 0.0207214
  Working on index: (5, 1, 2)
    Raw mean ± std: 0.0242260 ± 0.0001027. Shifted mean: 0.0242260
  Working on index: (5, 2, 1)
    Raw mean ± std: 0.0267061 ± 0.0001486. Shifted mean: 0.0267061
  Working on index: (5, 2, 2)
    Raw mean ± std: 0.0379855 ± 0.0002248. Shifted mean: 0.0379855
  Working on index: (6, 1, 1)
    Raw mean ± std: 0.1037376 ± 0.0002805. Shifted mean: 0.1037376
  Working on index: (6, 1, 2)
    Raw mean ± std: 0.1121335 ± 0.0003871. Shifted mean: 0.1121335
  Working on index: (6, 2, 1)
    Raw mean ± std: 0.1283695 ± 0.0003142. Shifted mean: 0.1283695
  Working on index: (6, 2, 2)
    Raw mean ± std: 0.1401568 ± 0.0004348. Shifted mean: 0.1401568
Copy kTrueToETag and shift means...
  Working on index: (1, 1, 1)
    Raw mean ± std: 0.0015688 ± 0.0001908. Shifted mean: 0.0015688
  Working on index: (1, 1, 2)
    Raw mean ± std: 0.0033516 ± 0.0002802. Shifted mean: 0.0033516
  Working on index: (1, 2, 1)
    Raw mean ± std: 0.0040387 ± 0.0019972. Shifted mean: 0.0040928
  Working on index: (1, 2, 2)
    Raw mean ± std: 0.0092311 ± 0.0030523. Shifted mean: 0.0092359
  Working on index: (2, 1, 1)
    Raw mean ± std: 0.0008604 ± 0.0000478. Shifted mean: 0.0008604
  Working on index: (2, 1, 2)
    Raw mean ± std: 0.0017429 ± 0.0000752. Shifted mean: 0.0017429
  Working on index: (2, 2, 1)
    Raw mean ± std: 0.0032401 ± 0.0003887. Shifted mean: 0.0032401
  Working on index: (2, 2, 2)
    Raw mean ± std: 0.0044728 ± 0.0006117. Shifted mean: 0.0044728
  Working on index: (3, 1, 1)
    Raw mean ± std: 0.0003158 ± 0.0000279. Shifted mean: 0.0003158
  Working on index: (3, 1, 2)
    Raw mean ± std: 0.0006253 ± 0.0000431. Shifted mean: 0.0006253
  Working on index: (3, 2, 1)
    Raw mean ± std: 0.0016119 ± 0.0001490. Shifted mean: 0.0016119
  Working on index: (3, 2, 2)
    Raw mean ± std: 0.0028087 ± 0.0002324. Shifted mean: 0.0028087
  Working on index: (4, 1, 1)
    Raw mean ± std: 0.0001681 ± 0.0000164. Shifted mean: 0.0001681
  Working on index: (4, 1, 2)
    Raw mean ± std: 0.0002612 ± 0.0000241. Shifted mean: 0.0002612
  Working on index: (4, 2, 1)
    Raw mean ± std: 0.0005432 ± 0.0000578. Shifted mean: 0.0005432
  Working on index: (4, 2, 2)
    Raw mean ± std: 0.0009779 ± 0.0000920. Shifted mean: 0.0009779
  Working on index: (5, 1, 1)
    Raw mean ± std: 0.0016536 ± 0.0000205. Shifted mean: 0.0016536
  Working on index: (5, 1, 2)
    Raw mean ± std: 0.0019353 ± 0.0000292. Shifted mean: 0.0019353
  Working on index: (5, 2, 1)
    Raw mean ± std: 0.0006874 ± 0.0000301. Shifted mean: 0.0006874
  Working on index: (5, 2, 2)
    Raw mean ± std: 0.0010737 ± 0.0000449. Shifted mean: 0.0010737
  Working on index: (6, 1, 1)
    Raw mean ± std: 0.0052127 ± 0.0000670. Shifted mean: 0.0052127
  Working on index: (6, 1, 2)
    Raw mean ± std: 0.0054835 ± 0.0000918. Shifted mean: 0.0054835
  Working on index: (6, 2, 1)
    Raw mean ± std: 0.0024406 ± 0.0000494. Shifted mean: 0.0024406
  Working on index: (6, 2, 2)
    Raw mean ± std: 0.0025316 ± 0.0000670. Shifted mean: 0.0025316
Copy piTrueToPTag and shift means...
  Working on index: (1, 1, 1)
    Zero or negative efficiency uncertainty found (0.0). Manually set efficiency to 0.0.
  Working on index: (1, 1, 2)
    Zero or negative efficiency uncertainty found (0.0). Manually set efficiency to 0.0.
  Working on index: (1, 2, 1)
    Zero or negative efficiency uncertainty found (0.0). Manually set efficiency to 0.0.
  Working on index: (1, 2, 2)
    Zero or negative efficiency uncertainty found (0.0). Manually set efficiency to 0.0.
  Working on index: (2, 1, 1)
    Raw mean ± std: 0.0010187 ± 0.0000194. Shifted mean: 0.0010187
  Working on index: (2, 1, 2)
    Raw mean ± std: 0.0010570 ± 0.0000279. Shifted mean: 0.0010570
  Working on index: (2, 2, 1)
    Raw mean ± std: 0.0005077 ± 0.0000509. Shifted mean: 0.0005077
  Working on index: (2, 2, 2)
    Raw mean ± std: 0.0010847 ± 0.0001160. Shifted mean: 0.0010847
  Working on index: (3, 1, 1)
    Raw mean ± std: 0.0180147 ± 0.0000677. Shifted mean: 0.0180147
  Working on index: (3, 1, 2)
    Raw mean ± std: 0.0278474 ± 0.0001162. Shifted mean: 0.0278474
  Working on index: (3, 2, 1)
    Raw mean ± std: 0.0139898 ± 0.0001772. Shifted mean: 0.0139898
  Working on index: (3, 2, 2)
    Raw mean ± std: 0.0276283 ± 0.0003552. Shifted mean: 0.0276283
  Working on index: (4, 1, 1)
    Raw mean ± std: 0.0146739 ± 0.0000529. Shifted mean: 0.0146739
  Working on index: (4, 1, 2)
    Raw mean ± std: 0.0285097 ± 0.0000996. Shifted mean: 0.0285097
  Working on index: (4, 2, 1)
    Raw mean ± std: 0.0265669 ± 0.0001578. Shifted mean: 0.0265669
  Working on index: (4, 2, 2)
    Raw mean ± std: 0.0416603 ± 0.0002738. Shifted mean: 0.0416603
  Working on index: (5, 1, 1)
    Raw mean ± std: 0.0058337 ± 0.0000394. Shifted mean: 0.0058337
  Working on index: (5, 1, 2)
    Raw mean ± std: 0.0120650 ± 0.0000741. Shifted mean: 0.0120650
  Working on index: (5, 2, 1)
    Raw mean ± std: 0.0320320 ± 0.0001221. Shifted mean: 0.0320320
  Working on index: (5, 2, 2)
    Raw mean ± std: 0.0459571 ± 0.0002008. Shifted mean: 0.0459571
  Working on index: (6, 1, 1)
    Raw mean ± std: 0.0196350 ± 0.0001413. Shifted mean: 0.0196350
  Working on index: (6, 1, 2)
    Raw mean ± std: 0.0267199 ± 0.0002208. Shifted mean: 0.0267199
  Working on index: (6, 2, 1)
    Raw mean ± std: 0.0375189 ± 0.0001954. Shifted mean: 0.0375189
  Working on index: (6, 2, 2)
    Raw mean ± std: 0.0525230 ± 0.0003127. Shifted mean: 0.0525230
Copy pTrueToETag and shift means...
  Working on index: (1, 1, 1)
    Raw mean ± std: 0.0020540 ± 0.0001359. Shifted mean: 0.0020540
  Working on index: (1, 1, 2)
    Raw mean ± std: 0.0047430 ± 0.0001977. Shifted mean: 0.0047430
  Working on index: (1, 2, 1)
    Raw mean ± std: 0.0079780 ± 0.0014335. Shifted mean: 0.0079780
  Working on index: (1, 2, 2)
    Raw mean ± std: 0.0247723 ± 0.0044743. Shifted mean: 0.0247723
  Working on index: (2, 1, 1)
    Raw mean ± std: 0.0012492 ± 0.0000272. Shifted mean: 0.0012492
  Working on index: (2, 1, 2)
    Raw mean ± std: 0.0023569 ± 0.0000376. Shifted mean: 0.0023569
  Working on index: (2, 2, 1)
    Raw mean ± std: 0.0059659 ± 0.0000989. Shifted mean: 0.0059659
  Working on index: (2, 2, 2)
    Raw mean ± std: 0.0074874 ± 0.0001297. Shifted mean: 0.0074874
  Working on index: (3, 1, 1)
    Raw mean ± std: 0.0005396 ± 0.0000186. Shifted mean: 0.0005396
  Working on index: (3, 1, 2)
    Raw mean ± std: 0.0011215 ± 0.0000241. Shifted mean: 0.0011215
  Working on index: (3, 2, 1)
    Raw mean ± std: 0.0028128 ± 0.0000420. Shifted mean: 0.0028128
  Working on index: (3, 2, 2)
    Raw mean ± std: 0.0043371 ± 0.0000579. Shifted mean: 0.0043371
  Working on index: (4, 1, 1)
    Raw mean ± std: 0.0003910 ± 0.0000186. Shifted mean: 0.0003910
  Working on index: (4, 1, 2)
    Raw mean ± std: 0.0006917 ± 0.0000191. Shifted mean: 0.0006917
  Working on index: (4, 2, 1)
    Raw mean ± std: 0.0012406 ± 0.0000228. Shifted mean: 0.0012406
  Working on index: (4, 2, 2)
    Raw mean ± std: 0.0020924 ± 0.0000309. Shifted mean: 0.0020924
  Working on index: (5, 1, 1)
    Raw mean ± std: 0.0003110 ± 0.0000192. Shifted mean: 0.0003110
  Working on index: (5, 1, 2)
    Raw mean ± std: 0.0004228 ± 0.0000191. Shifted mean: 0.0004228
  Working on index: (5, 2, 1)
    Raw mean ± std: 0.0005178 ± 0.0000177. Shifted mean: 0.0005178
  Working on index: (5, 2, 2)
    Raw mean ± std: 0.0009472 ± 0.0000235. Shifted mean: 0.0009472
  Working on index: (6, 1, 1)
    Raw mean ± std: 0.0005856 ± 0.0000480. Shifted mean: 0.0005856
  Working on index: (6, 1, 2)
    Raw mean ± std: 0.0007909 ± 0.0000515. Shifted mean: 0.0007909
  Working on index: (6, 2, 1)
    Raw mean ± std: 0.0002929 ± 0.0000245. Shifted mean: 0.0002929
  Working on index: (6, 2, 2)
    Raw mean ± std: 0.0003527 ± 0.0000258. Shifted mean: 0.0003527
Copy kTrueToKTag and shift means...
  Working on index: (1, 1, 1)
    Zero or negative efficiency uncertainty found (0.0). Manually set efficiency to 0.0.
  Working on index: (1, 1, 2)
    Zero or negative efficiency uncertainty found (0.0). Manually set efficiency to 0.0.
  Working on index: (1, 2, 1)
    Zero or negative efficiency uncertainty found (0.0). Manually set efficiency to 0.0.
  Working on index: (1, 2, 2)
    Zero or negative efficiency uncertainty found (0.0). Manually set efficiency to 0.0.
  Working on index: (2, 1, 1)
    Raw mean ± std: 0.1358230 ± 0.0002676. Shifted mean: 0.1358230
  Working on index: (2, 1, 2)
    Raw mean ± std: 0.1230043 ± 0.0003434. Shifted mean: 0.1230043
  Working on index: (2, 2, 1)
    Raw mean ± std: 0.1307929 ± 0.0010485. Shifted mean: 0.1307929
  Working on index: (2, 2, 2)
    Raw mean ± std: 0.1013491 ± 0.0013198. Shifted mean: 0.1013491
  Working on index: (3, 1, 1)
    Raw mean ± std: 0.8730405 ± 0.0002188. Shifted mean: 0.8730405
  Working on index: (3, 1, 2)
    Raw mean ± std: 0.7864821 ± 0.0003453. Shifted mean: 0.7864821
  Working on index: (3, 2, 1)
    Raw mean ± std: 0.7074454 ± 0.0009176. Shifted mean: 0.7074454
  Working on index: (3, 2, 2)
    Raw mean ± std: 0.5646518 ± 0.0013160. Shifted mean: 0.5646518
  Working on index: (4, 1, 1)
    Raw mean ± std: 0.9344781 ± 0.0001279. Shifted mean: 0.9344781
  Working on index: (4, 1, 2)
    Raw mean ± std: 0.8613960 ± 0.0002204. Shifted mean: 0.8613960
  Working on index: (4, 2, 1)
    Raw mean ± std: 0.8355771 ± 0.0004425. Shifted mean: 0.8355771
  Working on index: (4, 2, 2)
    Raw mean ± std: 0.7291006 ± 0.0006883. Shifted mean: 0.7291006
  Working on index: (5, 1, 1)
    Raw mean ± std: 0.9408327 ± 0.0001137. Shifted mean: 0.9408327
  Working on index: (5, 1, 2)
    Raw mean ± std: 0.8925751 ± 0.0001875. Shifted mean: 0.8925751
  Working on index: (5, 2, 1)
    Raw mean ± std: 0.8985635 ± 0.0002294. Shifted mean: 0.8985635
  Working on index: (5, 2, 2)
    Raw mean ± std: 0.8340213 ± 0.0003641. Shifted mean: 0.8340213
  Working on index: (6, 1, 1)
    Raw mean ± std: 0.8128372 ± 0.0003665. Shifted mean: 0.8128372
  Working on index: (6, 1, 2)
    Raw mean ± std: 0.7669006 ± 0.0005291. Shifted mean: 0.7669006
  Working on index: (6, 2, 1)
    Raw mean ± std: 0.7650832 ± 0.0004002. Shifted mean: 0.7650832
  Working on index: (6, 2, 2)
    Raw mean ± std: 0.7059432 ± 0.0005721. Shifted mean: 0.7059432
Combining piTrueToMuTag...
  Working on index: (1, 1, 1)
    Raw mean ± std: 0.0053050 ± 0.0002857. Shifted mean: 0.0053050
    Raw mean ± std: 0.8938356 ± 0.0004224. Shifted mean: 0.8938356
  Working on index: (1, 1, 2)
    Raw mean ± std: 0.0038278 ± 0.0002425. Shifted mean: 0.0038278
    Raw mean ± std: 0.8588615 ± 0.0006273. Shifted mean: 0.8588615
  Working on index: (1, 2, 1)
    Raw mean ± std: 0.0033155 ± 0.0008901. Shifted mean: 0.0033156
    Raw mean ± std: 0.9111681 ± 0.0033385. Shifted mean: 0.9111681
  Working on index: (1, 2, 2)
    Raw mean ± std: 0.0016252 ± 0.0006502. Shifted mean: 0.0016302
    Raw mean ± std: 0.8739847 ± 0.0046907. Shifted mean: 0.8739847
  Working on index: (2, 1, 1)
    Raw mean ± std: 0.0070183 ± 0.0002115. Shifted mean: 0.0070183
    Raw mean ± std: 0.9362017 ± 0.0001454. Shifted mean: 0.9362017
  Working on index: (2, 1, 2)
    Raw mean ± std: 0.0057403 ± 0.0002148. Shifted mean: 0.0057403
    Raw mean ± std: 0.9098697 ± 0.0002925. Shifted mean: 0.9098697
  Working on index: (2, 2, 1)
    Raw mean ± std: 0.0067177 ± 0.0005067. Shifted mean: 0.0067177
    Raw mean ± std: 0.9396650 ± 0.0010947. Shifted mean: 0.9396650
  Working on index: (2, 2, 2)
    Raw mean ± std: 0.0052013 ± 0.0004191. Shifted mean: 0.0052013
    Raw mean ± std: 0.9060503 ± 0.0012169. Shifted mean: 0.9060503
  Working on index: (3, 1, 1)
    Raw mean ± std: 0.0081302 ± 0.0000630. Shifted mean: 0.0081302
    Raw mean ± std: 0.9780697 ± 0.0001058. Shifted mean: 0.9780697
  Working on index: (3, 1, 2)
    Raw mean ± std: 0.0072766 ± 0.0001355. Shifted mean: 0.0072766
    Raw mean ± std: 0.9692738 ± 0.0001618. Shifted mean: 0.9692738
  Working on index: (3, 2, 1)
    Raw mean ± std: 0.0070955 ± 0.0001761. Shifted mean: 0.0070955
    Raw mean ± std: 0.9734561 ± 0.0004145. Shifted mean: 0.9734561
  Working on index: (3, 2, 2)
    Raw mean ± std: 0.0061304 ± 0.0003081. Shifted mean: 0.0061304
    Raw mean ± std: 0.9576894 ± 0.0006049. Shifted mean: 0.9576894
  Working on index: (4, 1, 1)
    Raw mean ± std: 0.0067966 ± 0.0000436. Shifted mean: 0.0067966
    Raw mean ± std: 0.9886232 ± 0.0000701. Shifted mean: 0.9886232
  Working on index: (4, 1, 2)
    Raw mean ± std: 0.0061481 ± 0.0000559. Shifted mean: 0.0061481
    Raw mean ± std: 0.9860263 ± 0.0001059. Shifted mean: 0.9860263
  Working on index: (4, 2, 1)
    Raw mean ± std: 0.0056816 ± 0.0001593. Shifted mean: 0.0056816
    Raw mean ± std: 0.9842471 ± 0.0002148. Shifted mean: 0.9842471
  Working on index: (4, 2, 2)
    Raw mean ± std: 0.0051625 ± 0.0001800. Shifted mean: 0.0051625
    Raw mean ± std: 0.9737291 ± 0.0003363. Shifted mean: 0.9737291
  Working on index: (5, 1, 1)
    Raw mean ± std: 0.0042212 ± 0.0000344. Shifted mean: 0.0042212
    Raw mean ± std: 0.9941043 ± 0.0000485. Shifted mean: 0.9941043
  Working on index: (5, 1, 2)
    Raw mean ± std: 0.0037325 ± 0.0000415. Shifted mean: 0.0037325
    Raw mean ± std: 0.9936477 ± 0.0000622. Shifted mean: 0.9936477
  Working on index: (5, 2, 1)
    Raw mean ± std: 0.0037357 ± 0.0000566. Shifted mean: 0.0037357
    Raw mean ± std: 0.9927734 ± 0.0001154. Shifted mean: 0.9927734
  Working on index: (5, 2, 2)
    Raw mean ± std: 0.0033755 ± 0.0000690. Shifted mean: 0.0033755
    Raw mean ± std: 0.9902388 ± 0.0001779. Shifted mean: 0.9902388
  Working on index: (6, 1, 1)
    Raw mean ± std: 0.0020049 ± 0.0000503. Shifted mean: 0.0020049
    Raw mean ± std: 0.9963871 ± 0.0000671. Shifted mean: 0.9963871
  Working on index: (6, 1, 2)
    Raw mean ± std: 0.0018433 ± 0.0000629. Shifted mean: 0.0018433
    Raw mean ± std: 0.9961148 ± 0.0000883. Shifted mean: 0.9961148
  Working on index: (6, 2, 1)
    Raw mean ± std: 0.0018131 ± 0.0000598. Shifted mean: 0.0018131
    Raw mean ± std: 0.9956634 ± 0.0000821. Shifted mean: 0.9956634
  Working on index: (6, 2, 2)
    Raw mean ± std: 0.0017647 ± 0.0000763. Shifted mean: 0.0017647
    Raw mean ± std: 0.9937418 ± 0.0001838. Shifted mean: 0.9937418
Copy pTrueToKTag and shift means...
  Working on index: (1, 1, 1)
    Zero or negative efficiency uncertainty found (0.0). Manually set efficiency to 0.0.
  Working on index: (1, 1, 2)
    Zero or negative efficiency uncertainty found (0.0). Manually set efficiency to 0.0.
  Working on index: (1, 2, 1)
    Zero or negative efficiency uncertainty found (0.0). Manually set efficiency to 0.0.
  Working on index: (1, 2, 2)
    Zero or negative efficiency uncertainty found (0.0). Manually set efficiency to 0.0.
  Working on index: (2, 1, 1)
    Raw mean ± std: 0.0847664 ± 0.0001983. Shifted mean: 0.0847664
  Working on index: (2, 1, 2)
    Raw mean ± std: 0.0815286 ± 0.0002013. Shifted mean: 0.0815286
  Working on index: (2, 2, 1)
    Raw mean ± std: 0.0786968 ± 0.0003064. Shifted mean: 0.0786968
  Working on index: (2, 2, 2)
    Raw mean ± std: 0.0625585 ± 0.0003139. Shifted mean: 0.0625585
  Working on index: (3, 1, 1)
    Raw mean ± std: 0.1531654 ± 0.0002202. Shifted mean: 0.1531654
  Working on index: (3, 1, 2)
    Raw mean ± std: 0.1760925 ± 0.0002382. Shifted mean: 0.1760925
  Working on index: (3, 2, 1)
    Raw mean ± std: 0.2248278 ± 0.0002976. Shifted mean: 0.2248278
  Working on index: (3, 2, 2)
    Raw mean ± std: 0.2029518 ± 0.0003172. Shifted mean: 0.2029518
  Working on index: (4, 1, 1)
    Raw mean ± std: 0.0161449 ± 0.0000713. Shifted mean: 0.0161449
  Working on index: (4, 1, 2)
    Raw mean ± std: 0.0250099 ± 0.0000845. Shifted mean: 0.0250099
  Working on index: (4, 2, 1)
    Raw mean ± std: 0.1665038 ± 0.0002073. Shifted mean: 0.1665038
  Working on index: (4, 2, 2)
    Raw mean ± std: 0.1918642 ± 0.0002344. Shifted mean: 0.1918642
  Working on index: (5, 1, 1)
    Raw mean ± std: 0.0050788 ± 0.0000557. Shifted mean: 0.0050788
  Working on index: (5, 1, 2)
    Raw mean ± std: 0.0075276 ± 0.0000589. Shifted mean: 0.0075276
  Working on index: (5, 2, 1)
    Raw mean ± std: 0.0492597 ± 0.0001353. Shifted mean: 0.0492597
  Working on index: (5, 2, 2)
    Raw mean ± std: 0.0799991 ± 0.0001762. Shifted mean: 0.0799991
  Working on index: (6, 1, 1)
    Raw mean ± std: 0.0189807 ± 0.0001848. Shifted mean: 0.0189807
  Working on index: (6, 1, 2)
    Raw mean ± std: 0.0227883 ± 0.0002136. Shifted mean: 0.0227883
  Working on index: (6, 2, 1)
    Raw mean ± std: 0.0289048 ± 0.0001605. Shifted mean: 0.0289048
  Working on index: (6, 2, 2)
    Raw mean ± std: 0.0365622 ± 0.0001839. Shifted mean: 0.0365622
Copy kTrueToPTag and shift means...
  Working on index: (1, 1, 1)
    Zero or negative efficiency uncertainty found (0.0). Manually set efficiency to 0.0.
  Working on index: (1, 1, 2)
    Zero or negative efficiency uncertainty found (0.0). Manually set efficiency to 0.0.
  Working on index: (1, 2, 1)
    Zero or negative efficiency uncertainty found (0.0). Manually set efficiency to 0.0.
  Working on index: (1, 2, 2)
    Zero or negative efficiency uncertainty found (0.0). Manually set efficiency to 0.0.
  Working on index: (2, 1, 1)
    Raw mean ± std: 0.0061888 ± 0.0000609. Shifted mean: 0.0061888
  Working on index: (2, 1, 2)
    Raw mean ± std: 0.0054359 ± 0.0000774. Shifted mean: 0.0054359
  Working on index: (2, 2, 1)
    Raw mean ± std: 0.0041056 ± 0.0001959. Shifted mean: 0.0041056
  Working on index: (2, 2, 2)
    Raw mean ± std: 0.0029556 ± 0.0002661. Shifted mean: 0.0029556
  Working on index: (3, 1, 1)
    Raw mean ± std: 0.0319442 ± 0.0001010. Shifted mean: 0.0319442
  Working on index: (3, 1, 2)
    Raw mean ± std: 0.0521514 ± 0.0001744. Shifted mean: 0.0521514
  Working on index: (3, 2, 1)
    Raw mean ± std: 0.0647357 ± 0.0004199. Shifted mean: 0.0647357
  Working on index: (3, 2, 2)
    Raw mean ± std: 0.0974447 ± 0.0007116. Shifted mean: 0.0974447
  Working on index: (4, 1, 1)
    Raw mean ± std: 0.0227497 ± 0.0000665. Shifted mean: 0.0227497
  Working on index: (4, 1, 2)
    Raw mean ± std: 0.0458363 ± 0.0001248. Shifted mean: 0.0458363
  Working on index: (4, 2, 1)
    Raw mean ± std: 0.0593282 ± 0.0002403. Shifted mean: 0.0593282
  Working on index: (4, 2, 2)
    Raw mean ± std: 0.0923515 ± 0.0004041. Shifted mean: 0.0923515
  Working on index: (5, 1, 1)
    Raw mean ± std: 0.0085068 ± 0.0000402. Shifted mean: 0.0085068
  Working on index: (5, 1, 2)
    Raw mean ± std: 0.0161495 ± 0.0000727. Shifted mean: 0.0161495
  Working on index: (5, 2, 1)
    Raw mean ± std: 0.0311137 ± 0.0001173. Shifted mean: 0.0311137
  Working on index: (5, 2, 2)
    Raw mean ± std: 0.0444230 ± 0.0001890. Shifted mean: 0.0444230
  Working on index: (6, 1, 1)
    Raw mean ± std: 0.0362413 ± 0.0001699. Shifted mean: 0.0362413
  Working on index: (6, 1, 2)
    Raw mean ± std: 0.0426212 ± 0.0002450. Shifted mean: 0.0426212
  Working on index: (6, 2, 1)
    Raw mean ± std: 0.0445882 ± 0.0001915. Shifted mean: 0.0445882
  Working on index: (6, 2, 2)
    Raw mean ± std: 0.0579063 ± 0.0002926. Shifted mean: 0.0579063
Copy pTrueToPTag and shift means...
  Working on index: (1, 1, 1)
    Zero or negative efficiency uncertainty found (0.0). Manually set efficiency to 0.0.
  Working on index: (1, 1, 2)
    Zero or negative efficiency uncertainty found (0.0). Manually set efficiency to 0.0.
  Working on index: (1, 2, 1)
    Zero or negative efficiency uncertainty found (0.0). Manually set efficiency to 0.0.
  Working on index: (1, 2, 2)
    Zero or negative efficiency uncertainty found (0.0). Manually set efficiency to 0.0.
  Working on index: (2, 1, 1)
    Raw mean ± std: 0.0172844 ± 0.0000927. Shifted mean: 0.0172844
  Working on index: (2, 1, 2)
    Raw mean ± std: 0.0110541 ± 0.0000768. Shifted mean: 0.0110541
  Working on index: (2, 2, 1)
    Raw mean ± std: 0.0129918 ± 0.0001284. Shifted mean: 0.0129918
  Working on index: (2, 2, 2)
    Raw mean ± std: 0.0058439 ± 0.0000987. Shifted mean: 0.0058439
  Working on index: (3, 1, 1)
    Raw mean ± std: 0.6245746 ± 0.0002974. Shifted mean: 0.6245746
  Working on index: (3, 1, 2)
    Raw mean ± std: 0.5121817 ± 0.0003136. Shifted mean: 0.5121817
  Working on index: (3, 2, 1)
    Raw mean ± std: 0.3520188 ± 0.0003416. Shifted mean: 0.3520188
  Working on index: (3, 2, 2)
    Raw mean ± std: 0.2696561 ± 0.0003508. Shifted mean: 0.2696561
  Working on index: (4, 1, 1)
    Raw mean ± std: 0.8833636 ± 0.0001743. Shifted mean: 0.8833636
  Working on index: (4, 1, 2)
    Raw mean ± std: 0.8063796 ± 0.0002098. Shifted mean: 0.8063796
  Working on index: (4, 2, 1)
    Raw mean ± std: 0.5950254 ± 0.0002757. Shifted mean: 0.5950254
  Working on index: (4, 2, 2)
    Raw mean ± std: 0.4710696 ± 0.0002996. Shifted mean: 0.4710696
  Working on index: (5, 1, 1)
    Raw mean ± std: 0.9050991 ± 0.0001578. Shifted mean: 0.9050991
  Working on index: (5, 1, 2)
    Raw mean ± std: 0.8448019 ± 0.0001904. Shifted mean: 0.8448019
  Working on index: (5, 2, 1)
    Raw mean ± std: 0.8105592 ± 0.0002490. Shifted mean: 0.8105592
  Working on index: (5, 2, 2)
    Raw mean ± std: 0.6968206 ± 0.0003030. Shifted mean: 0.6968206
  Working on index: (6, 1, 1)
    Raw mean ± std: 0.8596575 ± 0.0004263. Shifted mean: 0.8596575
  Working on index: (6, 1, 2)
    Raw mean ± std: 0.7980739 ± 0.0005215. Shifted mean: 0.7980739
  Working on index: (6, 2, 1)
    Raw mean ± std: 0.8455108 ± 0.0003440. Shifted mean: 0.8455108
  Working on index: (6, 2, 2)
    Raw mean ± std: 0.7798414 ± 0.0004014. Shifted mean: 0.7798414
Copy pTrueToGTag and shift means...
  Working on index: (1, 1, 1)
    Raw mean ± std: 0.9667204 ± 0.0005632. Shifted mean: 0.9667204
  Working on index: (1, 1, 2)
    Raw mean ± std: 0.9427450 ± 0.0007475. Shifted mean: 0.9427450
  Working on index: (1, 2, 1)
    Raw mean ± std: 0.8150078 ± 0.0053736. Shifted mean: 0.8150078
  Working on index: (1, 2, 2)
    Raw mean ± std: 0.6865450 ± 0.0168459. Shifted mean: 0.6865450
  Working on index: (2, 1, 1)
    Raw mean ± std: 0.8787944 ± 0.0002375. Shifted mean: 0.8787944
  Working on index: (2, 1, 2)
    Raw mean ± std: 0.8760355 ± 0.0002505. Shifted mean: 0.8760355
  Working on index: (2, 2, 1)
    Raw mean ± std: 0.7251505 ± 0.0005311. Shifted mean: 0.7251505
  Working on index: (2, 2, 2)
    Raw mean ± std: 0.7143628 ± 0.0006420. Shifted mean: 0.7143628
  Working on index: (3, 1, 1)
    Raw mean ± std: 0.2142726 ± 0.0002511. Shifted mean: 0.2142726
  Working on index: (3, 1, 2)
    Raw mean ± std: 0.2978664 ± 0.0002873. Shifted mean: 0.2978664
  Working on index: (3, 2, 1)
    Raw mean ± std: 0.3281978 ± 0.0003395. Shifted mean: 0.3281978
  Working on index: (3, 2, 2)
    Raw mean ± std: 0.3862205 ± 0.0003977. Shifted mean: 0.3862205
  Working on index: (4, 1, 1)
    Raw mean ± std: 0.0959145 ± 0.0001513. Shifted mean: 0.0959145
  Working on index: (4, 1, 2)
    Raw mean ± std: 0.1613458 ± 0.0001914. Shifted mean: 0.1613458
  Working on index: (4, 2, 1)
    Raw mean ± std: 0.1786678 ± 0.0002156. Shifted mean: 0.1786678
  Working on index: (4, 2, 2)
    Raw mean ± std: 0.2386013 ± 0.0002600. Shifted mean: 0.2386013
  Working on index: (5, 1, 1)
    Raw mean ± std: 0.0861462 ± 0.0001350. Shifted mean: 0.0861462
  Working on index: (5, 1, 2)
    Raw mean ± std: 0.1424974 ± 0.0001744. Shifted mean: 0.1424974
  Working on index: (5, 2, 1)
    Raw mean ± std: 0.1107690 ± 0.0001974. Shifted mean: 0.1107690
  Working on index: (5, 2, 2)
    Raw mean ± std: 0.1717582 ± 0.0002490. Shifted mean: 0.1717582
  Working on index: (6, 1, 1)
    Raw mean ± std: 0.1115773 ± 0.0003605. Shifted mean: 0.1115773
  Working on index: (6, 1, 2)
    Raw mean ± std: 0.1668752 ± 0.0004661. Shifted mean: 0.1668752
  Working on index: (6, 2, 1)
    Raw mean ± std: 0.1103487 ± 0.0002912. Shifted mean: 0.1103487
  Working on index: (6, 2, 2)
    Raw mean ± std: 0.1629810 ± 0.0003541. Shifted mean: 0.1629810
Copy piTrueToETag and shift means...
  Working on index: (1, 1, 1)
    Raw mean ± std: 0.0010693 ± 0.0000382. Shifted mean: 0.0010693
  Working on index: (1, 1, 2)
    Raw mean ± std: 0.0026156 ± 0.0000783. Shifted mean: 0.0026156
  Working on index: (1, 2, 1)
    Raw mean ± std: 0.0032993 ± 0.0005288. Shifted mean: 0.0032993
  Working on index: (1, 2, 2)
    Raw mean ± std: 0.0046926 ± 0.0011555. Shifted mean: 0.0046926
  Working on index: (2, 1, 1)
    Raw mean ± std: 0.0044960 ± 0.0000424. Shifted mean: 0.0044960
  Working on index: (2, 1, 2)
    Raw mean ± std: 0.0071900 ± 0.0000735. Shifted mean: 0.0071900
  Working on index: (2, 2, 1)
    Raw mean ± std: 0.0033651 ± 0.0001681. Shifted mean: 0.0033651
  Working on index: (2, 2, 2)
    Raw mean ± std: 0.0055435 ± 0.0003042. Shifted mean: 0.0055435
  Working on index: (3, 1, 1)
    Raw mean ± std: 0.0179833 ± 0.0000673. Shifted mean: 0.0179833
  Working on index: (3, 1, 2)
    Raw mean ± std: 0.0215432 ± 0.0000999. Shifted mean: 0.0215432
  Working on index: (3, 2, 1)
    Raw mean ± std: 0.0056070 ± 0.0001243. Shifted mean: 0.0056070
  Working on index: (3, 2, 2)
    Raw mean ± std: 0.0075993 ± 0.0002038. Shifted mean: 0.0075993
  Working on index: (4, 1, 1)
    Raw mean ± std: 0.0259033 ± 0.0000674. Shifted mean: 0.0259033
  Working on index: (4, 1, 2)
    Raw mean ± std: 0.0271814 ± 0.0000924. Shifted mean: 0.0271814
  Working on index: (4, 2, 1)
    Raw mean ± std: 0.0102407 ± 0.0000996. Shifted mean: 0.0102407
  Working on index: (4, 2, 2)
    Raw mean ± std: 0.0111601 ± 0.0001434. Shifted mean: 0.0111601
  Working on index: (5, 1, 1)
    Raw mean ± std: 0.0284369 ± 0.0000722. Shifted mean: 0.0284369
  Working on index: (5, 1, 2)
    Raw mean ± std: 0.0279527 ± 0.0000957. Shifted mean: 0.0279527
  Working on index: (5, 2, 1)
    Raw mean ± std: 0.0136212 ± 0.0000777. Shifted mean: 0.0136212
  Working on index: (5, 2, 2)
    Raw mean ± std: 0.0129812 ± 0.0001044. Shifted mean: 0.0129812
  Working on index: (6, 1, 1)
    Raw mean ± std: 0.0216559 ± 0.0001422. Shifted mean: 0.0216559
  Working on index: (6, 1, 2)
    Raw mean ± std: 0.0202610 ± 0.0001844. Shifted mean: 0.0202610
  Working on index: (6, 2, 1)
    Raw mean ± std: 0.0109854 ± 0.0001009. Shifted mean: 0.0109854
  Working on index: (6, 2, 2)
    Raw mean ± std: 0.0096393 ± 0.0001282. Shifted mean: 0.0096393
Copy pTrueToPiTag and shift means...
  Working on index: (1, 1, 1)
    Raw mean ± std: 0.0312256 ± 0.0005479. Shifted mean: 0.0312256
  Working on index: (1, 1, 2)
    Raw mean ± std: 0.0525120 ± 0.0007246. Shifted mean: 0.0525120
  Working on index: (1, 2, 1)
    Raw mean ± std: 0.1770142 ± 0.0052538. Shifted mean: 0.1770142
  Working on index: (1, 2, 2)
    Raw mean ± std: 0.2886827 ± 0.0162962. Shifted mean: 0.2886827
  Working on index: (2, 1, 1)
    Raw mean ± std: 0.0179056 ± 0.0001091. Shifted mean: 0.0179056
  Working on index: (2, 1, 2)
    Raw mean ± std: 0.0290249 ± 0.0001414. Shifted mean: 0.0290249
  Working on index: (2, 2, 1)
    Raw mean ± std: 0.1771950 ± 0.0004638. Shifted mean: 0.1771950
  Working on index: (2, 2, 2)
    Raw mean ± std: 0.2097474 ± 0.0005886. Shifted mean: 0.2097474
  Working on index: (3, 1, 1)
    Raw mean ± std: 0.0074478 ± 0.0000720. Shifted mean: 0.0074478
  Working on index: (3, 1, 2)
    Raw mean ± std: 0.0127380 ± 0.0000869. Shifted mean: 0.0127380
  Working on index: (3, 2, 1)
    Raw mean ± std: 0.0921427 ± 0.0002226. Shifted mean: 0.0921427
  Working on index: (3, 2, 2)
    Raw mean ± std: 0.1368345 ± 0.0002938. Shifted mean: 0.1368345
  Working on index: (4, 1, 1)
    Raw mean ± std: 0.0041860 ± 0.0000640. Shifted mean: 0.0041860
  Working on index: (4, 1, 2)
    Raw mean ± std: 0.0065730 ± 0.0000630. Shifted mean: 0.0065730
  Working on index: (4, 2, 1)
    Raw mean ± std: 0.0585624 ± 0.0001406. Shifted mean: 0.0585624
  Working on index: (4, 2, 2)
    Raw mean ± std: 0.0963725 ± 0.0001875. Shifted mean: 0.0963725
  Working on index: (5, 1, 1)
    Raw mean ± std: 0.0033649 ± 0.0000688. Shifted mean: 0.0033649
  Working on index: (5, 1, 2)
    Raw mean ± std: 0.0047503 ± 0.0000678. Shifted mean: 0.0047503
  Working on index: (5, 2, 1)
    Raw mean ± std: 0.0288944 ± 0.0001162. Shifted mean: 0.0288944
  Working on index: (5, 2, 2)
    Raw mean ± std: 0.0504749 ± 0.0001545. Shifted mean: 0.0504749
  Working on index: (6, 1, 1)
    Raw mean ± std: 0.0091989 ± 0.0001889. Shifted mean: 0.0091989
  Working on index: (6, 1, 2)
    Raw mean ± std: 0.0114718 ± 0.0002086. Shifted mean: 0.0114718
  Working on index: (6, 2, 1)
    Raw mean ± std: 0.0149427 ± 0.0001413. Shifted mean: 0.0149427
  Working on index: (6, 2, 2)
    Raw mean ± std: 0.0202627 ± 0.0001571. Shifted mean: 0.0202627
Copy piTrueToKTag and shift means...
  Working on index: (1, 1, 1)
    Zero or negative efficiency uncertainty found (0.0). Manually set efficiency to 0.0.
  Working on index: (1, 1, 2)
    Zero or negative efficiency uncertainty found (0.0). Manually set efficiency to 0.0.
  Working on index: (1, 2, 1)
    Zero or negative efficiency uncertainty found (0.0). Manually set efficiency to 0.0.
  Working on index: (1, 2, 2)
    Zero or negative efficiency uncertainty found (0.0). Manually set efficiency to 0.0.
  Working on index: (2, 1, 1)
    Raw mean ± std: 0.0023972 ± 0.0000314. Shifted mean: 0.0023972
  Working on index: (2, 1, 2)
    Raw mean ± std: 0.0046064 ± 0.0000601. Shifted mean: 0.0046064
  Working on index: (2, 2, 1)
    Raw mean ± std: 0.0055569 ± 0.0001839. Shifted mean: 0.0055569
  Working on index: (2, 2, 2)
    Raw mean ± std: 0.0095612 ± 0.0003449. Shifted mean: 0.0095612
  Working on index: (3, 1, 1)
    Raw mean ± std: 0.0048063 ± 0.0000418. Shifted mean: 0.0048063
  Working on index: (3, 1, 2)
    Raw mean ± std: 0.0108033 ± 0.0000815. Shifted mean: 0.0108033
  Working on index: (3, 2, 1)
    Raw mean ± std: 0.0191280 ± 0.0002242. Shifted mean: 0.0191280
  Working on index: (3, 2, 2)
    Raw mean ± std: 0.0286064 ± 0.0003803. Shifted mean: 0.0286064
  Working on index: (4, 1, 1)
    Raw mean ± std: 0.0030295 ± 0.0000410. Shifted mean: 0.0030295
  Working on index: (4, 1, 2)
    Raw mean ± std: 0.0061415 ± 0.0000731. Shifted mean: 0.0061415
  Working on index: (4, 2, 1)
    Raw mean ± std: 0.0174158 ± 0.0001466. Shifted mean: 0.0174158
  Working on index: (4, 2, 2)
    Raw mean ± std: 0.0277781 ± 0.0002517. Shifted mean: 0.0277781
  Working on index: (5, 1, 1)
    Raw mean ± std: 0.0424139 ± 0.0000977. Shifted mean: 0.0424139
  Working on index: (5, 1, 2)
    Raw mean ± std: 0.0498939 ± 0.0001452. Shifted mean: 0.0498939
  Working on index: (5, 2, 1)
    Raw mean ± std: 0.0432134 ± 0.0001576. Shifted mean: 0.0432134
  Working on index: (5, 2, 2)
    Raw mean ± std: 0.0585860 ± 0.0002531. Shifted mean: 0.0585860
  Working on index: (6, 1, 1)
    Raw mean ± std: 0.1478249 ± 0.0003506. Shifted mean: 0.1478249
  Working on index: (6, 1, 2)
    Raw mean ± std: 0.1611213 ± 0.0004920. Shifted mean: 0.1611213
  Working on index: (6, 2, 1)
    Raw mean ± std: 0.1567272 ± 0.0003603. Shifted mean: 0.1567272
  Working on index: (6, 2, 2)
    Raw mean ± std: 0.1747383 ± 0.0005092. Shifted mean: 0.1747383
Copy kTrueToGTag and shift means...
  Working on index: (1, 1, 1)
    Raw mean ± std: 0.9439777 ± 0.0011235. Shifted mean: 0.9439777
  Working on index: (1, 1, 2)
    Raw mean ± std: 0.9161615 ± 0.0015863. Shifted mean: 0.9161615
  Working on index: (1, 2, 1)
    Raw mean ± std: 0.8424119 ± 0.0109000. Shifted mean: 0.8424119
  Working on index: (1, 2, 2)
    Raw mean ± std: 0.8075501 ± 0.0146879. Shifted mean: 0.8075501
  Working on index: (2, 1, 1)
    Raw mean ± std: 0.8395063 ± 0.0003592. Shifted mean: 0.8395063
  Working on index: (2, 1, 2)
    Raw mean ± std: 0.8423450 ± 0.0004936. Shifted mean: 0.8423450
  Working on index: (2, 2, 1)
    Raw mean ± std: 0.7471599 ± 0.0019219. Shifted mean: 0.7471599
  Working on index: (2, 2, 2)
    Raw mean ± std: 0.7380876 ± 0.0028247. Shifted mean: 0.7380876
  Working on index: (3, 1, 1)
    Raw mean ± std: 0.0885176 ± 0.0001638. Shifted mean: 0.0885176
  Working on index: (3, 1, 2)
    Raw mean ± std: 0.1517691 ± 0.0002806. Shifted mean: 0.1517691
  Working on index: (3, 2, 1)
    Raw mean ± std: 0.1742021 ± 0.0006884. Shifted mean: 0.1742021
  Working on index: (3, 2, 2)
    Raw mean ± std: 0.2492877 ± 0.0011357. Shifted mean: 0.2492877
  Working on index: (4, 1, 1)
    Raw mean ± std: 0.0394819 ± 0.0000897. Shifted mean: 0.0394819
  Working on index: (4, 1, 2)
    Raw mean ± std: 0.0885090 ± 0.0001708. Shifted mean: 0.0885090
  Working on index: (4, 2, 1)
    Raw mean ± std: 0.0832892 ± 0.0002942. Shifted mean: 0.0832892
  Working on index: (4, 2, 2)
    Raw mean ± std: 0.1389620 ± 0.0005105. Shifted mean: 0.1389620
  Working on index: (5, 1, 1)
    Raw mean ± std: 0.0282855 ± 0.0000791. Shifted mean: 0.0282855
  Working on index: (5, 1, 2)
    Raw mean ± std: 0.0651141 ± 0.0001465. Shifted mean: 0.0651141
  Working on index: (5, 2, 1)
    Raw mean ± std: 0.0429293 ± 0.0001460. Shifted mean: 0.0429293
  Working on index: (5, 2, 2)
    Raw mean ± std: 0.0824966 ± 0.0002595. Shifted mean: 0.0824966
  Working on index: (6, 1, 1)
    Raw mean ± std: 0.0419712 ± 0.0002090. Shifted mean: 0.0419712
  Working on index: (6, 1, 2)
    Raw mean ± std: 0.0728612 ± 0.0003490. Shifted mean: 0.0728612
  Working on index: (6, 2, 1)
    Raw mean ± std: 0.0595185 ± 0.0002374. Shifted mean: 0.0595185
  Working on index: (6, 2, 2)
    Raw mean ± std: 0.0934621 ± 0.0003870. Shifted mean: 0.0934621
Combining eTrueToMuTag...
  Working on index: (1, 1, 1)
    Raw mean ± std: 0.0014169 ± 0.0017902. Shifted mean: 0.0019038
    Raw mean ± std: 0.9366065 ± 0.0040042. Shifted mean: 0.9366065
  Working on index: (1, 1, 2)
    INFO: Raw mean not in [0, 1]!
    Raw mean ± std: -0.0023987 ± 0.0046209. Shifted mean: 0.0023723
    Raw mean ± std: 0.9244946 ± 0.0110794. Shifted mean: 0.9244946
  Working on index: (1, 2, 1)
  Working on index: (1, 2, 2)
  Working on index: (2, 1, 1)
    Raw mean ± std: 0.0009079 ± 0.0010253. Shifted mean: 0.0011517
    Raw mean ± std: 0.9703408 ± 0.0018650. Shifted mean: 0.9703408
  Working on index: (2, 1, 2)
    Raw mean ± std: 0.0011852 ± 0.0023102. Shifted mean: 0.0020878
    Raw mean ± std: 0.9554262 ± 0.0044293. Shifted mean: 0.9554262
  Working on index: (2, 2, 1)
    Raw mean ± std: 0.0015428 ± 0.0016105. Shifted mean: 0.0018866
    Raw mean ± std: 0.9518496 ± 0.0445341. Shifted mean: 0.9440061
  Working on index: (2, 2, 2)
  Working on index: (3, 1, 1)
    INFO: Raw mean not in [0, 1]!
    Raw mean ± std: -0.0000927 ± 0.0006954. Shifted mean: 0.0004361
    Raw mean ± std: 0.9841669 ± 0.0011443. Shifted mean: 0.9841669
  Working on index: (3, 1, 2)
    Raw mean ± std: 0.0008475 ± 0.0014469. Shifted mean: 0.0013643
    Raw mean ± std: 0.9745897 ± 0.0025869. Shifted mean: 0.9745897
  Working on index: (3, 2, 1)
    Raw mean ± std: 0.0151599 ± 0.0056979. Shifted mean: 0.0151878
    Raw mean ± std: 0.9679543 ± 0.0075149. Shifted mean: 0.9679542
  Working on index: (3, 2, 2)
    INFO: Raw mean not in [0, 1]!
    WARNING: Raw and shifted means are significantly different!
    Raw mean ± std: -0.0178629 ± 0.0106173. Shifted mean: 0.0032992
    INFO: Raw mean not in [0, 1]!
    Raw mean ± std: 1.0044808 ± 0.0185252. Shifted mean: 0.9890359
  Working on index: (4, 1, 1)
    WARNING: Raw and shifted means are significantly different!
    Raw mean ± std: 0.0000631 ± 0.0005221. Shifted mean: 0.0003766
    Raw mean ± std: 0.9924617 ± 0.0007520. Shifted mean: 0.9924617
  Working on index: (4, 1, 2)
    Raw mean ± std: 0.0022096 ± 0.0009958. Shifted mean: 0.0022261
    Raw mean ± std: 0.9860909 ± 0.0015303. Shifted mean: 0.9860909
  Working on index: (4, 2, 1)
    INFO: Raw mean not in [0, 1]!
    Raw mean ± std: -0.0004082 ± 0.0020615. Shifted mean: 0.0012488
    Raw mean ± std: 0.9904181 ± 0.0028005. Shifted mean: 0.9904170
  Working on index: (4, 2, 2)
    INFO: Raw mean not in [0, 1]!
    Raw mean ± std: -0.0045954 ± 0.0036878. Shifted mean: 0.0013595
    Raw mean ± std: 0.9803312 ± 0.0062269. Shifted mean: 0.9803250
  Working on index: (5, 1, 1)
    Raw mean ± std: 0.0001184 ± 0.0003849. Shifted mean: 0.0003088
    Raw mean ± std: 0.9964639 ± 0.0005152. Shifted mean: 0.9964639
  Working on index: (5, 1, 2)
    Raw mean ± std: 0.0014372 ± 0.0007011. Shifted mean: 0.0014550
    Raw mean ± std: 0.9938520 ± 0.0009685. Shifted mean: 0.9938520
  Working on index: (5, 2, 1)
    Raw mean ± std: 0.0004184 ± 0.0011267. Shifted mean: 0.0009378
    Raw mean ± std: 0.9946776 ± 0.0014594. Shifted mean: 0.9946774
  Working on index: (5, 2, 2)
    Raw mean ± std: 0.0048101 ± 0.0023427. Shifted mean: 0.0048689
    Raw mean ± std: 0.9875881 ± 0.0030802. Shifted mean: 0.9875880
  Working on index: (6, 1, 1)
    WARNING: Raw and shifted means are significantly different!
    Raw mean ± std: 0.0000170 ± 0.0006430. Shifted mean: 0.0004400
    Raw mean ± std: 0.9988054 ± 0.0007647. Shifted mean: 0.9987487
  Working on index: (6, 1, 2)
    Raw mean ± std: 0.0035487 ± 0.0014640. Shifted mean: 0.0035628
    Raw mean ± std: 0.9942077 ± 0.0017232. Shifted mean: 0.9942068
  Working on index: (6, 2, 1)
    Raw mean ± std: 0.0021123 ± 0.0015229. Shifted mean: 0.0022704
    Raw mean ± std: 0.9960331 ± 0.0017093. Shifted mean: 0.9960114
  Working on index: (6, 2, 2)
    Raw mean ± std: 0.0022574 ± 0.0022989. Shifted mean: 0.0027305
    Raw mean ± std: 0.9954066 ± 0.0032816. Shifted mean: 0.9950738
  Multiplying histo eTrueToMuTag and eff
  Working on index: (1, 1, 1)
    original: 0.0020326098818592192
    new fac:  0.10728198981120766
  Working on index: (1, 1, 2)
    original: 0.002566061546278191
    new fac:  0.10728198981120766
  Working on index: (1, 2, 1)
    original: 0.0
    new fac:  0.10728198981120766
  Working on index: (1, 2, 2)
    original: 0.0
    new fac:  0.10728198981120766
  Working on index: (2, 1, 1)
    original: 0.0011869116336078514
    new fac:  0.08860075634792004
  Working on index: (2, 1, 2)
    original: 0.002185175432733167
    new fac:  0.08860075634792004
  Working on index: (2, 2, 1)
    original: 0.0019984835526721924
    new fac:  0.08860075634792004
  Working on index: (2, 2, 2)
    original: 0.0
    new fac:  0.08860075634792004
  Working on index: (3, 1, 1)
    original: 0.0004431165114046863
    new fac:  0.15858208955223882
  Working on index: (3, 1, 2)
    original: 0.001399827454658546
    new fac:  0.15858208955223882
  Working on index: (3, 2, 1)
    original: 0.015690606054285156
    new fac:  0.15858208955223882
  Working on index: (3, 2, 2)
    original: 0.0033357713842266613
    new fac:  0.15858208955223882
  Working on index: (4, 1, 1)
    original: 0.0003794996114223271
    new fac:  0.19157088122605365
  Working on index: (4, 1, 2)
    original: 0.0022574949327339327
    new fac:  0.19157088122605365
  Working on index: (4, 2, 1)
    original: 0.001260899773144873
    new fac:  0.19157088122605365
  Working on index: (4, 2, 2)
    original: 0.0013868257319916257
    new fac:  0.19157088122605365
  Working on index: (5, 1, 1)
    original: 0.0003099106825519754
    new fac:  0.32051282051282054
  Working on index: (5, 1, 2)
    original: 0.0014639648993319486
    new fac:  0.32051282051282054
  Working on index: (5, 2, 1)
    original: 0.0009428281286682398
    new fac:  0.32051282051282054
  Working on index: (5, 2, 2)
    original: 0.004930063562091522
    new fac:  0.32051282051282054
  Working on index: (6, 1, 1)
    original: 0.0004406000275629589
    new fac:  0.21739130434782608
  Working on index: (6, 1, 2)
    original: 0.003583518377969477
    new fac:  0.21739130434782608
  Working on index: (6, 2, 1)
    original: 0.0022795337040386054
    new fac:  0.21739130434782608
  Working on index: (6, 2, 2)
    original: 0.002744032578258065
    new fac:  0.21739130434782608
Copy eTrueToPiTag and shift means...
  Working on index: (1, 1, 1)
    INFO: Raw mean not in [0, 1]!
    WARNING: Raw and shifted means are significantly different!
    Raw mean ± std: -0.0169007 ± 0.0060866. Shifted mean: 0.0013279
  Working on index: (1, 1, 2)
    INFO: Raw mean not in [0, 1]!
    WARNING: Raw and shifted means are significantly different!
    Raw mean ± std: -0.0689129 ± 0.0182195. Shifted mean: 0.0030810
  Working on index: (1, 2, 1)
    nan or 0.0 efficiency encountered. Manually set efficiency to 0.0.
  Working on index: (1, 2, 2)
    nan or 0.0 efficiency encountered. Manually set efficiency to 0.0.
  Working on index: (2, 1, 1)
    Raw mean ± std: 0.0019807 ± 0.0031893. Shifted mean: 0.0030699
  Working on index: (2, 1, 2)
    INFO: Raw mean not in [0, 1]!
    Raw mean ± std: -0.0079044 ± 0.0074555. Shifted mean: 0.0029743
  Working on index: (2, 2, 1)
    INFO: Raw mean not in [0, 1]!
    WARNING: Raw and shifted means are significantly different!
    Raw mean ± std: -0.0027415 ± 0.1864559. Shifted mean: 0.1247473
  Working on index: (2, 2, 2)
    WARNING: Very large std!
    Raw mean ± std: 0.2579309 ± 0.5367736. Shifted mean: 0.4162844
  Working on index: (3, 1, 1)
    Raw mean ± std: 0.0178464 ± 0.0023812. Shifted mean: 0.0178464
  Working on index: (3, 1, 2)
    Raw mean ± std: 0.0085888 ± 0.0047467. Shifted mean: 0.0087983
  Working on index: (3, 2, 1)
    Raw mean ± std: 0.0161483 ± 0.0171439. Shifted mean: 0.0198977
  Working on index: (3, 2, 2)
    INFO: Raw mean not in [0, 1]!
    WARNING: Raw and shifted means are significantly different!
    Raw mean ± std: -0.0039509 ± 0.0392972. Shifted mean: 0.0250864
  Working on index: (4, 1, 1)
    Raw mean ± std: 0.0210165 ± 0.0017715. Shifted mean: 0.0210165
  Working on index: (4, 1, 2)
    Raw mean ± std: 0.0282597 ± 0.0032762. Shifted mean: 0.0282597
  Working on index: (4, 2, 1)
    Raw mean ± std: 0.0617256 ± 0.0073000. Shifted mean: 0.0617256
  Working on index: (4, 2, 2)
    Raw mean ± std: 0.0535990 ± 0.0145767. Shifted mean: 0.0536011
  Working on index: (5, 1, 1)
    Raw mean ± std: 0.0221974 ± 0.0014644. Shifted mean: 0.0221974
  Working on index: (5, 1, 2)
    Raw mean ± std: 0.0255079 ± 0.0025676. Shifted mean: 0.0255079
  Working on index: (5, 2, 1)
    Raw mean ± std: 0.0566579 ± 0.0041822. Shifted mean: 0.0566579
  Working on index: (5, 2, 2)
    Raw mean ± std: 0.0595411 ± 0.0079393. Shifted mean: 0.0595411
  Working on index: (6, 1, 1)
    Raw mean ± std: 0.0262440 ± 0.0026020. Shifted mean: 0.0262440
  Working on index: (6, 1, 2)
    Raw mean ± std: 0.0330208 ± 0.0047202. Shifted mean: 0.0330208
  Working on index: (6, 2, 1)
    Raw mean ± std: 0.0433850 ± 0.0055297. Shifted mean: 0.0433850
  Working on index: (6, 2, 2)
    Raw mean ± std: 0.0643350 ± 0.0108758. Shifted mean: 0.0643350
  FIX: bin (2, 2, 2) = 0.4162844 ± 0.5367736 has a large error, replace w/ weighted average of nearby bins
    Looking at nearby bin with index (2, 2, 1)
    Use 0.1247473 ± 0.1864559
    Looking at nearby bin with index (2, 1, 2)
    Use 0.0029743 ± 0.0074555
    Looking at nearby bin with index (1, 2, 2)
    std = 0.0, perhaps the sample does not cover this bin, skipping...
    Looking at nearby bin with index (3, 2, 2)
    Use 0.0250864 ± 0.0392972
    Use weighted average: 0.0039290 ± 0.0073192
Copy eTrueToPTag and shift means...
  Working on index: (1, 1, 1)
    Zero or negative efficiency uncertainty found (0.0). Manually set efficiency to 0.0.
  Working on index: (1, 1, 2)
    Zero or negative efficiency uncertainty found (0.0). Manually set efficiency to 0.0.
  Working on index: (1, 2, 1)
    nan or 0.0 efficiency encountered. Manually set efficiency to 0.0.
  Working on index: (1, 2, 2)
    nan or 0.0 efficiency encountered. Manually set efficiency to 0.0.
  Working on index: (2, 1, 1)
    Raw mean ± std: 0.0004041 ± 0.0002109. Shifted mean: 0.0004114
  Working on index: (2, 1, 2)
    Raw mean ± std: 0.0001855 ± 0.0003778. Shifted mean: 0.0003371
  Working on index: (2, 2, 1)
    INFO: Raw mean not in [0, 1]!
    Raw mean ± std: -0.0206903 ± 0.0221074. Shifted mean: 0.0093177
  Working on index: (2, 2, 2)
    INFO: Raw mean not in [0, 1]!
    Raw mean ± std: -0.0877291 ± 0.1474023. Shifted mean: 0.0728884
  Working on index: (3, 1, 1)
    Raw mean ± std: 0.0081612 ± 0.0009325. Shifted mean: 0.0081612
  Working on index: (3, 1, 2)
    Raw mean ± std: 0.0160361 ± 0.0021281. Shifted mean: 0.0160361
  Working on index: (3, 2, 1)
    Raw mean ± std: 0.0180698 ± 0.0064291. Shifted mean: 0.0180897
  Working on index: (3, 2, 2)
    Raw mean ± std: 0.0150584 ± 0.0146791. Shifted mean: 0.0178810
  Working on index: (4, 1, 1)
    Raw mean ± std: 0.0059013 ± 0.0007164. Shifted mean: 0.0059013
  Working on index: (4, 1, 2)
    Raw mean ± std: 0.0126526 ± 0.0015968. Shifted mean: 0.0126526
  Working on index: (4, 2, 1)
    Raw mean ± std: 0.0112371 ± 0.0026001. Shifted mean: 0.0112371
  Working on index: (4, 2, 2)
    Raw mean ± std: 0.0178211 ± 0.0063905. Shifted mean: 0.0178423
  Working on index: (5, 1, 1)
    Raw mean ± std: 0.0016358 ± 0.0004135. Shifted mean: 0.0016359
  Working on index: (5, 1, 2)
    Raw mean ± std: 0.0039727 ± 0.0008871. Shifted mean: 0.0039727
  Working on index: (5, 2, 1)
    Raw mean ± std: 0.0094275 ± 0.0017250. Shifted mean: 0.0094275
  Working on index: (5, 2, 2)
    Raw mean ± std: 0.0190391 ± 0.0037476. Shifted mean: 0.0190391
  Working on index: (6, 1, 1)
    Raw mean ± std: 0.0045061 ± 0.0009468. Shifted mean: 0.0045061
  Working on index: (6, 1, 2)
    Raw mean ± std: 0.0070629 ± 0.0019663. Shifted mean: 0.0070633
  Working on index: (6, 2, 1)
    Raw mean ± std: 0.0066596 ± 0.0020094. Shifted mean: 0.0066607
  Working on index: (6, 2, 2)
    Raw mean ± std: 0.0088602 ± 0.0046348. Shifted mean: 0.0090226
Copy eTrueToKTag and shift means...
  Working on index: (1, 1, 1)
    Zero or negative efficiency uncertainty found (0.0). Manually set efficiency to 0.0.
  Working on index: (1, 1, 2)
    Zero or negative efficiency uncertainty found (0.0). Manually set efficiency to 0.0.
  Working on index: (1, 2, 1)
    nan or 0.0 efficiency encountered. Manually set efficiency to 0.0.
  Working on index: (1, 2, 2)
    nan or 0.0 efficiency encountered. Manually set efficiency to 0.0.
  Working on index: (2, 1, 1)
    Raw mean ± std: 0.0007438 ± 0.0005360. Shifted mean: 0.0007994
  Working on index: (2, 1, 2)
    Raw mean ± std: 0.0033291 ± 0.0013593. Shifted mean: 0.0033413
  Working on index: (2, 2, 1)
    Raw mean ± std: 0.1385297 ± 0.0966772. Shifted mean: 0.1477453
  Working on index: (2, 2, 2)
    Zero or negative efficiency uncertainty found (0.0). Manually set efficiency to 0.0.
  Working on index: (3, 1, 1)
    Raw mean ± std: 0.0037017 ± 0.0010395. Shifted mean: 0.0037020
  Working on index: (3, 1, 2)
    Raw mean ± std: 0.0024902 ± 0.0023313. Shifted mean: 0.0029095
  Working on index: (3, 2, 1)
    Raw mean ± std: 0.0029285 ± 0.0068941. Shifted mean: 0.0059185
  Working on index: (3, 2, 2)
    Raw mean ± std: 0.0276038 ± 0.0179289. Shifted mean: 0.0289944
  Working on index: (4, 1, 1)
    Raw mean ± std: 0.0013439 ± 0.0007222. Shifted mean: 0.0013723
  Working on index: (4, 1, 2)
    Raw mean ± std: 0.0014613 ± 0.0014784. Shifted mean: 0.0017626
  Working on index: (4, 2, 1)
    Raw mean ± std: 0.0027143 ± 0.0030573. Shifted mean: 0.0034388
  Working on index: (4, 2, 2)
    Raw mean ± std: 0.0101197 ± 0.0063205. Shifted mean: 0.0105532
  Working on index: (5, 1, 1)
    Raw mean ± std: 0.0033814 ± 0.0007051. Shifted mean: 0.0033814
  Working on index: (5, 1, 2)
    Raw mean ± std: 0.0029917 ± 0.0012756. Shifted mean: 0.0030069
  Working on index: (5, 2, 1)
    Raw mean ± std: 0.0096540 ± 0.0019421. Shifted mean: 0.0096540
  Working on index: (5, 2, 2)
    Raw mean ± std: 0.0149768 ± 0.0045681. Shifted mean: 0.0149798
  Working on index: (6, 1, 1)
    Raw mean ± std: 0.0113326 ± 0.0016709. Shifted mean: 0.0113326
  Working on index: (6, 1, 2)
    Raw mean ± std: 0.0072123 ± 0.0028010. Shifted mean: 0.0072299
  Working on index: (6, 2, 1)
    Raw mean ± std: 0.0186447 ± 0.0036351. Shifted mean: 0.0186447
  Working on index: (6, 2, 2)
    Raw mean ± std: 0.0122505 ± 0.0061422. Shifted mean: 0.0124280
Copy eTrueToGTag and shift means...
  Working on index: (1, 1, 1)
    Raw mean ± std: 0.8094056 ± 0.0072229. Shifted mean: 0.8094056
  Working on index: (1, 1, 2)
    Raw mean ± std: 0.8853206 ± 0.0178972. Shifted mean: 0.8853206
  Working on index: (1, 2, 1)
    nan or 0.0 efficiency encountered. Manually set efficiency to 0.0.
  Working on index: (1, 2, 2)
    nan or 0.0 efficiency encountered. Manually set efficiency to 0.0.
  Working on index: (2, 1, 1)
    Raw mean ± std: 0.6065159 ± 0.0045005. Shifted mean: 0.6065159
  Working on index: (2, 1, 2)
    Raw mean ± std: 0.6919640 ± 0.0085864. Shifted mean: 0.6919640
  Working on index: (2, 2, 1)
    Raw mean ± std: 0.1312461 ± 0.1020255. Shifted mean: 0.1439573
  Working on index: (2, 2, 2)
    WARNING: Very large std!
    INFO: Raw mean not in [0, 1]!
    Raw mean ± std: -0.3611456 ± 1.0851052. Shifted mean: 0.4149228
  Working on index: (3, 1, 1)
    Raw mean ± std: 0.2517326 ± 0.0031466. Shifted mean: 0.2517326
  Working on index: (3, 1, 2)
    Raw mean ± std: 0.3101452 ± 0.0060467. Shifted mean: 0.3101452
  Working on index: (3, 2, 1)
    Raw mean ± std: 0.3215729 ± 0.0168224. Shifted mean: 0.3215729
  Working on index: (3, 2, 2)
    Raw mean ± std: 0.3793655 ± 0.0387881. Shifted mean: 0.3793655
  Working on index: (4, 1, 1)
    Raw mean ± std: 0.1430943 ± 0.0021417. Shifted mean: 0.1430943
  Working on index: (4, 1, 2)
    Raw mean ± std: 0.1994246 ± 0.0042201. Shifted mean: 0.1994246
  Working on index: (4, 2, 1)
    Raw mean ± std: 0.1853481 ± 0.0067480. Shifted mean: 0.1853481
  Working on index: (4, 2, 2)
    Raw mean ± std: 0.2600380 ± 0.0146457. Shifted mean: 0.2600380
  Working on index: (5, 1, 1)
    Raw mean ± std: 0.0978568 ± 0.0017534. Shifted mean: 0.0978568
  Working on index: (5, 1, 2)
    Raw mean ± std: 0.1487675 ± 0.0035793. Shifted mean: 0.1487675
  Working on index: (5, 2, 1)
    Raw mean ± std: 0.1383472 ± 0.0042639. Shifted mean: 0.1383472
  Working on index: (5, 2, 2)
    Raw mean ± std: 0.1959519 ± 0.0090049. Shifted mean: 0.1959519
  Working on index: (6, 1, 1)
    Raw mean ± std: 0.0799384 ± 0.0032397. Shifted mean: 0.0799384
  Working on index: (6, 1, 2)
    Raw mean ± std: 0.1328062 ± 0.0067243. Shifted mean: 0.1328062
  Working on index: (6, 2, 1)
    Raw mean ± std: 0.1229324 ± 0.0065929. Shifted mean: 0.1229324
  Working on index: (6, 2, 2)
    Raw mean ± std: 0.1852867 ± 0.0140221. Shifted mean: 0.1852867
  FIX: bin (2, 2, 2) = 0.4149228 ± 1.0851052 has a large error, replace w/ weighted average of nearby bins
    Looking at nearby bin with index (2, 2, 1)
    Use 0.1439573 ± 0.1020255
    Looking at nearby bin with index (2, 1, 2)
    Use 0.6919640 ± 0.0085864
    Looking at nearby bin with index (1, 2, 2)
    std = 0.0, perhaps the sample does not cover this bin, skipping...
    Looking at nearby bin with index (3, 2, 2)
    Use 0.3793655 ± 0.0387881
    Use weighted average: 0.6737837 ± 0.0083553
Copy eTrueToETag and shift means...
  Working on index: (1, 1, 1)
    Raw mean ± std: 0.2074951 ± 0.0055075. Shifted mean: 0.2074951
  Working on index: (1, 1, 2)
    Raw mean ± std: 0.1835923 ± 0.0103374. Shifted mean: 0.1835923
  Working on index: (1, 2, 1)
    nan or 0.0 efficiency encountered. Manually set efficiency to 0.0.
  Working on index: (1, 2, 2)
    nan or 0.0 efficiency encountered. Manually set efficiency to 0.0.
  Working on index: (2, 1, 1)
    Raw mean ± std: 0.3903555 ± 0.0042399. Shifted mean: 0.3903555
  Working on index: (2, 1, 2)
    Raw mean ± std: 0.3124257 ± 0.0072245. Shifted mean: 0.3124257
  Working on index: (2, 2, 1)
    Raw mean ± std: 0.7536560 ± 0.1871462. Shifted mean: 0.7315555
  Working on index: (2, 2, 2)
    WARNING: Very large std!
    INFO: Raw mean not in [0, 1]!
    Raw mean ± std: 1.1909438 ± 1.1839500. Shifted mean: 0.5584171
  Working on index: (3, 1, 1)
    Raw mean ± std: 0.7185581 ± 0.0036707. Shifted mean: 0.7185581
  Working on index: (3, 1, 2)
    Raw mean ± std: 0.6627397 ± 0.0069114. Shifted mean: 0.6627397
  Working on index: (3, 2, 1)
    Raw mean ± std: 0.6412805 ± 0.0200768. Shifted mean: 0.6412805
  Working on index: (3, 2, 2)
    Raw mean ± std: 0.5819233 ± 0.0433407. Shifted mean: 0.5819233
  Working on index: (4, 1, 1)
    Raw mean ± std: 0.8286441 ± 0.0027334. Shifted mean: 0.8286441
  Working on index: (4, 1, 2)
    Raw mean ± std: 0.7582017 ± 0.0051409. Shifted mean: 0.7582017
  Working on index: (4, 2, 1)
    Raw mean ± std: 0.7389750 ± 0.0091832. Shifted mean: 0.7389750
  Working on index: (4, 2, 2)
    Raw mean ± std: 0.6584223 ± 0.0180290. Shifted mean: 0.6584223
  Working on index: (5, 1, 1)
    Raw mean ± std: 0.8749286 ± 0.0022990. Shifted mean: 0.8749286
  Working on index: (5, 1, 2)
    Raw mean ± std: 0.8187601 ± 0.0043470. Shifted mean: 0.8187601
  Working on index: (5, 2, 1)
    Raw mean ± std: 0.7859134 ± 0.0058436. Shifted mean: 0.7859134
  Working on index: (5, 2, 2)
    Raw mean ± std: 0.7104910 ± 0.0114139. Shifted mean: 0.7104910
  Working on index: (6, 1, 1)
    Raw mean ± std: 0.8779788 ± 0.0043521. Shifted mean: 0.8779788
  Working on index: (6, 1, 2)
    Raw mean ± std: 0.8198977 ± 0.0083002. Shifted mean: 0.8198977
  Working on index: (6, 2, 1)
    Raw mean ± std: 0.8083782 ± 0.0087545. Shifted mean: 0.8083782
  Working on index: (6, 2, 2)
    Raw mean ± std: 0.7292677 ± 0.0171438. Shifted mean: 0.7292677
  FIX: bin (2, 2, 2) = 0.5584171 ± 1.1839500 has a large error, replace w/ weighted average of nearby bins
    Looking at nearby bin with index (2, 2, 1)
    Use 0.7315555 ± 0.1871462
    Looking at nearby bin with index (2, 1, 2)
    Use 0.3124257 ± 0.0072245
    Looking at nearby bin with index (1, 2, 2)
    std = 0.0, perhaps the sample does not cover this bin, skipping...
    Looking at nearby bin with index (3, 2, 2)
    Use 0.5819233 ± 0.0433407
    Use weighted average: 0.3203078 ± 0.0071210
Copy gTrueToPiTag and shift means...
  Working on index: (1, 1, 1)
    Raw mean ± std: 0.1663814 ± 0.0004266. Shifted mean: 0.1663814
  Working on index: (1, 1, 2)
    Raw mean ± std: 0.1188184 ± 0.0006406. Shifted mean: 0.1188184
  Working on index: (1, 2, 1)
    Raw mean ± std: 0.0389624 ± 0.0001384. Shifted mean: 0.0389624
  Working on index: (1, 2, 2)
    Raw mean ± std: 0.0323442 ± 0.0002113. Shifted mean: 0.0323442
  Working on index: (2, 1, 1)
    Raw mean ± std: 0.1944733 ± 0.0007537. Shifted mean: 0.1944733
  Working on index: (2, 1, 2)
    Raw mean ± std: 0.1284388 ± 0.0011385. Shifted mean: 0.1284388
  Working on index: (2, 2, 1)
    Raw mean ± std: 0.0756587 ± 0.0002598. Shifted mean: 0.0756587
  Working on index: (2, 2, 2)
    Raw mean ± std: 0.0632650 ± 0.0004023. Shifted mean: 0.0632650
  Working on index: (3, 1, 1)
    Raw mean ± std: 0.1927793 ± 0.0010523. Shifted mean: 0.1927793
  Working on index: (3, 1, 2)
    Raw mean ± std: 0.1200136 ± 0.0016232. Shifted mean: 0.1200136
  Working on index: (3, 2, 1)
    Raw mean ± std: 0.1238112 ± 0.0004389. Shifted mean: 0.1238112
  Working on index: (3, 2, 2)
    Raw mean ± std: 0.1033669 ± 0.0006800. Shifted mean: 0.1033669
  Working on index: (4, 1, 1)
    Raw mean ± std: 0.1653379 ± 0.0012489. Shifted mean: 0.1653379
  Working on index: (4, 1, 2)
    Raw mean ± std: 0.1078423 ± 0.0021044. Shifted mean: 0.1078423
  Working on index: (4, 2, 1)
    Raw mean ± std: 0.1421831 ± 0.0005882. Shifted mean: 0.1421831
  Working on index: (4, 2, 2)
    Raw mean ± std: 0.1216371 ± 0.0009504. Shifted mean: 0.1216371
  Working on index: (5, 1, 1)
    Raw mean ± std: 0.1415685 ± 0.0016380. Shifted mean: 0.1415685
  Working on index: (5, 1, 2)
    Raw mean ± std: 0.0949269 ± 0.0030802. Shifted mean: 0.0949269
  Working on index: (5, 2, 1)
    Raw mean ± std: 0.1387924 ± 0.0007695. Shifted mean: 0.1387924
  Working on index: (5, 2, 2)
    Raw mean ± std: 0.1181088 ± 0.0013323. Shifted mean: 0.1181088
  Working on index: (6, 1, 1)
    Raw mean ± std: 0.0869676 ± 0.0033046. Shifted mean: 0.0869676
  Working on index: (6, 1, 2)
    Raw mean ± std: 0.0670391 ± 0.0078315. Shifted mean: 0.0670391
  Working on index: (6, 2, 1)
    Raw mean ± std: 0.1087709 ± 0.0015314. Shifted mean: 0.1087709
  Working on index: (6, 2, 2)
    Raw mean ± std: 0.0879923 ± 0.0028648. Shifted mean: 0.0879923
Copy gTrueToKTag and shift means...
  Working on index: (1, 1, 1)
    WARNING: Raw and shifted means are significantly different!
    Raw mean ± std: 0.0000000 ± 0.0000024. Shifted mean: 0.0000016
  Working on index: (1, 1, 2)
    WARNING: Raw and shifted means are significantly different!
    Raw mean ± std: 0.0000000 ± 0.0000071. Shifted mean: 0.0000048
  Working on index: (1, 2, 1)
    WARNING: Raw and shifted means are significantly different!
    Raw mean ± std: 0.0000000 ± 0.0000009. Shifted mean: 0.0000006
  Working on index: (1, 2, 2)
    WARNING: Raw and shifted means are significantly different!
    Raw mean ± std: 0.0000000 ± 0.0000026. Shifted mean: 0.0000017
  Working on index: (2, 1, 1)
    Raw mean ± std: 0.0033858 ± 0.0001138. Shifted mean: 0.0033858
  Working on index: (2, 1, 2)
    Raw mean ± std: 0.0024120 ± 0.0001771. Shifted mean: 0.0024120
  Working on index: (2, 2, 1)
    Raw mean ± std: 0.0011237 ± 0.0000338. Shifted mean: 0.0011237
  Working on index: (2, 2, 2)
    Raw mean ± std: 0.0007604 ± 0.0000480. Shifted mean: 0.0007604
  Working on index: (3, 1, 1)
    Raw mean ± std: 0.0426498 ± 0.0005429. Shifted mean: 0.0426498
  Working on index: (3, 1, 2)
    Raw mean ± std: 0.0304650 ± 0.0008709. Shifted mean: 0.0304650
  Working on index: (3, 2, 1)
    Raw mean ± std: 0.0171127 ± 0.0001740. Shifted mean: 0.0171127
  Working on index: (3, 2, 2)
    Raw mean ± std: 0.0121718 ± 0.0002482. Shifted mean: 0.0121718
  Working on index: (4, 1, 1)
    Raw mean ± std: 0.0445830 ± 0.0006994. Shifted mean: 0.0445830
  Working on index: (4, 1, 2)
    Raw mean ± std: 0.0309260 ± 0.0011958. Shifted mean: 0.0309260
  Working on index: (4, 2, 1)
    Raw mean ± std: 0.0401546 ± 0.0003320. Shifted mean: 0.0401546
  Working on index: (4, 2, 2)
    Raw mean ± std: 0.0360425 ± 0.0005458. Shifted mean: 0.0360425
  Working on index: (5, 1, 1)
    Raw mean ± std: 0.0522681 ± 0.0010545. Shifted mean: 0.0522681
  Working on index: (5, 1, 2)
    Raw mean ± std: 0.0371408 ± 0.0020276. Shifted mean: 0.0371408
  Working on index: (5, 2, 1)
    Raw mean ± std: 0.0536923 ± 0.0005036. Shifted mean: 0.0536923
  Working on index: (5, 2, 2)
    Raw mean ± std: 0.0467802 ± 0.0008780. Shifted mean: 0.0467802
  Working on index: (6, 1, 1)
    Raw mean ± std: 0.0728993 ± 0.0030599. Shifted mean: 0.0728993
  Working on index: (6, 1, 2)
    Raw mean ± std: 0.0566640 ± 0.0073092. Shifted mean: 0.0566640
  Working on index: (6, 2, 1)
    Raw mean ± std: 0.0640811 ± 0.0012102. Shifted mean: 0.0640811
  Working on index: (6, 2, 2)
    Raw mean ± std: 0.0510086 ± 0.0022487. Shifted mean: 0.0510086
Combining gTrueToMuTag...
  Working on index: (1, 1, 1)
    Raw mean ± std: 0.0036993 ± 0.0000682. Shifted mean: 0.0036993
    Raw mean ± std: 0.9337291 ± 0.0002758. Shifted mean: 0.9337291
  Working on index: (1, 1, 2)
    Raw mean ± std: 0.0023468 ± 0.0000944. Shifted mean: 0.0023468
    Raw mean ± std: 0.9088676 ± 0.0005435. Shifted mean: 0.9088676
  Working on index: (1, 2, 1)
    Raw mean ± std: 0.0053713 ± 0.0000508. Shifted mean: 0.0053713
    Raw mean ± std: 0.9344473 ± 0.0001710. Shifted mean: 0.9344473
  Working on index: (1, 2, 2)
    Raw mean ± std: 0.0039274 ± 0.0000717. Shifted mean: 0.0039274
    Raw mean ± std: 0.9011951 ± 0.0003373. Shifted mean: 0.9011951
  Working on index: (2, 1, 1)
    Raw mean ± std: 0.0042074 ± 0.0001228. Shifted mean: 0.0042074
    Raw mean ± std: 0.9453103 ± 0.0004226. Shifted mean: 0.9453103
  Working on index: (2, 1, 2)
    Raw mean ± std: 0.0030970 ± 0.0001907. Shifted mean: 0.0030970
    Raw mean ± std: 0.9227523 ± 0.0008748. Shifted mean: 0.9227523
  Working on index: (2, 2, 1)
    Raw mean ± std: 0.0050201 ± 0.0000682. Shifted mean: 0.0050201
    Raw mean ± std: 0.9445555 ± 0.0002186. Shifted mean: 0.9445555
  Working on index: (2, 2, 2)
    Raw mean ± std: 0.0036359 ± 0.0000969. Shifted mean: 0.0036359
    Raw mean ± std: 0.9135041 ± 0.0004434. Shifted mean: 0.9135041
  Working on index: (3, 1, 1)
    Raw mean ± std: 0.0042126 ± 0.0001767. Shifted mean: 0.0042126
    Raw mean ± std: 0.9762842 ± 0.0004056. Shifted mean: 0.9762842
  Working on index: (3, 1, 2)
    Raw mean ± std: 0.0029867 ± 0.0002888. Shifted mean: 0.0029867
    Raw mean ± std: 0.9680166 ± 0.0008762. Shifted mean: 0.9680166
  Working on index: (3, 2, 1)
    Raw mean ± std: 0.0031436 ± 0.0000750. Shifted mean: 0.0031436
    Raw mean ± std: 0.9719804 ± 0.0002177. Shifted mean: 0.9719804
  Working on index: (3, 2, 2)
    Raw mean ± std: 0.0023659 ± 0.0001104. Shifted mean: 0.0023659
    Raw mean ± std: 0.9590759 ± 0.0004351. Shifted mean: 0.9590759
  Working on index: (4, 1, 1)
    Raw mean ± std: 0.0040185 ± 0.0002204. Shifted mean: 0.0040185
    Raw mean ± std: 0.9833786 ± 0.0004339. Shifted mean: 0.9833786
  Working on index: (4, 1, 2)
    Raw mean ± std: 0.0034662 ± 0.0004316. Shifted mean: 0.0034662
    Raw mean ± std: 0.9779029 ± 0.0010106. Shifted mean: 0.9779029
  Working on index: (4, 2, 1)
    Raw mean ± std: 0.0020437 ± 0.0000779. Shifted mean: 0.0020437
    Raw mean ± std: 0.9841686 ± 0.0002105. Shifted mean: 0.9841686
  Working on index: (4, 2, 2)
    Raw mean ± std: 0.0015385 ± 0.0001201. Shifted mean: 0.0015385
    Raw mean ± std: 0.9779478 ± 0.0004270. Shifted mean: 0.9779478
  Working on index: (5, 1, 1)
    Raw mean ± std: 0.0047565 ± 0.0003378. Shifted mean: 0.0047565
    Raw mean ± std: 0.9795789 ± 0.0006712. Shifted mean: 0.9795789
  Working on index: (5, 1, 2)
    Raw mean ± std: 0.0028372 ± 0.0006428. Shifted mean: 0.0028372
    Raw mean ± std: 0.9766947 ± 0.0016197. Shifted mean: 0.9766947
  Working on index: (5, 2, 1)
    Raw mean ± std: 0.0016935 ± 0.0000955. Shifted mean: 0.0016935
    Raw mean ± std: 0.9903339 ± 0.0002204. Shifted mean: 0.9903339
  Working on index: (5, 2, 2)
    Raw mean ± std: 0.0013670 ± 0.0001670. Shifted mean: 0.0013670
    Raw mean ± std: 0.9882733 ± 0.0004534. Shifted mean: 0.9882733
  Working on index: (6, 1, 1)
    Raw mean ± std: 0.0054726 ± 0.0009526. Shifted mean: 0.0054726
    Raw mean ± std: 0.9725124 ± 0.0019469. Shifted mean: 0.9725124
  Working on index: (6, 1, 2)
    Raw mean ± std: 0.0030581 ± 0.0024114. Shifted mean: 0.0033683
    Raw mean ± std: 0.9579511 ± 0.0063106. Shifted mean: 0.9579511
  Working on index: (6, 2, 1)
    Raw mean ± std: 0.0022098 ± 0.0002505. Shifted mean: 0.0022098
    Raw mean ± std: 0.9884162 ± 0.0005394. Shifted mean: 0.9884162
  Working on index: (6, 2, 2)
    Raw mean ± std: 0.0019951 ± 0.0005366. Shifted mean: 0.0019951
    Raw mean ± std: 0.9889797 ± 0.0011143. Shifted mean: 0.9889797
Copy gTrueToGTag and shift means...
  Working on index: (1, 1, 1)
    Raw mean ± std: 0.8225412 ± 0.0004376. Shifted mean: 0.8225412
  Working on index: (1, 1, 2)
    Raw mean ± std: 0.8741679 ± 0.0006564. Shifted mean: 0.8741679
  Working on index: (1, 2, 1)
    Raw mean ± std: 0.9387665 ± 0.0001714. Shifted mean: 0.9387665
  Working on index: (1, 2, 2)
    Raw mean ± std: 0.9534958 ± 0.0002513. Shifted mean: 0.9534958
  Working on index: (2, 1, 1)
    Raw mean ± std: 0.7901988 ± 0.0007752. Shifted mean: 0.7901988
  Working on index: (2, 1, 2)
    Raw mean ± std: 0.8633012 ± 0.0011686. Shifted mean: 0.8633012
  Working on index: (2, 2, 1)
    Raw mean ± std: 0.9023431 ± 0.0002915. Shifted mean: 0.9023431
  Working on index: (2, 2, 2)
    Raw mean ± std: 0.9229230 ± 0.0004405. Shifted mean: 0.9229230
  Working on index: (3, 1, 1)
    Raw mean ± std: 0.6951233 ± 0.0012263. Shifted mean: 0.6951233
  Working on index: (3, 1, 2)
    Raw mean ± std: 0.8074195 ± 0.0019633. Shifted mean: 0.8074195
  Working on index: (3, 2, 1)
    Raw mean ± std: 0.8255597 ± 0.0005054. Shifted mean: 0.8255597
  Working on index: (3, 2, 2)
    Raw mean ± std: 0.8633083 ± 0.0007665. Shifted mean: 0.8633083
  Working on index: (4, 1, 1)
    Raw mean ± std: 0.7039083 ± 0.0015312. Shifted mean: 0.7039083
  Working on index: (4, 1, 2)
    Raw mean ± std: 0.8021710 ± 0.0026872. Shifted mean: 0.8021710
  Working on index: (4, 2, 1)
    Raw mean ± std: 0.7497869 ± 0.0007287. Shifted mean: 0.7497869
  Working on index: (4, 2, 2)
    Raw mean ± std: 0.8026736 ± 0.0011549. Shifted mean: 0.8026736
  Working on index: (5, 1, 1)
    Raw mean ± std: 0.7342570 ± 0.0020679. Shifted mean: 0.7342570
  Working on index: (5, 1, 2)
    Raw mean ± std: 0.8187571 ± 0.0040089. Shifted mean: 0.8187571
  Working on index: (5, 2, 1)
    Raw mean ± std: 0.7202593 ± 0.0009971. Shifted mean: 0.7202593
  Working on index: (5, 2, 2)
    Raw mean ± std: 0.7780981 ± 0.0017093. Shifted mean: 0.7780981
  Working on index: (6, 1, 1)
    Raw mean ± std: 0.7778488 ± 0.0048008. Shifted mean: 0.7778488
  Working on index: (6, 1, 2)
    Raw mean ± std: 0.8276137 ± 0.0113383. Shifted mean: 0.8276137
  Working on index: (6, 2, 1)
    Raw mean ± std: 0.7401690 ± 0.0021448. Shifted mean: 0.7401690
  Working on index: (6, 2, 2)
    Raw mean ± std: 0.7918348 ± 0.0040555. Shifted mean: 0.7918348
Copy gTrueToPTag and shift means...
  Working on index: (1, 1, 1)
    WARNING: Raw and shifted means are significantly different!
./scripts/merge_histo.py:134: RuntimeWarning: divide by zero encountered in double_scalars
  if max(abs(shifted / mean), abs(mean / shifted)) > 5:
    Raw mean ± std: 0.0000000 ± 0.0000024. Shifted mean: 0.0000016
  Working on index: (1, 1, 2)
    WARNING: Raw and shifted means are significantly different!
    Raw mean ± std: 0.0000000 ± 0.0000071. Shifted mean: 0.0000048
  Working on index: (1, 2, 1)
    WARNING: Raw and shifted means are significantly different!
    Raw mean ± std: 0.0000000 ± 0.0000009. Shifted mean: 0.0000006
  Working on index: (1, 2, 2)
    WARNING: Raw and shifted means are significantly different!
    Raw mean ± std: 0.0000000 ± 0.0000026. Shifted mean: 0.0000017
  Working on index: (2, 1, 1)
    Raw mean ± std: 0.0014464 ± 0.0000757. Shifted mean: 0.0014464
  Working on index: (2, 1, 2)
    Raw mean ± std: 0.0007737 ± 0.0001056. Shifted mean: 0.0007737
  Working on index: (2, 2, 1)
    Raw mean ± std: 0.0003212 ± 0.0000185. Shifted mean: 0.0003212
  Working on index: (2, 2, 2)
    Raw mean ± std: 0.0001510 ± 0.0000230. Shifted mean: 0.0001510
  Working on index: (3, 1, 1)
    Raw mean ± std: 0.0446278 ± 0.0005546. Shifted mean: 0.0446278
  Working on index: (3, 1, 2)
    Raw mean ± std: 0.0308780 ± 0.0008764. Shifted mean: 0.0308780
  Working on index: (3, 2, 1)
    Raw mean ± std: 0.0117094 ± 0.0001446. Shifted mean: 0.0117094
  Working on index: (3, 2, 2)
    Raw mean ± std: 0.0079767 ± 0.0002023. Shifted mean: 0.0079767
  Working on index: (4, 1, 1)
    Raw mean ± std: 0.0600601 ± 0.0008033. Shifted mean: 0.0600601
  Working on index: (4, 1, 2)
    Raw mean ± std: 0.0462561 ± 0.0014407. Shifted mean: 0.0462561
  Working on index: (4, 2, 1)
    Raw mean ± std: 0.0332076 ± 0.0003033. Shifted mean: 0.0332076
  Working on index: (4, 2, 2)
    Raw mean ± std: 0.0192532 ± 0.0004047. Shifted mean: 0.0192532
  Working on index: (5, 1, 1)
    Raw mean ± std: 0.0453839 ± 0.0009877. Shifted mean: 0.0453839
  Working on index: (5, 1, 2)
    Raw mean ± std: 0.0375558 ± 0.0020379. Shifted mean: 0.0375558
  Working on index: (5, 2, 1)
    Raw mean ± std: 0.0668385 ± 0.0005574. Shifted mean: 0.0668385
  Working on index: (5, 2, 2)
    Raw mean ± std: 0.0455970 ± 0.0008676. Shifted mean: 0.0455970
  Working on index: (6, 1, 1)
    Raw mean ± std: 0.0414375 ± 0.0023785. Shifted mean: 0.0414375
  Working on index: (6, 1, 2)
    Raw mean ± std: 0.0383081 ± 0.0062226. Shifted mean: 0.0383081
  Working on index: (6, 2, 1)
    Raw mean ± std: 0.0769774 ± 0.0013149. Shifted mean: 0.0769774
  Working on index: (6, 2, 2)
    Raw mean ± std: 0.0634966 ± 0.0024810. Shifted mean: 0.0634966
Copy gTrueToETag and shift means...
  Working on index: (1, 1, 1)
    Raw mean ± std: 0.0110774 ± 0.0001209. Shifted mean: 0.0110774
  Working on index: (1, 1, 2)
    Raw mean ± std: 0.0070137 ± 0.0001682. Shifted mean: 0.0070137
  Working on index: (1, 2, 1)
    Raw mean ± std: 0.0222712 ± 0.0001057. Shifted mean: 0.0222712
  Working on index: (1, 2, 2)
    Raw mean ± std: 0.0141600 ± 0.0001416. Shifted mean: 0.0141600
  Working on index: (2, 1, 1)
    Raw mean ± std: 0.0104956 ± 0.0001969. Shifted mean: 0.0104956
  Working on index: (2, 1, 2)
    Raw mean ± std: 0.0050743 ± 0.0002512. Shifted mean: 0.0050743
  Working on index: (2, 2, 1)
    Raw mean ± std: 0.0205533 ± 0.0001399. Shifted mean: 0.0205533
  Working on index: (2, 2, 2)
    Raw mean ± std: 0.0129005 ± 0.0001880. Shifted mean: 0.0129005
  Working on index: (3, 1, 1)
    Raw mean ± std: 0.0248198 ± 0.0004197. Shifted mean: 0.0248198
  Working on index: (3, 1, 2)
    Raw mean ± std: 0.0112239 ± 0.0005436. Shifted mean: 0.0112239
  Working on index: (3, 2, 1)
    Raw mean ± std: 0.0218070 ± 0.0001957. Shifted mean: 0.0218070
  Working on index: (3, 2, 2)
    Raw mean ± std: 0.0131763 ± 0.0002579. Shifted mean: 0.0131763
  Working on index: (4, 1, 1)
    Raw mean ± std: 0.0261107 ± 0.0005430. Shifted mean: 0.0261107
  Working on index: (4, 1, 2)
    Raw mean ± std: 0.0128046 ± 0.0007929. Shifted mean: 0.0128046
  Working on index: (4, 2, 1)
    Raw mean ± std: 0.0346679 ± 0.0003096. Shifted mean: 0.0346679
  Working on index: (4, 2, 2)
    Raw mean ± std: 0.0203936 ± 0.0004160. Shifted mean: 0.0203936
  Working on index: (5, 1, 1)
    Raw mean ± std: 0.0265225 ± 0.0007676. Shifted mean: 0.0265225
  Working on index: (5, 1, 2)
    Raw mean ± std: 0.0116195 ± 0.0011972. Shifted mean: 0.0116195
  Working on index: (5, 2, 1)
    Raw mean ± std: 0.0204176 ± 0.0003179. Shifted mean: 0.0204176
  Working on index: (5, 2, 2)
    Raw mean ± std: 0.0114159 ± 0.0004504. Shifted mean: 0.0114159
  Working on index: (6, 1, 1)
    Raw mean ± std: 0.0208467 ± 0.0017440. Shifted mean: 0.0208467
  Working on index: (6, 1, 2)
    Raw mean ± std: 0.0103751 ± 0.0037226. Shifted mean: 0.0103875
  Working on index: (6, 2, 1)
    Raw mean ± std: 0.0100016 ± 0.0005064. Shifted mean: 0.0100016
  Working on index: (6, 2, 2)
    Raw mean ± std: 0.0056676 ± 0.0008354. Shifted mean: 0.0056676
