Using MisID validation PID cuts

lb-conda pidcalib/2022-09-02 /afs/cern.ch/work/l/lmeyerga/misid-unfold/scripts/make_eff_histo_mod.py \
    --output-dir raw_histos/eTrueTo-2016 \
    --sample Electron16 --magnet both \
    --particle e_B_Jpsi \
    --binning-file ./tmp/binning.json \
    --cut "TRACK_GHOSTPROB < 0.5 & IsMuon == 0.0 & InMuonAcc == 1.0 & MuonUnbiased == 1.0" --pid-cut "Brunel_MC15TuneV1_ProbNNpi > 0.1 & Brunel_DLLK < 0.0 & Brunel_DLLp < 0.0 & Brunel_DLLe < 2.0 & Brunel_MC15TuneV1_ProbNNghost < 0.25" --pkl-name eTrueToPiTag.pkl --pid-cut "Brunel_MC15TuneV1_ProbNNk > 0.1 & Brunel_DLLK > 0.0 & (Brunel_DLLp - Brunel_DLLK) < 0.0 & (Brunel_DLLe - Brunel_DLLK) < -2.0 & Brunel_MC15TuneV1_ProbNNghost < 0.25" --pkl-name eTrueToKTag.pkl --pid-cut "Brunel_MC15TuneV1_ProbNNp > 0.1 & Brunel_DLLp > 0.0 & (Brunel_DLLp - Brunel_DLLK) > 2.0 & (Brunel_DLLe - Brunel_DLLp) < -2.0 & Brunel_MC15TuneV1_ProbNNghost < 0.25" --pkl-name eTrueToPTag.pkl --pid-cut "Brunel_DLLe > 2.0 & (Brunel_DLLe - Brunel_DLLK) > -2.0 & (Brunel_DLLe - Brunel_DLLp) > -2.0 & Brunel_MC15TuneV1_ProbNNghost < 0.25" --pkl-name eTrueToETag.pkl --pid-cut "(Brunel_MC15TuneV1_ProbNNpi > 0.1 & Brunel_DLLK < 0.0 & Brunel_DLLp < 0.0 & Brunel_DLLe < 2.0 & Brunel_MC15TuneV1_ProbNNghost < 0.25) == 0.0 & (Brunel_MC15TuneV1_ProbNNk > 0.1 & Brunel_DLLK > 0.0 & (Brunel_DLLp - Brunel_DLLK) < 0.0 & (Brunel_DLLe - Brunel_DLLK) < -2.0 & Brunel_MC15TuneV1_ProbNNghost < 0.25) == 0.0 & (Brunel_MC15TuneV1_ProbNNp > 0.1 & Brunel_DLLp > 0.0 & (Brunel_DLLp - Brunel_DLLK) > 2.0 & (Brunel_DLLe - Brunel_DLLp) < -2.0 & Brunel_MC15TuneV1_ProbNNghost < 0.25) == 0.0 & (Brunel_DLLe > 2.0 & (Brunel_DLLe - Brunel_DLLK) > -2.0 & (Brunel_DLLe - Brunel_DLLp) > -2.0 & Brunel_MC15TuneV1_ProbNNghost < 0.25) == 0.0" --pkl-name eTrueToGTag.pkl --bin-var Brunel_P --bin-var Brunel_ETA --bin-var nTracks


lb-conda pidcalib/2022-09-02 pidcalib2.pklhisto2root "raw_histos/eTrueTo-2016/eTrueToPiTag.pkl"


lb-conda pidcalib/2022-09-02 pidcalib2.pklhisto2root "raw_histos/eTrueTo-2016/eTrueToKTag.pkl"


lb-conda pidcalib/2022-09-02 pidcalib2.pklhisto2root "raw_histos/eTrueTo-2016/eTrueToPTag.pkl"


lb-conda pidcalib/2022-09-02 pidcalib2.pklhisto2root "raw_histos/eTrueTo-2016/eTrueToETag.pkl"


lb-conda pidcalib/2022-09-02 pidcalib2.pklhisto2root "raw_histos/eTrueTo-2016/eTrueToGTag.pkl"


cp "raw_histos/eTrueTo-2016/eTrueToPiTag.root" ./eTrueToPiTag.root


cp "raw_histos/eTrueTo-2016/eTrueToKTag.root" ./eTrueToKTag.root


cp "raw_histos/eTrueTo-2016/eTrueToPTag.root" ./eTrueToPTag.root


cp "raw_histos/eTrueTo-2016/eTrueToETag.root" ./eTrueToETag.root


cp "raw_histos/eTrueTo-2016/eTrueToGTag.root" ./eTrueToGTag.root


lb-conda pidcalib/2022-09-02 /afs/cern.ch/work/l/lmeyerga/misid-unfold/scripts/make_eff_histo_mod.py \
    --output-dir raw_histos/eTrueTo-2016 \
    --sample Electron16 --magnet both \
    --particle e_B_Jpsi \
    --binning-file ./tmp/binning.json \
    --cut "TRACK_GHOSTPROB < 0.5 & MuonUnbiased == 1.0 & InMuonAcc == 1.0" --pid-cut "IsMuon == 1.0 & DLLmu > 2.0 & DLLe < 1.0" --pkl-name eTrueToMuTag_nom.pkl --bin-var Brunel_P --bin-var Brunel_ETA --bin-var nTracks


lb-conda pidcalib/2022-09-02 pidcalib2.pklhisto2root "raw_histos/eTrueTo-2016/eTrueToPiTag.pkl"


lb-conda pidcalib/2022-09-02 pidcalib2.pklhisto2root "raw_histos/eTrueTo-2016/eTrueToKTag.pkl"


lb-conda pidcalib/2022-09-02 pidcalib2.pklhisto2root "raw_histos/eTrueTo-2016/eTrueToPTag.pkl"


lb-conda pidcalib/2022-09-02 pidcalib2.pklhisto2root "raw_histos/eTrueTo-2016/eTrueToETag.pkl"


lb-conda pidcalib/2022-09-02 pidcalib2.pklhisto2root "raw_histos/eTrueTo-2016/eTrueToGTag.pkl"


lb-conda pidcalib/2022-09-02 pidcalib2.pklhisto2root "raw_histos/eTrueTo-2016/eTrueToMuTag_nom.pkl"


cp "raw_histos/eTrueTo-2016/eTrueToPiTag.root" ./eTrueToPiTag.root


cp "raw_histos/eTrueTo-2016/eTrueToKTag.root" ./eTrueToKTag.root


cp "raw_histos/eTrueTo-2016/eTrueToPTag.root" ./eTrueToPTag.root


cp "raw_histos/eTrueTo-2016/eTrueToETag.root" ./eTrueToETag.root


cp "raw_histos/eTrueTo-2016/eTrueToGTag.root" ./eTrueToGTag.root


cp "raw_histos/eTrueTo-2016/eTrueToMuTag_nom.root" ./eTrueToMuTag_nom.root


lb-conda pidcalib/2022-09-02 /afs/cern.ch/work/l/lmeyerga/misid-unfold/scripts/make_eff_histo_mod.py \
    --output-dir raw_histos/eTrueTo-2016 \
    --sample Electron16 --magnet both \
    --particle e_B_Jpsi \
    --binning-file ./tmp/binning.json \
    --cut "TRACK_GHOSTPROB < 0.5 & MuonUnbiased == 1.0 & InMuonAcc == 1.0" --pid-cut "IsMuon == 0.0" --pkl-name eTrueToMuTag_denom.pkl --bin-var Brunel_P --bin-var Brunel_ETA --bin-var nTracks


lb-conda pidcalib/2022-09-02 pidcalib2.pklhisto2root "raw_histos/eTrueTo-2016/eTrueToPiTag.pkl"


lb-conda pidcalib/2022-09-02 pidcalib2.pklhisto2root "raw_histos/eTrueTo-2016/eTrueToKTag.pkl"


lb-conda pidcalib/2022-09-02 pidcalib2.pklhisto2root "raw_histos/eTrueTo-2016/eTrueToPTag.pkl"


lb-conda pidcalib/2022-09-02 pidcalib2.pklhisto2root "raw_histos/eTrueTo-2016/eTrueToETag.pkl"


lb-conda pidcalib/2022-09-02 pidcalib2.pklhisto2root "raw_histos/eTrueTo-2016/eTrueToGTag.pkl"


lb-conda pidcalib/2022-09-02 pidcalib2.pklhisto2root "raw_histos/eTrueTo-2016/eTrueToMuTag_nom.pkl"


lb-conda pidcalib/2022-09-02 pidcalib2.pklhisto2root "raw_histos/eTrueTo-2016/eTrueToMuTag_denom.pkl"


cp "raw_histos/eTrueTo-2016/eTrueToPiTag.root" ./eTrueToPiTag.root


cp "raw_histos/eTrueTo-2016/eTrueToKTag.root" ./eTrueToKTag.root


cp "raw_histos/eTrueTo-2016/eTrueToPTag.root" ./eTrueToPTag.root


cp "raw_histos/eTrueTo-2016/eTrueToETag.root" ./eTrueToETag.root


cp "raw_histos/eTrueTo-2016/eTrueToGTag.root" ./eTrueToGTag.root


cp "raw_histos/eTrueTo-2016/eTrueToMuTag_nom.root" ./eTrueToMuTag_nom.root


cp "raw_histos/eTrueTo-2016/eTrueToMuTag_denom.root" ./eTrueToMuTag_denom.root

