Handling tagged for g
  # of event passing 'cut': 6664171.0
  cut: TRACK_GHOSTPROB < 0.5 && IsMuon == 0.0 && InMuonAcc == 1.0 && MuonUnbiased == 1.0
    Handling pi
    pid_cut: TRACK_GHOSTPROB < 0.5 && IsMuon == 0.0 && InMuonAcc == 1.0 && MuonUnbiased == 1.0 && Brunel_MC15TuneV1_ProbNNpi > 0.1 && Brunel_DLLK < 0.0 && Brunel_DLLp < 0.0 && Brunel_DLLe < 2.0 && Brunel_MC15TuneV1_ProbNNghost < 0.25
    # of event passing 'pid_cut': 630457.0
    Handling k
    pid_cut: TRACK_GHOSTPROB < 0.5 && IsMuon == 0.0 && InMuonAcc == 1.0 && MuonUnbiased == 1.0 && Brunel_MC15TuneV1_ProbNNk > 0.1 && Brunel_DLLK > 0.0 && (Brunel_DLLp - Brunel_DLLK) < 0.0 && (Brunel_DLLe - Brunel_DLLK) < -2.0 && Brunel_MC15TuneV1_ProbNNghost < 0.25
    # of event passing 'pid_cut': 61103.0
    Handling p
    pid_cut: TRACK_GHOSTPROB < 0.5 && IsMuon == 0.0 && InMuonAcc == 1.0 && MuonUnbiased == 1.0 && Brunel_MC15TuneV1_ProbNNp > 0.1 && Brunel_DLLp > 0.0 && (Brunel_DLLp - Brunel_DLLK) > 2.0 && (Brunel_DLLe - Brunel_DLLp) < -2.0 && Brunel_MC15TuneV1_ProbNNghost < 0.25
    # of event passing 'pid_cut': 56115.0
    Handling e
    pid_cut: TRACK_GHOSTPROB < 0.5 && IsMuon == 0.0 && InMuonAcc == 1.0 && MuonUnbiased == 1.0 && Brunel_DLLe > 2.0 && (Brunel_DLLe - Brunel_DLLK) > -2.0 && (Brunel_DLLe - Brunel_DLLp) > -2.0 && Brunel_MC15TuneV1_ProbNNghost < 0.25
    # of event passing 'pid_cut': 121187.0
    Handling g
    pid_cut: TRACK_GHOSTPROB < 0.5 && IsMuon == 0.0 && InMuonAcc == 1.0 && MuonUnbiased == 1.0 && !pi && !k && !p && !e
    # of event passing 'pid_cut': 5795309.0
Handling ad-hoc tagged for g
  Generating gTrueToMuTag_nom.root
  cut: TRACK_GHOSTPROB < 0.5 && MuonUnbiased == 1.0 && InMuonAcc == 1.0
  # of event passing 'cut': 7076137.0
  pid_cut: TRACK_GHOSTPROB < 0.5 && MuonUnbiased == 1.0 && InMuonAcc == 1.0 && IsMuon == 1.0 && DLLmu > 2.0 && DLLe < 1.0 && UBDT > 0.25
  # of event passing 'pid_cut': 28931.0
  Generating gTrueToMuTag_nom_vmu.root
  cut: TRACK_GHOSTPROB < 0.5 && MuonUnbiased == 1.0 && InMuonAcc == 1.0
  # of event passing 'cut': 7076137.0
  pid_cut: TRACK_GHOSTPROB < 0.5 && MuonUnbiased == 1.0 && InMuonAcc == 1.0 && IsMuon == 1.0 && DLLmu > 2.0 && DLLe < 1.0 && UBDT < 0.25
  # of event passing 'pid_cut': 69317.0
  Generating gTrueToMuTag_denom.root
  cut: TRACK_GHOSTPROB < 0.5 && MuonUnbiased == 1.0 && InMuonAcc == 1.0
  # of event passing 'cut': 7076137.0
  pid_cut: TRACK_GHOSTPROB < 0.5 && MuonUnbiased == 1.0 && InMuonAcc == 1.0 && IsMuon == 0.0
  # of event passing 'pid_cut': 6664171.0
Handling ad-hoc tagged for e
  Generating eTrueToMuTag_rel.root
  cut: IsMuon == 1.0 && DLLmu > 2.0 && DLLe < 1.0 && InMuonAcc == 1.0
  # of event passing 'cut': 5595.0
  pid_cut: IsMuon == 1.0 && DLLmu > 2.0 && DLLe < 1.0 && InMuonAcc == 1.0 && UBDT > 0.25
  # of event passing 'pid_cut': 655.0
  Generating eTrueToMuTag_rel_vmu.root
  cut: IsMuon == 1.0 && DLLmu > 2.0 && DLLe < 1.0 && InMuonAcc == 1.0
  # of event passing 'cut': 5595.0
  pid_cut: IsMuon == 1.0 && DLLmu > 2.0 && DLLe < 1.0 && InMuonAcc == 1.0 && UBDT < 0.25
  # of event passing 'pid_cut': 4940.0
