Handling tagged for g
  # of event passing 'cut': 1220723.0
  cut: TRACK_GHOSTPROB < 0.5 && IsMuon == 0.0 && InMuonAcc == 1.0 && MuonUnbiased == 1.0
    Handling pi
    pid_cut: TRACK_GHOSTPROB < 0.5 && IsMuon == 0.0 && InMuonAcc == 1.0 && MuonUnbiased == 1.0 && Brunel_MC15TuneV1_ProbNNpi > 0.1 && Brunel_DLLK < 0.0 && Brunel_DLLp < 0.0 && Brunel_DLLe < 2.0 && Brunel_MC15TuneV1_ProbNNghost < 0.25
    # of event passing 'pid_cut': 158066.0
    Handling k
    pid_cut: TRACK_GHOSTPROB < 0.5 && IsMuon == 0.0 && InMuonAcc == 1.0 && MuonUnbiased == 1.0 && Brunel_MC15TuneV1_ProbNNk > 0.1 && Brunel_DLLK > 0.0 && (Brunel_DLLp - Brunel_DLLK) < 0.0 && (Brunel_DLLe - Brunel_DLLK) < -2.0 && Brunel_MC15TuneV1_ProbNNghost < 0.25
    # of event passing 'pid_cut': 28005.0
    Handling p
    pid_cut: TRACK_GHOSTPROB < 0.5 && IsMuon == 0.0 && InMuonAcc == 1.0 && MuonUnbiased == 1.0 && Brunel_MC15TuneV1_ProbNNp > 0.1 && Brunel_DLLp > 0.0 && (Brunel_DLLp - Brunel_DLLK) > 2.0 && (Brunel_DLLe - Brunel_DLLp) < -2.0 && Brunel_MC15TuneV1_ProbNNghost < 0.25
    # of event passing 'pid_cut': 24974.0
    Handling e
    pid_cut: TRACK_GHOSTPROB < 0.5 && IsMuon == 0.0 && InMuonAcc == 1.0 && MuonUnbiased == 1.0 && Brunel_DLLe > 2.0 && (Brunel_DLLe - Brunel_DLLK) > -2.0 && (Brunel_DLLe - Brunel_DLLp) > -2.0 && Brunel_MC15TuneV1_ProbNNghost < 0.25
    # of event passing 'pid_cut': 18064.0
    Handling g
    pid_cut: TRACK_GHOSTPROB < 0.5 && IsMuon == 0.0 && InMuonAcc == 1.0 && MuonUnbiased == 1.0 && !pi && !k && !p && !e
    # of event passing 'pid_cut': 991614.0
Handling ad-hoc tagged for g
  Generating gTrueToMuTag_nom.root
  cut: TRACK_GHOSTPROB < 0.5 && MuonUnbiased == 1.0 && InMuonAcc == 1.0
  # of event passing 'cut': 1297000.0
  pid_cut: TRACK_GHOSTPROB < 0.5 && MuonUnbiased == 1.0 && InMuonAcc == 1.0 && IsMuon == 1.0 && DLLmu > 2.0 && DLLe < 1.0 && UBDT < 0.25
  # of event passing 'pid_cut': 16075.0
  Generating gTrueToMuTag_denom.root
  cut: TRACK_GHOSTPROB < 0.5 && MuonUnbiased == 1.0 && InMuonAcc == 1.0
  # of event passing 'cut': 1297000.0
  pid_cut: TRACK_GHOSTPROB < 0.5 && MuonUnbiased == 1.0 && InMuonAcc == 1.0 && IsMuon == 0.0
  # of event passing 'pid_cut': 1220723.0
Handling ad-hoc tagged for e
  Generating eTrueToMuTag_rel.root
  cut: IsMuon == 1.0 && DLLmu > 2.0 && DLLe < 1.0 && InMuonAcc == 1.0
  # of event passing 'cut': 677.0
  pid_cut: IsMuon == 1.0 && DLLmu > 2.0 && DLLe < 1.0 && InMuonAcc == 1.0 && UBDT < 0.25
  # of event passing 'pid_cut': 599.0
