[I 251113 16:16:47 make_eff_histo_mod:189] Running PIDCalib2 make_eff_hists with the following config:
[I 251113 16:16:47 utils:117] ===============
[I 251113 16:16:47 utils:120] sample         : Turbo18
[I 251113 16:16:47 utils:120] magnet         : both
[I 251113 16:16:47 utils:120] particle       : Pi
[I 251113 16:16:47 utils:120] pid_cuts       : ['Brunel_MC15TuneV1_ProbNNpi>0.1&Brunel_DLLK<0.0&Brunel_DLLp<0.0&Brunel_DLLe<2.0&Brunel_MC15TuneV1_ProbNNghost<0.25', 'Brunel_MC15TuneV1_ProbNNk>0.1&Brunel_DLLK>0.0&(Brunel_DLLp-Brunel_DLLK)<0.0&(Brunel_DLLe-Brunel_DLLK)<-2.0&Brunel_MC15TuneV1_ProbNNghost<0.25', 'Brunel_MC15TuneV1_ProbNNp>0.1&Brunel_DLLp>0.0&(Brunel_DLLp-Brunel_DLLK)>2.0&(Brunel_DLLe-Brunel_DLLp)<-2.0&Brunel_MC15TuneV1_ProbNNghost<0.25', 'Brunel_DLLe>2.0&(Brunel_DLLe-Brunel_DLLK)>-2.0&(Brunel_DLLe-Brunel_DLLp)>-2.0&Brunel_MC15TuneV1_ProbNNghost<0.25', '(Brunel_MC15TuneV1_ProbNNpi>0.1&Brunel_DLLK<0.0&Brunel_DLLp<0.0&Brunel_DLLe<2.0&Brunel_MC15TuneV1_ProbNNghost<0.25)==0.0&(Brunel_MC15TuneV1_ProbNNk>0.1&Brunel_DLLK>0.0&(Brunel_DLLp-Brunel_DLLK)<0.0&(Brunel_DLLe-Brunel_DLLK)<-2.0&Brunel_MC15TuneV1_ProbNNghost<0.25)==0.0&(Brunel_MC15TuneV1_ProbNNp>0.1&Brunel_DLLp>0.0&(Brunel_DLLp-Brunel_DLLK)>2.0&(Brunel_DLLe-Brunel_DLLp)<-2.0&Brunel_MC15TuneV1_ProbNNghost<0.25)==0.0&(Brunel_DLLe>2.0&(Brunel_DLLe-Brunel_DLLK)>-2.0&(Brunel_DLLe-Brunel_DLLp)>-2.0&Brunel_MC15TuneV1_ProbNNghost<0.25)==0.0']
[I 251113 16:16:47 utils:120] cuts           : ['TRACK_GHOSTPROB < 0.5 & IsMuon == 0.0 & InMuonAcc == 1.0 & MuonUnbiased == 1.0']
[I 251113 16:16:47 utils:120] bin_vars       : ['Brunel_P', 'Brunel_ETA', 'nTracks_Brunel']
[I 251113 16:16:47 utils:120] binning_file   : ./tmp/binning.json
[I 251113 16:16:47 utils:120] output_dir     : raw_histos/piTrueTo-2018
[I 251113 16:16:47 utils:120] verbose        : False
[I 251113 16:16:47 utils:120] pkl_name       : ['piTrueToPiTag.pkl', 'piTrueToKTag.pkl', 'piTrueToPTag.pkl', 'piTrueToETag.pkl', 'piTrueToGTag.pkl']
[I 251113 16:16:47 utils:120] version        : N/A
[I 251113 16:16:47 utils:121] ===============
[I 251113 16:16:47 binning:205] Loading binnings from ./tmp/binning.json
[W 251113 16:16:47 binning:245] The following custom binnings are not being used: [{'particle': 'K', 'bin_var': 'Brunel_P'}, {'particle': 'K', 'bin_var': 'Brunel_ETA'}, {'particle': 'K', 'bin_var': 'nTracks_Brunel'}, {'particle': 'P', 'bin_var': 'Brunel_P'}, {'particle': 'P', 'bin_var': 'Brunel_ETA'}, {'particle': 'P', 'bin_var': 'nTracks_Brunel'}, {'particle': 'e_B_Jpsi', 'bin_var': 'Brunel_P'}, {'particle': 'e_B_Jpsi', 'bin_var': 'Brunel_ETA'}, {'particle': 'e_B_Jpsi', 'bin_var': 'nTracks'}]
[I 251113 16:16:47 make_eff_histo_mod:215] Processing MapUp calibration samples
[I 251113 16:16:47 utils:461] Branches to be read: {'sWeight': 'probe_sWeight', 'Brunel_MC15TuneV1_ProbNNpi': 'probe_Brunel_MC15TuneV1_ProbNNpi', 'Brunel_DLLK': 'probe_Brunel_PIDK', 'Brunel_DLLp': 'probe_Brunel_PIDp', 'Brunel_DLLe': 'probe_Brunel_PIDe', 'Brunel_MC15TuneV1_ProbNNghost': 'probe_Brunel_MC15TuneV1_ProbNNghost', 'Brunel_MC15TuneV1_ProbNNk': 'probe_Brunel_MC15TuneV1_ProbNNk', 'Brunel_MC15TuneV1_ProbNNp': 'probe_Brunel_MC15TuneV1_ProbNNp', 'Brunel_P': 'probe_Brunel_P', 'Brunel_ETA': 'probe_Brunel_ETA', 'nTracks_Brunel': 'nTracks_Brunel', 'TRACK_GHOSTPROB': 'probe_TRACK_GHOSTPROB', 'IsMuon': 'probe_isMuon', 'InMuonAcc': 'probe_InMuonAcc', 'MuonUnbiased': 'probe_MuonUnbiased'}
[I 251113 16:16:47 utils:462] 289 calibration files from EOS will be processed
[I 251113 16:53:54 utils:517] Processed 289/289 files
[I 251113 16:53:54 utils:596] 150367698/164834197 (91.2%) events passed binning range cut
[I 251113 16:53:54 utils:596] 82286412/150367698 (54.7%) events passed user cut
[I 251113 16:53:54 utils:596] 68837055/82286412 (83.7%) events passed 'Brunel_MC15TuneV1_ProbNNpi>0.1&Brunel_DLLK<0.0&Brunel_DLLp<0.0&Brunel_DLLe<2.0&Brunel_MC15TuneV1_ProbNNghost<0.25' cut
[I 251113 16:53:54 utils:596] 3663449/82286412 (4.5%) events passed 'Brunel_MC15TuneV1_ProbNNk>0.1&Brunel_DLLK>0.0&(Brunel_DLLp-Brunel_DLLK)<0.0&(Brunel_DLLe-Brunel_DLLK)<-2.0&Brunel_MC15TuneV1_ProbNNghost<0.25' cut
[I 251113 16:53:54 utils:596] 1970697/82286412 (2.4%) events passed 'Brunel_MC15TuneV1_ProbNNp>0.1&Brunel_DLLp>0.0&(Brunel_DLLp-Brunel_DLLK)>2.0&(Brunel_DLLe-Brunel_DLLp)<-2.0&Brunel_MC15TuneV1_ProbNNghost<0.25' cut
[I 251113 16:53:54 utils:596] 1573312/82286412 (1.9%) events passed 'Brunel_DLLe>2.0&(Brunel_DLLe-Brunel_DLLK)>-2.0&(Brunel_DLLe-Brunel_DLLp)>-2.0&Brunel_MC15TuneV1_ProbNNghost<0.25' cut
[I 251113 16:53:54 utils:596] 6241899/82286412 (7.6%) events passed '(Brunel_MC15TuneV1_ProbNNpi>0.1&Brunel_DLLK<0.0&Brunel_DLLp<0.0&Brunel_DLLe<2.0&Brunel_MC15TuneV1_ProbNNghost<0.25)==0.0&(Brunel_MC15TuneV1_ProbNNk>0.1&Brunel_DLLK>0.0&(Brunel_DLLp-Brunel_DLLK)<0.0&(Brunel_DLLe-Brunel_DLLK)<-2.0&Brunel_MC15TuneV1_ProbNNghost<0.25)==0.0&(Brunel_MC15TuneV1_ProbNNp>0.1&Brunel_DLLp>0.0&(Brunel_DLLp-Brunel_DLLK)>2.0&(Brunel_DLLe-Brunel_DLLp)<-2.0&Brunel_MC15TuneV1_ProbNNghost<0.25)==0.0&(Brunel_DLLe>2.0&(Brunel_DLLe-Brunel_DLLK)>-2.0&(Brunel_DLLe-Brunel_DLLp)>-2.0&Brunel_MC15TuneV1_ProbNNghost<0.25)==0.0' cut
[I 251113 16:53:54 make_eff_histo_mod:220] Processing MagDown calibration samples
[I 251113 16:53:54 utils:461] Branches to be read: {'sWeight': 'probe_sWeight', 'Brunel_MC15TuneV1_ProbNNpi': 'probe_Brunel_MC15TuneV1_ProbNNpi', 'Brunel_DLLK': 'probe_Brunel_PIDK', 'Brunel_DLLp': 'probe_Brunel_PIDp', 'Brunel_DLLe': 'probe_Brunel_PIDe', 'Brunel_MC15TuneV1_ProbNNghost': 'probe_Brunel_MC15TuneV1_ProbNNghost', 'Brunel_MC15TuneV1_ProbNNk': 'probe_Brunel_MC15TuneV1_ProbNNk', 'Brunel_MC15TuneV1_ProbNNp': 'probe_Brunel_MC15TuneV1_ProbNNp', 'Brunel_P': 'probe_Brunel_P', 'Brunel_ETA': 'probe_Brunel_ETA', 'nTracks_Brunel': 'nTracks_Brunel', 'TRACK_GHOSTPROB': 'probe_TRACK_GHOSTPROB', 'IsMuon': 'probe_isMuon', 'InMuonAcc': 'probe_InMuonAcc', 'MuonUnbiased': 'probe_MuonUnbiased'}
[I 251113 16:53:54 utils:462] 268 calibration files from EOS will be processed
[I 251113 17:36:20 utils:517] Processed 268/268 files
[I 251113 17:36:20 utils:596] 139535950/152984549 (91.2%) events passed binning range cut
[I 251113 17:36:20 utils:596] 76207607/139535950 (54.6%) events passed user cut
[I 251113 17:36:20 utils:596] 63570974/76207607 (83.4%) events passed 'Brunel_MC15TuneV1_ProbNNpi>0.1&Brunel_DLLK<0.0&Brunel_DLLp<0.0&Brunel_DLLe<2.0&Brunel_MC15TuneV1_ProbNNghost<0.25' cut
[I 251113 17:36:20 utils:596] 3483558/76207607 (4.6%) events passed 'Brunel_MC15TuneV1_ProbNNk>0.1&Brunel_DLLK>0.0&(Brunel_DLLp-Brunel_DLLK)<0.0&(Brunel_DLLe-Brunel_DLLK)<-2.0&Brunel_MC15TuneV1_ProbNNghost<0.25' cut
[I 251113 17:36:20 utils:596] 1872217/76207607 (2.5%) events passed 'Brunel_MC15TuneV1_ProbNNp>0.1&Brunel_DLLp>0.0&(Brunel_DLLp-Brunel_DLLK)>2.0&(Brunel_DLLe-Brunel_DLLp)<-2.0&Brunel_MC15TuneV1_ProbNNghost<0.25' cut
[I 251113 17:36:20 utils:596] 1421060/76207607 (1.9%) events passed 'Brunel_DLLe>2.0&(Brunel_DLLe-Brunel_DLLK)>-2.0&(Brunel_DLLe-Brunel_DLLp)>-2.0&Brunel_MC15TuneV1_ProbNNghost<0.25' cut
[I 251113 17:36:20 utils:596] 5859798/76207607 (7.7%) events passed '(Brunel_MC15TuneV1_ProbNNpi>0.1&Brunel_DLLK<0.0&Brunel_DLLp<0.0&Brunel_DLLe<2.0&Brunel_MC15TuneV1_ProbNNghost<0.25)==0.0&(Brunel_MC15TuneV1_ProbNNk>0.1&Brunel_DLLK>0.0&(Brunel_DLLp-Brunel_DLLK)<0.0&(Brunel_DLLe-Brunel_DLLK)<-2.0&Brunel_MC15TuneV1_ProbNNghost<0.25)==0.0&(Brunel_MC15TuneV1_ProbNNp>0.1&Brunel_DLLp>0.0&(Brunel_DLLp-Brunel_DLLK)>2.0&(Brunel_DLLe-Brunel_DLLp)<-2.0&Brunel_MC15TuneV1_ProbNNghost<0.25)==0.0&(Brunel_DLLe>2.0&(Brunel_DLLe-Brunel_DLLK)>-2.0&(Brunel_DLLe-Brunel_DLLp)>-2.0&Brunel_MC15TuneV1_ProbNNghost<0.25)==0.0' cut
[I 251113 17:36:20 make_eff_histo_mod:239] Efficiency histogram of cut Brunel_MC15TuneV1_ProbNNpi>0.1&Brunel_DLLK<0.0&Brunel_DLLp<0.0&Brunel_DLLe<2.0&Brunel_MC15TuneV1_ProbNNghost<0.25 saved to 'raw_histos/piTrueTo-2018/piTrueToPiTag.pkl'
[I 251113 17:36:20 make_eff_histo_mod:239] Efficiency histogram of cut Brunel_MC15TuneV1_ProbNNk>0.1&Brunel_DLLK>0.0&(Brunel_DLLp-Brunel_DLLK)<0.0&(Brunel_DLLe-Brunel_DLLK)<-2.0&Brunel_MC15TuneV1_ProbNNghost<0.25 saved to 'raw_histos/piTrueTo-2018/piTrueToKTag.pkl'
[I 251113 17:36:20 make_eff_histo_mod:239] Efficiency histogram of cut Brunel_MC15TuneV1_ProbNNp>0.1&Brunel_DLLp>0.0&(Brunel_DLLp-Brunel_DLLK)>2.0&(Brunel_DLLe-Brunel_DLLp)<-2.0&Brunel_MC15TuneV1_ProbNNghost<0.25 saved to 'raw_histos/piTrueTo-2018/piTrueToPTag.pkl'
[I 251113 17:36:20 make_eff_histo_mod:239] Efficiency histogram of cut Brunel_DLLe>2.0&(Brunel_DLLe-Brunel_DLLK)>-2.0&(Brunel_DLLe-Brunel_DLLp)>-2.0&Brunel_MC15TuneV1_ProbNNghost<0.25 saved to 'raw_histos/piTrueTo-2018/piTrueToETag.pkl'
[I 251113 17:36:20 make_eff_histo_mod:239] Efficiency histogram of cut (Brunel_MC15TuneV1_ProbNNpi>0.1&Brunel_DLLK<0.0&Brunel_DLLp<0.0&Brunel_DLLe<2.0&Brunel_MC15TuneV1_ProbNNghost<0.25)==0.0&(Brunel_MC15TuneV1_ProbNNk>0.1&Brunel_DLLK>0.0&(Brunel_DLLp-Brunel_DLLK)<0.0&(Brunel_DLLe-Brunel_DLLK)<-2.0&Brunel_MC15TuneV1_ProbNNghost<0.25)==0.0&(Brunel_MC15TuneV1_ProbNNp>0.1&Brunel_DLLp>0.0&(Brunel_DLLp-Brunel_DLLK)>2.0&(Brunel_DLLe-Brunel_DLLp)<-2.0&Brunel_MC15TuneV1_ProbNNghost<0.25)==0.0&(Brunel_DLLe>2.0&(Brunel_DLLe-Brunel_DLLK)>-2.0&(Brunel_DLLe-Brunel_DLLp)>-2.0&Brunel_MC15TuneV1_ProbNNghost<0.25)==0.0 saved to 'raw_histos/piTrueTo-2018/piTrueToGTag.pkl'
[I 251113 17:36:29 make_eff_histo_mod:189] Running PIDCalib2 make_eff_hists with the following config:
[I 251113 17:36:29 utils:117] ===============
[I 251113 17:36:29 utils:120] sample         : Turbo18
[I 251113 17:36:29 utils:120] magnet         : both
[I 251113 17:36:29 utils:120] particle       : K
[I 251113 17:36:29 utils:120] pid_cuts       : ['Brunel_MC15TuneV1_ProbNNpi>0.1&Brunel_DLLK<0.0&Brunel_DLLp<0.0&Brunel_DLLe<2.0&Brunel_MC15TuneV1_ProbNNghost<0.25', 'Brunel_MC15TuneV1_ProbNNk>0.1&Brunel_DLLK>0.0&(Brunel_DLLp-Brunel_DLLK)<0.0&(Brunel_DLLe-Brunel_DLLK)<-2.0&Brunel_MC15TuneV1_ProbNNghost<0.25', 'Brunel_MC15TuneV1_ProbNNp>0.1&Brunel_DLLp>0.0&(Brunel_DLLp-Brunel_DLLK)>2.0&(Brunel_DLLe-Brunel_DLLp)<-2.0&Brunel_MC15TuneV1_ProbNNghost<0.25', 'Brunel_DLLe>2.0&(Brunel_DLLe-Brunel_DLLK)>-2.0&(Brunel_DLLe-Brunel_DLLp)>-2.0&Brunel_MC15TuneV1_ProbNNghost<0.25', '(Brunel_MC15TuneV1_ProbNNpi>0.1&Brunel_DLLK<0.0&Brunel_DLLp<0.0&Brunel_DLLe<2.0&Brunel_MC15TuneV1_ProbNNghost<0.25)==0.0&(Brunel_MC15TuneV1_ProbNNk>0.1&Brunel_DLLK>0.0&(Brunel_DLLp-Brunel_DLLK)<0.0&(Brunel_DLLe-Brunel_DLLK)<-2.0&Brunel_MC15TuneV1_ProbNNghost<0.25)==0.0&(Brunel_MC15TuneV1_ProbNNp>0.1&Brunel_DLLp>0.0&(Brunel_DLLp-Brunel_DLLK)>2.0&(Brunel_DLLe-Brunel_DLLp)<-2.0&Brunel_MC15TuneV1_ProbNNghost<0.25)==0.0&(Brunel_DLLe>2.0&(Brunel_DLLe-Brunel_DLLK)>-2.0&(Brunel_DLLe-Brunel_DLLp)>-2.0&Brunel_MC15TuneV1_ProbNNghost<0.25)==0.0']
[I 251113 17:36:29 utils:120] cuts           : ['TRACK_GHOSTPROB < 0.5 & IsMuon == 0.0 & InMuonAcc == 1.0 & MuonUnbiased == 1.0']
[I 251113 17:36:29 utils:120] bin_vars       : ['Brunel_P', 'Brunel_ETA', 'nTracks_Brunel']
[I 251113 17:36:29 utils:120] binning_file   : ./tmp/binning.json
[I 251113 17:36:29 utils:120] output_dir     : raw_histos/kTrueTo-2018
[I 251113 17:36:29 utils:120] verbose        : False
[I 251113 17:36:29 utils:120] pkl_name       : ['kTrueToPiTag.pkl', 'kTrueToKTag.pkl', 'kTrueToPTag.pkl', 'kTrueToETag.pkl', 'kTrueToGTag.pkl']
[I 251113 17:36:29 utils:120] version        : N/A
[I 251113 17:36:29 utils:121] ===============
[I 251113 17:36:29 binning:205] Loading binnings from ./tmp/binning.json
[W 251113 17:36:29 binning:245] The following custom binnings are not being used: [{'particle': 'Pi', 'bin_var': 'Brunel_P'}, {'particle': 'Pi', 'bin_var': 'Brunel_ETA'}, {'particle': 'Pi', 'bin_var': 'nTracks_Brunel'}, {'particle': 'P', 'bin_var': 'Brunel_P'}, {'particle': 'P', 'bin_var': 'Brunel_ETA'}, {'particle': 'P', 'bin_var': 'nTracks_Brunel'}, {'particle': 'e_B_Jpsi', 'bin_var': 'Brunel_P'}, {'particle': 'e_B_Jpsi', 'bin_var': 'Brunel_ETA'}, {'particle': 'e_B_Jpsi', 'bin_var': 'nTracks'}]
[I 251113 17:36:29 make_eff_histo_mod:215] Processing MapUp calibration samples
[I 251113 17:36:29 utils:461] Branches to be read: {'sWeight': 'probe_sWeight', 'Brunel_MC15TuneV1_ProbNNpi': 'probe_Brunel_MC15TuneV1_ProbNNpi', 'Brunel_DLLK': 'probe_Brunel_PIDK', 'Brunel_DLLp': 'probe_Brunel_PIDp', 'Brunel_DLLe': 'probe_Brunel_PIDe', 'Brunel_MC15TuneV1_ProbNNghost': 'probe_Brunel_MC15TuneV1_ProbNNghost', 'Brunel_MC15TuneV1_ProbNNk': 'probe_Brunel_MC15TuneV1_ProbNNk', 'Brunel_MC15TuneV1_ProbNNp': 'probe_Brunel_MC15TuneV1_ProbNNp', 'Brunel_P': 'probe_Brunel_P', 'Brunel_ETA': 'probe_Brunel_ETA', 'nTracks_Brunel': 'nTracks_Brunel', 'TRACK_GHOSTPROB': 'probe_TRACK_GHOSTPROB', 'IsMuon': 'probe_isMuon', 'InMuonAcc': 'probe_InMuonAcc', 'MuonUnbiased': 'probe_MuonUnbiased'}
[I 251113 17:36:29 utils:462] 289 calibration files from EOS will be processed
[I 251113 18:18:13 utils:517] Processed 289/289 files
[I 251113 18:18:13 utils:596] 148917054/164834197 (90.3%) events passed binning range cut
[I 251113 18:18:13 utils:596] 75418924/148917054 (50.6%) events passed user cut
[I 251113 18:18:13 utils:596] 6629649/75418924 (8.8%) events passed 'Brunel_MC15TuneV1_ProbNNpi>0.1&Brunel_DLLK<0.0&Brunel_DLLp<0.0&Brunel_DLLe<2.0&Brunel_MC15TuneV1_ProbNNghost<0.25' cut
[I 251113 18:18:13 utils:596] 54864264/75418924 (72.7%) events passed 'Brunel_MC15TuneV1_ProbNNk>0.1&Brunel_DLLK>0.0&(Brunel_DLLp-Brunel_DLLK)<0.0&(Brunel_DLLe-Brunel_DLLK)<-2.0&Brunel_MC15TuneV1_ProbNNghost<0.25' cut
[I 251113 18:18:13 utils:596] 2519231/75418924 (3.3%) events passed 'Brunel_MC15TuneV1_ProbNNp>0.1&Brunel_DLLp>0.0&(Brunel_DLLp-Brunel_DLLK)>2.0&(Brunel_DLLe-Brunel_DLLp)<-2.0&Brunel_MC15TuneV1_ProbNNghost<0.25' cut
[I 251113 18:18:13 utils:596] 285904/75418924 (0.4%) events passed 'Brunel_DLLe>2.0&(Brunel_DLLe-Brunel_DLLK)>-2.0&(Brunel_DLLe-Brunel_DLLp)>-2.0&Brunel_MC15TuneV1_ProbNNghost<0.25' cut
[I 251113 18:18:13 utils:596] 11119876/75418924 (14.7%) events passed '(Brunel_MC15TuneV1_ProbNNpi>0.1&Brunel_DLLK<0.0&Brunel_DLLp<0.0&Brunel_DLLe<2.0&Brunel_MC15TuneV1_ProbNNghost<0.25)==0.0&(Brunel_MC15TuneV1_ProbNNk>0.1&Brunel_DLLK>0.0&(Brunel_DLLp-Brunel_DLLK)<0.0&(Brunel_DLLe-Brunel_DLLK)<-2.0&Brunel_MC15TuneV1_ProbNNghost<0.25)==0.0&(Brunel_MC15TuneV1_ProbNNp>0.1&Brunel_DLLp>0.0&(Brunel_DLLp-Brunel_DLLK)>2.0&(Brunel_DLLe-Brunel_DLLp)<-2.0&Brunel_MC15TuneV1_ProbNNghost<0.25)==0.0&(Brunel_DLLe>2.0&(Brunel_DLLe-Brunel_DLLK)>-2.0&(Brunel_DLLe-Brunel_DLLp)>-2.0&Brunel_MC15TuneV1_ProbNNghost<0.25)==0.0' cut
[I 251113 18:18:13 make_eff_histo_mod:220] Processing MagDown calibration samples
[I 251113 18:18:13 utils:461] Branches to be read: {'sWeight': 'probe_sWeight', 'Brunel_MC15TuneV1_ProbNNpi': 'probe_Brunel_MC15TuneV1_ProbNNpi', 'Brunel_DLLK': 'probe_Brunel_PIDK', 'Brunel_DLLp': 'probe_Brunel_PIDp', 'Brunel_DLLe': 'probe_Brunel_PIDe', 'Brunel_MC15TuneV1_ProbNNghost': 'probe_Brunel_MC15TuneV1_ProbNNghost', 'Brunel_MC15TuneV1_ProbNNk': 'probe_Brunel_MC15TuneV1_ProbNNk', 'Brunel_MC15TuneV1_ProbNNp': 'probe_Brunel_MC15TuneV1_ProbNNp', 'Brunel_P': 'probe_Brunel_P', 'Brunel_ETA': 'probe_Brunel_ETA', 'nTracks_Brunel': 'nTracks_Brunel', 'TRACK_GHOSTPROB': 'probe_TRACK_GHOSTPROB', 'IsMuon': 'probe_isMuon', 'InMuonAcc': 'probe_InMuonAcc', 'MuonUnbiased': 'probe_MuonUnbiased'}
[I 251113 18:18:13 utils:462] 268 calibration files from EOS will be processed
[I 251113 18:55:53 utils:517] Processed 268/268 files
[I 251113 18:55:53 utils:596] 138203945/152984549 (90.3%) events passed binning range cut
[I 251113 18:55:53 utils:596] 69859972/138203945 (50.5%) events passed user cut
[I 251113 18:55:53 utils:596] 6083972/69859972 (8.7%) events passed 'Brunel_MC15TuneV1_ProbNNpi>0.1&Brunel_DLLK<0.0&Brunel_DLLp<0.0&Brunel_DLLe<2.0&Brunel_MC15TuneV1_ProbNNghost<0.25' cut
[I 251113 18:55:53 utils:596] 50742862/69859972 (72.6%) events passed 'Brunel_MC15TuneV1_ProbNNk>0.1&Brunel_DLLK>0.0&(Brunel_DLLp-Brunel_DLLK)<0.0&(Brunel_DLLe-Brunel_DLLK)<-2.0&Brunel_MC15TuneV1_ProbNNghost<0.25' cut
[I 251113 18:55:53 utils:596] 2419190/69859972 (3.5%) events passed 'Brunel_MC15TuneV1_ProbNNp>0.1&Brunel_DLLp>0.0&(Brunel_DLLp-Brunel_DLLK)>2.0&(Brunel_DLLe-Brunel_DLLp)<-2.0&Brunel_MC15TuneV1_ProbNNghost<0.25' cut
[I 251113 18:55:53 utils:596] 261558/69859972 (0.4%) events passed 'Brunel_DLLe>2.0&(Brunel_DLLe-Brunel_DLLK)>-2.0&(Brunel_DLLe-Brunel_DLLp)>-2.0&Brunel_MC15TuneV1_ProbNNghost<0.25' cut
[I 251113 18:55:53 utils:596] 10352390/69859972 (14.8%) events passed '(Brunel_MC15TuneV1_ProbNNpi>0.1&Brunel_DLLK<0.0&Brunel_DLLp<0.0&Brunel_DLLe<2.0&Brunel_MC15TuneV1_ProbNNghost<0.25)==0.0&(Brunel_MC15TuneV1_ProbNNk>0.1&Brunel_DLLK>0.0&(Brunel_DLLp-Brunel_DLLK)<0.0&(Brunel_DLLe-Brunel_DLLK)<-2.0&Brunel_MC15TuneV1_ProbNNghost<0.25)==0.0&(Brunel_MC15TuneV1_ProbNNp>0.1&Brunel_DLLp>0.0&(Brunel_DLLp-Brunel_DLLK)>2.0&(Brunel_DLLe-Brunel_DLLp)<-2.0&Brunel_MC15TuneV1_ProbNNghost<0.25)==0.0&(Brunel_DLLe>2.0&(Brunel_DLLe-Brunel_DLLK)>-2.0&(Brunel_DLLe-Brunel_DLLp)>-2.0&Brunel_MC15TuneV1_ProbNNghost<0.25)==0.0' cut
[I 251113 18:55:53 make_eff_histo_mod:239] Efficiency histogram of cut Brunel_MC15TuneV1_ProbNNpi>0.1&Brunel_DLLK<0.0&Brunel_DLLp<0.0&Brunel_DLLe<2.0&Brunel_MC15TuneV1_ProbNNghost<0.25 saved to 'raw_histos/kTrueTo-2018/kTrueToPiTag.pkl'
[I 251113 18:55:53 make_eff_histo_mod:239] Efficiency histogram of cut Brunel_MC15TuneV1_ProbNNk>0.1&Brunel_DLLK>0.0&(Brunel_DLLp-Brunel_DLLK)<0.0&(Brunel_DLLe-Brunel_DLLK)<-2.0&Brunel_MC15TuneV1_ProbNNghost<0.25 saved to 'raw_histos/kTrueTo-2018/kTrueToKTag.pkl'
[I 251113 18:55:53 make_eff_histo_mod:239] Efficiency histogram of cut Brunel_MC15TuneV1_ProbNNp>0.1&Brunel_DLLp>0.0&(Brunel_DLLp-Brunel_DLLK)>2.0&(Brunel_DLLe-Brunel_DLLp)<-2.0&Brunel_MC15TuneV1_ProbNNghost<0.25 saved to 'raw_histos/kTrueTo-2018/kTrueToPTag.pkl'
[I 251113 18:55:53 make_eff_histo_mod:239] Efficiency histogram of cut Brunel_DLLe>2.0&(Brunel_DLLe-Brunel_DLLK)>-2.0&(Brunel_DLLe-Brunel_DLLp)>-2.0&Brunel_MC15TuneV1_ProbNNghost<0.25 saved to 'raw_histos/kTrueTo-2018/kTrueToETag.pkl'
[I 251113 18:55:53 make_eff_histo_mod:239] Efficiency histogram of cut (Brunel_MC15TuneV1_ProbNNpi>0.1&Brunel_DLLK<0.0&Brunel_DLLp<0.0&Brunel_DLLe<2.0&Brunel_MC15TuneV1_ProbNNghost<0.25)==0.0&(Brunel_MC15TuneV1_ProbNNk>0.1&Brunel_DLLK>0.0&(Brunel_DLLp-Brunel_DLLK)<0.0&(Brunel_DLLe-Brunel_DLLK)<-2.0&Brunel_MC15TuneV1_ProbNNghost<0.25)==0.0&(Brunel_MC15TuneV1_ProbNNp>0.1&Brunel_DLLp>0.0&(Brunel_DLLp-Brunel_DLLK)>2.0&(Brunel_DLLe-Brunel_DLLp)<-2.0&Brunel_MC15TuneV1_ProbNNghost<0.25)==0.0&(Brunel_DLLe>2.0&(Brunel_DLLe-Brunel_DLLK)>-2.0&(Brunel_DLLe-Brunel_DLLp)>-2.0&Brunel_MC15TuneV1_ProbNNghost<0.25)==0.0 saved to 'raw_histos/kTrueTo-2018/kTrueToGTag.pkl'
[I 251113 18:56:01 make_eff_histo_mod:189] Running PIDCalib2 make_eff_hists with the following config:
[I 251113 18:56:01 utils:117] ===============
[I 251113 18:56:01 utils:120] sample         : Turbo18
[I 251113 18:56:01 utils:120] magnet         : both
[I 251113 18:56:01 utils:120] particle       : P
[I 251113 18:56:01 utils:120] pid_cuts       : ['Brunel_MC15TuneV1_ProbNNpi>0.1&Brunel_DLLK<0.0&Brunel_DLLp<0.0&Brunel_DLLe<2.0&Brunel_MC15TuneV1_ProbNNghost<0.25', 'Brunel_MC15TuneV1_ProbNNk>0.1&Brunel_DLLK>0.0&(Brunel_DLLp-Brunel_DLLK)<0.0&(Brunel_DLLe-Brunel_DLLK)<-2.0&Brunel_MC15TuneV1_ProbNNghost<0.25', 'Brunel_MC15TuneV1_ProbNNp>0.1&Brunel_DLLp>0.0&(Brunel_DLLp-Brunel_DLLK)>2.0&(Brunel_DLLe-Brunel_DLLp)<-2.0&Brunel_MC15TuneV1_ProbNNghost<0.25', 'Brunel_DLLe>2.0&(Brunel_DLLe-Brunel_DLLK)>-2.0&(Brunel_DLLe-Brunel_DLLp)>-2.0&Brunel_MC15TuneV1_ProbNNghost<0.25', '(Brunel_MC15TuneV1_ProbNNpi>0.1&Brunel_DLLK<0.0&Brunel_DLLp<0.0&Brunel_DLLe<2.0&Brunel_MC15TuneV1_ProbNNghost<0.25)==0.0&(Brunel_MC15TuneV1_ProbNNk>0.1&Brunel_DLLK>0.0&(Brunel_DLLp-Brunel_DLLK)<0.0&(Brunel_DLLe-Brunel_DLLK)<-2.0&Brunel_MC15TuneV1_ProbNNghost<0.25)==0.0&(Brunel_MC15TuneV1_ProbNNp>0.1&Brunel_DLLp>0.0&(Brunel_DLLp-Brunel_DLLK)>2.0&(Brunel_DLLe-Brunel_DLLp)<-2.0&Brunel_MC15TuneV1_ProbNNghost<0.25)==0.0&(Brunel_DLLe>2.0&(Brunel_DLLe-Brunel_DLLK)>-2.0&(Brunel_DLLe-Brunel_DLLp)>-2.0&Brunel_MC15TuneV1_ProbNNghost<0.25)==0.0']
[I 251113 18:56:01 utils:120] cuts           : ['TRACK_GHOSTPROB < 0.5 & IsMuon == 0.0 & InMuonAcc == 1.0 & MuonUnbiased == 1.0']
[I 251113 18:56:01 utils:120] bin_vars       : ['Brunel_P', 'Brunel_ETA', 'nTracks_Brunel']
[I 251113 18:56:01 utils:120] binning_file   : ./tmp/binning.json
[I 251113 18:56:01 utils:120] output_dir     : raw_histos/pTrueTo-2018
[I 251113 18:56:01 utils:120] verbose        : False
[I 251113 18:56:01 utils:120] pkl_name       : ['pTrueToPiTag.pkl', 'pTrueToKTag.pkl', 'pTrueToPTag.pkl', 'pTrueToETag.pkl', 'pTrueToGTag.pkl']
[I 251113 18:56:01 utils:120] version        : N/A
[I 251113 18:56:01 utils:121] ===============
[I 251113 18:56:01 binning:205] Loading binnings from ./tmp/binning.json
[W 251113 18:56:01 binning:245] The following custom binnings are not being used: [{'particle': 'Pi', 'bin_var': 'Brunel_P'}, {'particle': 'Pi', 'bin_var': 'Brunel_ETA'}, {'particle': 'Pi', 'bin_var': 'nTracks_Brunel'}, {'particle': 'K', 'bin_var': 'Brunel_P'}, {'particle': 'K', 'bin_var': 'Brunel_ETA'}, {'particle': 'K', 'bin_var': 'nTracks_Brunel'}, {'particle': 'e_B_Jpsi', 'bin_var': 'Brunel_P'}, {'particle': 'e_B_Jpsi', 'bin_var': 'Brunel_ETA'}, {'particle': 'e_B_Jpsi', 'bin_var': 'nTracks'}]
[I 251113 18:56:01 make_eff_histo_mod:215] Processing MapUp calibration samples
[I 251113 18:56:01 utils:461] Branches to be read: {'sWeight': 'probe_sWeight', 'Brunel_MC15TuneV1_ProbNNpi': 'probe_Brunel_MC15TuneV1_ProbNNpi', 'Brunel_DLLK': 'probe_Brunel_PIDK', 'Brunel_DLLp': 'probe_Brunel_PIDp', 'Brunel_DLLe': 'probe_Brunel_PIDe', 'Brunel_MC15TuneV1_ProbNNghost': 'probe_Brunel_MC15TuneV1_ProbNNghost', 'Brunel_MC15TuneV1_ProbNNk': 'probe_Brunel_MC15TuneV1_ProbNNk', 'Brunel_MC15TuneV1_ProbNNp': 'probe_Brunel_MC15TuneV1_ProbNNp', 'Brunel_P': 'probe_Brunel_P', 'Brunel_ETA': 'probe_Brunel_ETA', 'nTracks_Brunel': 'nTracks_Brunel', 'TRACK_GHOSTPROB': 'probe_TRACK_GHOSTPROB', 'IsMuon': 'probe_isMuon', 'InMuonAcc': 'probe_InMuonAcc', 'MuonUnbiased': 'probe_MuonUnbiased'}
[I 251113 18:56:01 utils:462] 102 calibration files from EOS will be processed
[I 251113 19:30:34 utils:517] Processed 102/102 files
[I 251113 19:30:34 utils:596] 125240246/141477854 (88.5%) events passed binning range cut
[I 251113 19:30:34 utils:596] 33627023/125240246 (26.9%) events passed user cut
[I 251113 19:30:34 utils:596] 1745864/33627023 (5.2%) events passed 'Brunel_MC15TuneV1_ProbNNpi>0.1&Brunel_DLLK<0.0&Brunel_DLLp<0.0&Brunel_DLLe<2.0&Brunel_MC15TuneV1_ProbNNghost<0.25' cut
[I 251113 19:30:34 utils:596] 2688255/33627023 (8.0%) events passed 'Brunel_MC15TuneV1_ProbNNk>0.1&Brunel_DLLK>0.0&(Brunel_DLLp-Brunel_DLLK)<0.0&(Brunel_DLLe-Brunel_DLLK)<-2.0&Brunel_MC15TuneV1_ProbNNghost<0.25' cut
[I 251113 19:30:34 utils:596] 20567963/33627023 (61.2%) events passed 'Brunel_MC15TuneV1_ProbNNp>0.1&Brunel_DLLp>0.0&(Brunel_DLLp-Brunel_DLLK)>2.0&(Brunel_DLLe-Brunel_DLLp)<-2.0&Brunel_MC15TuneV1_ProbNNghost<0.25' cut
[I 251113 19:30:34 utils:596] 78951/33627023 (0.2%) events passed 'Brunel_DLLe>2.0&(Brunel_DLLe-Brunel_DLLK)>-2.0&(Brunel_DLLe-Brunel_DLLp)>-2.0&Brunel_MC15TuneV1_ProbNNghost<0.25' cut
[I 251113 19:30:34 utils:596] 8545990/33627023 (25.4%) events passed '(Brunel_MC15TuneV1_ProbNNpi>0.1&Brunel_DLLK<0.0&Brunel_DLLp<0.0&Brunel_DLLe<2.0&Brunel_MC15TuneV1_ProbNNghost<0.25)==0.0&(Brunel_MC15TuneV1_ProbNNk>0.1&Brunel_DLLK>0.0&(Brunel_DLLp-Brunel_DLLK)<0.0&(Brunel_DLLe-Brunel_DLLK)<-2.0&Brunel_MC15TuneV1_ProbNNghost<0.25)==0.0&(Brunel_MC15TuneV1_ProbNNp>0.1&Brunel_DLLp>0.0&(Brunel_DLLp-Brunel_DLLK)>2.0&(Brunel_DLLe-Brunel_DLLp)<-2.0&Brunel_MC15TuneV1_ProbNNghost<0.25)==0.0&(Brunel_DLLe>2.0&(Brunel_DLLe-Brunel_DLLK)>-2.0&(Brunel_DLLe-Brunel_DLLp)>-2.0&Brunel_MC15TuneV1_ProbNNghost<0.25)==0.0' cut
[I 251113 19:30:34 make_eff_histo_mod:220] Processing MagDown calibration samples
[I 251113 19:30:34 utils:461] Branches to be read: {'sWeight': 'probe_sWeight', 'Brunel_MC15TuneV1_ProbNNpi': 'probe_Brunel_MC15TuneV1_ProbNNpi', 'Brunel_DLLK': 'probe_Brunel_PIDK', 'Brunel_DLLp': 'probe_Brunel_PIDp', 'Brunel_DLLe': 'probe_Brunel_PIDe', 'Brunel_MC15TuneV1_ProbNNghost': 'probe_Brunel_MC15TuneV1_ProbNNghost', 'Brunel_MC15TuneV1_ProbNNk': 'probe_Brunel_MC15TuneV1_ProbNNk', 'Brunel_MC15TuneV1_ProbNNp': 'probe_Brunel_MC15TuneV1_ProbNNp', 'Brunel_P': 'probe_Brunel_P', 'Brunel_ETA': 'probe_Brunel_ETA', 'nTracks_Brunel': 'nTracks_Brunel', 'TRACK_GHOSTPROB': 'probe_TRACK_GHOSTPROB', 'IsMuon': 'probe_isMuon', 'InMuonAcc': 'probe_InMuonAcc', 'MuonUnbiased': 'probe_MuonUnbiased'}
[I 251113 19:30:34 utils:462] 96 calibration files from EOS will be processed
[I 251113 20:06:02 utils:517] Processed 96/96 files
[I 251113 20:06:02 utils:596] 116378718/131342613 (88.6%) events passed binning range cut
[I 251113 20:06:02 utils:596] 31168652/116378718 (26.8%) events passed user cut
[I 251113 20:06:02 utils:596] 1609089/31168652 (5.2%) events passed 'Brunel_MC15TuneV1_ProbNNpi>0.1&Brunel_DLLK<0.0&Brunel_DLLp<0.0&Brunel_DLLe<2.0&Brunel_MC15TuneV1_ProbNNghost<0.25' cut
[I 251113 20:06:02 utils:596] 2486768/31168652 (8.0%) events passed 'Brunel_MC15TuneV1_ProbNNk>0.1&Brunel_DLLK>0.0&(Brunel_DLLp-Brunel_DLLK)<0.0&(Brunel_DLLe-Brunel_DLLK)<-2.0&Brunel_MC15TuneV1_ProbNNghost<0.25' cut
[I 251113 20:06:02 utils:596] 19056386/31168652 (61.1%) events passed 'Brunel_MC15TuneV1_ProbNNp>0.1&Brunel_DLLp>0.0&(Brunel_DLLp-Brunel_DLLK)>2.0&(Brunel_DLLe-Brunel_DLLp)<-2.0&Brunel_MC15TuneV1_ProbNNghost<0.25' cut
[I 251113 20:06:02 utils:596] 72031/31168652 (0.2%) events passed 'Brunel_DLLe>2.0&(Brunel_DLLe-Brunel_DLLK)>-2.0&(Brunel_DLLe-Brunel_DLLp)>-2.0&Brunel_MC15TuneV1_ProbNNghost<0.25' cut
[I 251113 20:06:02 utils:596] 7944378/31168652 (25.5%) events passed '(Brunel_MC15TuneV1_ProbNNpi>0.1&Brunel_DLLK<0.0&Brunel_DLLp<0.0&Brunel_DLLe<2.0&Brunel_MC15TuneV1_ProbNNghost<0.25)==0.0&(Brunel_MC15TuneV1_ProbNNk>0.1&Brunel_DLLK>0.0&(Brunel_DLLp-Brunel_DLLK)<0.0&(Brunel_DLLe-Brunel_DLLK)<-2.0&Brunel_MC15TuneV1_ProbNNghost<0.25)==0.0&(Brunel_MC15TuneV1_ProbNNp>0.1&Brunel_DLLp>0.0&(Brunel_DLLp-Brunel_DLLK)>2.0&(Brunel_DLLe-Brunel_DLLp)<-2.0&Brunel_MC15TuneV1_ProbNNghost<0.25)==0.0&(Brunel_DLLe>2.0&(Brunel_DLLe-Brunel_DLLK)>-2.0&(Brunel_DLLe-Brunel_DLLp)>-2.0&Brunel_MC15TuneV1_ProbNNghost<0.25)==0.0' cut
[I 251113 20:06:02 make_eff_histo_mod:239] Efficiency histogram of cut Brunel_MC15TuneV1_ProbNNpi>0.1&Brunel_DLLK<0.0&Brunel_DLLp<0.0&Brunel_DLLe<2.0&Brunel_MC15TuneV1_ProbNNghost<0.25 saved to 'raw_histos/pTrueTo-2018/pTrueToPiTag.pkl'
[I 251113 20:06:02 make_eff_histo_mod:239] Efficiency histogram of cut Brunel_MC15TuneV1_ProbNNk>0.1&Brunel_DLLK>0.0&(Brunel_DLLp-Brunel_DLLK)<0.0&(Brunel_DLLe-Brunel_DLLK)<-2.0&Brunel_MC15TuneV1_ProbNNghost<0.25 saved to 'raw_histos/pTrueTo-2018/pTrueToKTag.pkl'
[I 251113 20:06:02 make_eff_histo_mod:239] Efficiency histogram of cut Brunel_MC15TuneV1_ProbNNp>0.1&Brunel_DLLp>0.0&(Brunel_DLLp-Brunel_DLLK)>2.0&(Brunel_DLLe-Brunel_DLLp)<-2.0&Brunel_MC15TuneV1_ProbNNghost<0.25 saved to 'raw_histos/pTrueTo-2018/pTrueToPTag.pkl'
[I 251113 20:06:02 make_eff_histo_mod:239] Efficiency histogram of cut Brunel_DLLe>2.0&(Brunel_DLLe-Brunel_DLLK)>-2.0&(Brunel_DLLe-Brunel_DLLp)>-2.0&Brunel_MC15TuneV1_ProbNNghost<0.25 saved to 'raw_histos/pTrueTo-2018/pTrueToETag.pkl'
[I 251113 20:06:02 make_eff_histo_mod:239] Efficiency histogram of cut (Brunel_MC15TuneV1_ProbNNpi>0.1&Brunel_DLLK<0.0&Brunel_DLLp<0.0&Brunel_DLLe<2.0&Brunel_MC15TuneV1_ProbNNghost<0.25)==0.0&(Brunel_MC15TuneV1_ProbNNk>0.1&Brunel_DLLK>0.0&(Brunel_DLLp-Brunel_DLLK)<0.0&(Brunel_DLLe-Brunel_DLLK)<-2.0&Brunel_MC15TuneV1_ProbNNghost<0.25)==0.0&(Brunel_MC15TuneV1_ProbNNp>0.1&Brunel_DLLp>0.0&(Brunel_DLLp-Brunel_DLLK)>2.0&(Brunel_DLLe-Brunel_DLLp)<-2.0&Brunel_MC15TuneV1_ProbNNghost<0.25)==0.0&(Brunel_DLLe>2.0&(Brunel_DLLe-Brunel_DLLK)>-2.0&(Brunel_DLLe-Brunel_DLLp)>-2.0&Brunel_MC15TuneV1_ProbNNghost<0.25)==0.0 saved to 'raw_histos/pTrueTo-2018/pTrueToGTag.pkl'
[I 251113 20:06:10 make_eff_histo_mod:189] Running PIDCalib2 make_eff_hists with the following config:
[I 251113 20:06:10 utils:117] ===============
[I 251113 20:06:10 utils:120] sample         : Turbo18
[I 251113 20:06:10 utils:120] magnet         : both
[I 251113 20:06:10 utils:120] particle       : Pi
[I 251113 20:06:10 utils:120] pid_cuts       : ['IsMuon==1.0&DLLmu>2.0&DLLe<1.0&UBDT>0.25']
[I 251113 20:06:10 utils:120] cuts           : ['TRACK_GHOSTPROB < 0.5 & MuonUnbiased == 1.0 & InMuonAcc == 1.0']
[I 251113 20:06:10 utils:120] bin_vars       : ['Brunel_P', 'Brunel_ETA', 'nTracks_Brunel']
[I 251113 20:06:10 utils:120] binning_file   : ./tmp/binning.json
[I 251113 20:06:10 utils:120] output_dir     : raw_histos/piTrueTo-2018
[I 251113 20:06:10 utils:120] verbose        : False
[I 251113 20:06:10 utils:120] pkl_name       : ['piTrueToMuTag_nom.pkl']
[I 251113 20:06:10 utils:120] version        : N/A
[I 251113 20:06:10 utils:121] ===============
[I 251113 20:06:10 binning:205] Loading binnings from ./tmp/binning.json
[W 251113 20:06:10 binning:245] The following custom binnings are not being used: [{'particle': 'K', 'bin_var': 'Brunel_P'}, {'particle': 'K', 'bin_var': 'Brunel_ETA'}, {'particle': 'K', 'bin_var': 'nTracks_Brunel'}, {'particle': 'P', 'bin_var': 'Brunel_P'}, {'particle': 'P', 'bin_var': 'Brunel_ETA'}, {'particle': 'P', 'bin_var': 'nTracks_Brunel'}, {'particle': 'e_B_Jpsi', 'bin_var': 'Brunel_P'}, {'particle': 'e_B_Jpsi', 'bin_var': 'Brunel_ETA'}, {'particle': 'e_B_Jpsi', 'bin_var': 'nTracks'}]
[I 251113 20:06:10 make_eff_histo_mod:215] Processing MapUp calibration samples
[I 251113 20:06:10 utils:461] Branches to be read: {'sWeight': 'probe_sWeight', 'IsMuon': 'probe_isMuon', 'DLLmu': 'probe_PIDmu', 'DLLe': 'probe_PIDe', 'UBDT': 'probe_UBDT', 'Brunel_P': 'probe_Brunel_P', 'Brunel_ETA': 'probe_Brunel_ETA', 'nTracks_Brunel': 'nTracks_Brunel', 'TRACK_GHOSTPROB': 'probe_TRACK_GHOSTPROB', 'MuonUnbiased': 'probe_MuonUnbiased', 'InMuonAcc': 'probe_InMuonAcc'}
[I 251113 20:06:10 utils:462] 289 calibration files from EOS will be processed
[I 251113 20:33:45 utils:517] Processed 289/289 files
[I 251113 20:33:45 utils:596] 150367698/164834197 (91.2%) events passed binning range cut
[I 251113 20:33:45 utils:596] 84458608/150367698 (56.2%) events passed user cut
[I 251113 20:33:45 utils:596] 470260/84458608 (0.6%) events passed 'IsMuon==1.0&DLLmu>2.0&DLLe<1.0&UBDT>0.25' cut
[I 251113 20:33:45 make_eff_histo_mod:220] Processing MagDown calibration samples
[I 251113 20:33:45 utils:461] Branches to be read: {'sWeight': 'probe_sWeight', 'IsMuon': 'probe_isMuon', 'DLLmu': 'probe_PIDmu', 'DLLe': 'probe_PIDe', 'UBDT': 'probe_UBDT', 'Brunel_P': 'probe_Brunel_P', 'Brunel_ETA': 'probe_Brunel_ETA', 'nTracks_Brunel': 'nTracks_Brunel', 'TRACK_GHOSTPROB': 'probe_TRACK_GHOSTPROB', 'MuonUnbiased': 'probe_MuonUnbiased', 'InMuonAcc': 'probe_InMuonAcc'}
[I 251113 20:33:45 utils:462] 268 calibration files from EOS will be processed
[I 251113 21:01:07 utils:517] Processed 268/268 files
[I 251113 21:01:07 utils:596] 139535950/152984549 (91.2%) events passed binning range cut
[I 251113 21:01:07 utils:596] 78238203/139535950 (56.1%) events passed user cut
[I 251113 21:01:07 utils:596] 427306/78238203 (0.5%) events passed 'IsMuon==1.0&DLLmu>2.0&DLLe<1.0&UBDT>0.25' cut
[I 251113 21:01:07 make_eff_histo_mod:239] Efficiency histogram of cut IsMuon==1.0&DLLmu>2.0&DLLe<1.0&UBDT>0.25 saved to 'raw_histos/piTrueTo-2018/piTrueToMuTag_nom.pkl'

/home/lmeyerga/misid-unfold/scripts/make_eff_histo_mod.py \
    --output-dir raw_histos/piTrueTo-2018 \
    --sample Turbo18 --magnet both \
    --particle Pi \
    --binning-file ./tmp/binning.json \
    --cut "TRACK_GHOSTPROB < 0.5 & IsMuon == 0.0 & InMuonAcc == 1.0 & MuonUnbiased == 1.0" --pid-cut "Brunel_MC15TuneV1_ProbNNpi > 0.1 & Brunel_DLLK < 0.0 & Brunel_DLLp < 0.0 & Brunel_DLLe < 2.0 & Brunel_MC15TuneV1_ProbNNghost < 0.25" --pkl-name piTrueToPiTag.pkl --pid-cut "Brunel_MC15TuneV1_ProbNNk > 0.1 & Brunel_DLLK > 0.0 & (Brunel_DLLp - Brunel_DLLK) < 0.0 & (Brunel_DLLe - Brunel_DLLK) < -2.0 & Brunel_MC15TuneV1_ProbNNghost < 0.25" --pkl-name piTrueToKTag.pkl --pid-cut "Brunel_MC15TuneV1_ProbNNp > 0.1 & Brunel_DLLp > 0.0 & (Brunel_DLLp - Brunel_DLLK) > 2.0 & (Brunel_DLLe - Brunel_DLLp) < -2.0 & Brunel_MC15TuneV1_ProbNNghost < 0.25" --pkl-name piTrueToPTag.pkl --pid-cut "Brunel_DLLe > 2.0 & (Brunel_DLLe - Brunel_DLLK) > -2.0 & (Brunel_DLLe - Brunel_DLLp) > -2.0 & Brunel_MC15TuneV1_ProbNNghost < 0.25" --pkl-name piTrueToETag.pkl --pid-cut "(Brunel_MC15TuneV1_ProbNNpi > 0.1 & Brunel_DLLK < 0.0 & Brunel_DLLp < 0.0 & Brunel_DLLe < 2.0 & Brunel_MC15TuneV1_ProbNNghost < 0.25) == 0.0 & (Brunel_MC15TuneV1_ProbNNk > 0.1 & Brunel_DLLK > 0.0 & (Brunel_DLLp - Brunel_DLLK) < 0.0 & (Brunel_DLLe - Brunel_DLLK) < -2.0 & Brunel_MC15TuneV1_ProbNNghost < 0.25) == 0.0 & (Brunel_MC15TuneV1_ProbNNp > 0.1 & Brunel_DLLp > 0.0 & (Brunel_DLLp - Brunel_DLLK) > 2.0 & (Brunel_DLLe - Brunel_DLLp) < -2.0 & Brunel_MC15TuneV1_ProbNNghost < 0.25) == 0.0 & (Brunel_DLLe > 2.0 & (Brunel_DLLe - Brunel_DLLK) > -2.0 & (Brunel_DLLe - Brunel_DLLp) > -2.0 & Brunel_MC15TuneV1_ProbNNghost < 0.25) == 0.0" --pkl-name piTrueToGTag.pkl --bin-var Brunel_P --bin-var Brunel_ETA --bin-var nTracks_Brunel


pidcalib2.pklhisto2root "raw_histos/piTrueTo-2018/piTrueToPiTag.pkl"


pidcalib2.pklhisto2root "raw_histos/piTrueTo-2018/piTrueToETag.pkl"


pidcalib2.pklhisto2root "raw_histos/piTrueTo-2018/piTrueToPTag.pkl"


pidcalib2.pklhisto2root "raw_histos/piTrueTo-2018/piTrueToGTag.pkl"


pidcalib2.pklhisto2root "raw_histos/piTrueTo-2018/piTrueToKTag.pkl"


cp "raw_histos/piTrueTo-2018/piTrueToGTag.root" ./piTrueToGTag.root


cp "raw_histos/piTrueTo-2018/piTrueToPiTag.root" ./piTrueToPiTag.root


cp "raw_histos/piTrueTo-2018/piTrueToPTag.root" ./piTrueToPTag.root


cp "raw_histos/piTrueTo-2018/piTrueToETag.root" ./piTrueToETag.root


cp "raw_histos/piTrueTo-2018/piTrueToKTag.root" ./piTrueToKTag.root


/home/lmeyerga/misid-unfold/scripts/make_eff_histo_mod.py \
    --output-dir raw_histos/kTrueTo-2018 \
    --sample Turbo18 --magnet both \
    --particle K \
    --binning-file ./tmp/binning.json \
    --cut "TRACK_GHOSTPROB < 0.5 & IsMuon == 0.0 & InMuonAcc == 1.0 & MuonUnbiased == 1.0" --pid-cut "Brunel_MC15TuneV1_ProbNNpi > 0.1 & Brunel_DLLK < 0.0 & Brunel_DLLp < 0.0 & Brunel_DLLe < 2.0 & Brunel_MC15TuneV1_ProbNNghost < 0.25" --pkl-name kTrueToPiTag.pkl --pid-cut "Brunel_MC15TuneV1_ProbNNk > 0.1 & Brunel_DLLK > 0.0 & (Brunel_DLLp - Brunel_DLLK) < 0.0 & (Brunel_DLLe - Brunel_DLLK) < -2.0 & Brunel_MC15TuneV1_ProbNNghost < 0.25" --pkl-name kTrueToKTag.pkl --pid-cut "Brunel_MC15TuneV1_ProbNNp > 0.1 & Brunel_DLLp > 0.0 & (Brunel_DLLp - Brunel_DLLK) > 2.0 & (Brunel_DLLe - Brunel_DLLp) < -2.0 & Brunel_MC15TuneV1_ProbNNghost < 0.25" --pkl-name kTrueToPTag.pkl --pid-cut "Brunel_DLLe > 2.0 & (Brunel_DLLe - Brunel_DLLK) > -2.0 & (Brunel_DLLe - Brunel_DLLp) > -2.0 & Brunel_MC15TuneV1_ProbNNghost < 0.25" --pkl-name kTrueToETag.pkl --pid-cut "(Brunel_MC15TuneV1_ProbNNpi > 0.1 & Brunel_DLLK < 0.0 & Brunel_DLLp < 0.0 & Brunel_DLLe < 2.0 & Brunel_MC15TuneV1_ProbNNghost < 0.25) == 0.0 & (Brunel_MC15TuneV1_ProbNNk > 0.1 & Brunel_DLLK > 0.0 & (Brunel_DLLp - Brunel_DLLK) < 0.0 & (Brunel_DLLe - Brunel_DLLK) < -2.0 & Brunel_MC15TuneV1_ProbNNghost < 0.25) == 0.0 & (Brunel_MC15TuneV1_ProbNNp > 0.1 & Brunel_DLLp > 0.0 & (Brunel_DLLp - Brunel_DLLK) > 2.0 & (Brunel_DLLe - Brunel_DLLp) < -2.0 & Brunel_MC15TuneV1_ProbNNghost < 0.25) == 0.0 & (Brunel_DLLe > 2.0 & (Brunel_DLLe - Brunel_DLLK) > -2.0 & (Brunel_DLLe - Brunel_DLLp) > -2.0 & Brunel_MC15TuneV1_ProbNNghost < 0.25) == 0.0" --pkl-name kTrueToGTag.pkl --bin-var Brunel_P --bin-var Brunel_ETA --bin-var nTracks_Brunel


pidcalib2.pklhisto2root "raw_histos/kTrueTo-2018/kTrueToPTag.pkl"


pidcalib2.pklhisto2root "raw_histos/kTrueTo-2018/kTrueToGTag.pkl"


pidcalib2.pklhisto2root "raw_histos/kTrueTo-2018/kTrueToKTag.pkl"


pidcalib2.pklhisto2root "raw_histos/kTrueTo-2018/kTrueToPiTag.pkl"


pidcalib2.pklhisto2root "raw_histos/kTrueTo-2018/kTrueToETag.pkl"


cp "raw_histos/kTrueTo-2018/kTrueToPiTag.root" ./kTrueToPiTag.root


cp "raw_histos/kTrueTo-2018/kTrueToETag.root" ./kTrueToETag.root


cp "raw_histos/kTrueTo-2018/kTrueToKTag.root" ./kTrueToKTag.root


cp "raw_histos/kTrueTo-2018/kTrueToPTag.root" ./kTrueToPTag.root


cp "raw_histos/kTrueTo-2018/kTrueToGTag.root" ./kTrueToGTag.root


/home/lmeyerga/misid-unfold/scripts/make_eff_histo_mod.py \
    --output-dir raw_histos/pTrueTo-2018 \
    --sample Turbo18 --magnet both \
    --particle P \
    --binning-file ./tmp/binning.json \
    --cut "TRACK_GHOSTPROB < 0.5 & IsMuon == 0.0 & InMuonAcc == 1.0 & MuonUnbiased == 1.0" --pid-cut "Brunel_MC15TuneV1_ProbNNpi > 0.1 & Brunel_DLLK < 0.0 & Brunel_DLLp < 0.0 & Brunel_DLLe < 2.0 & Brunel_MC15TuneV1_ProbNNghost < 0.25" --pkl-name pTrueToPiTag.pkl --pid-cut "Brunel_MC15TuneV1_ProbNNk > 0.1 & Brunel_DLLK > 0.0 & (Brunel_DLLp - Brunel_DLLK) < 0.0 & (Brunel_DLLe - Brunel_DLLK) < -2.0 & Brunel_MC15TuneV1_ProbNNghost < 0.25" --pkl-name pTrueToKTag.pkl --pid-cut "Brunel_MC15TuneV1_ProbNNp > 0.1 & Brunel_DLLp > 0.0 & (Brunel_DLLp - Brunel_DLLK) > 2.0 & (Brunel_DLLe - Brunel_DLLp) < -2.0 & Brunel_MC15TuneV1_ProbNNghost < 0.25" --pkl-name pTrueToPTag.pkl --pid-cut "Brunel_DLLe > 2.0 & (Brunel_DLLe - Brunel_DLLK) > -2.0 & (Brunel_DLLe - Brunel_DLLp) > -2.0 & Brunel_MC15TuneV1_ProbNNghost < 0.25" --pkl-name pTrueToETag.pkl --pid-cut "(Brunel_MC15TuneV1_ProbNNpi > 0.1 & Brunel_DLLK < 0.0 & Brunel_DLLp < 0.0 & Brunel_DLLe < 2.0 & Brunel_MC15TuneV1_ProbNNghost < 0.25) == 0.0 & (Brunel_MC15TuneV1_ProbNNk > 0.1 & Brunel_DLLK > 0.0 & (Brunel_DLLp - Brunel_DLLK) < 0.0 & (Brunel_DLLe - Brunel_DLLK) < -2.0 & Brunel_MC15TuneV1_ProbNNghost < 0.25) == 0.0 & (Brunel_MC15TuneV1_ProbNNp > 0.1 & Brunel_DLLp > 0.0 & (Brunel_DLLp - Brunel_DLLK) > 2.0 & (Brunel_DLLe - Brunel_DLLp) < -2.0 & Brunel_MC15TuneV1_ProbNNghost < 0.25) == 0.0 & (Brunel_DLLe > 2.0 & (Brunel_DLLe - Brunel_DLLK) > -2.0 & (Brunel_DLLe - Brunel_DLLp) > -2.0 & Brunel_MC15TuneV1_ProbNNghost < 0.25) == 0.0" --pkl-name pTrueToGTag.pkl --bin-var Brunel_P --bin-var Brunel_ETA --bin-var nTracks_Brunel


pidcalib2.pklhisto2root "raw_histos/pTrueTo-2018/pTrueToGTag.pkl"


pidcalib2.pklhisto2root "raw_histos/pTrueTo-2018/pTrueToPTag.pkl"


pidcalib2.pklhisto2root "raw_histos/pTrueTo-2018/pTrueToPiTag.pkl"


pidcalib2.pklhisto2root "raw_histos/pTrueTo-2018/pTrueToKTag.pkl"


pidcalib2.pklhisto2root "raw_histos/pTrueTo-2018/pTrueToETag.pkl"


cp "raw_histos/pTrueTo-2018/pTrueToETag.root" ./pTrueToETag.root


cp "raw_histos/pTrueTo-2018/pTrueToKTag.root" ./pTrueToKTag.root


cp "raw_histos/pTrueTo-2018/pTrueToPTag.root" ./pTrueToPTag.root


cp "raw_histos/pTrueTo-2018/pTrueToGTag.root" ./pTrueToGTag.root


cp "raw_histos/pTrueTo-2018/pTrueToPiTag.root" ./pTrueToPiTag.root


/home/lmeyerga/misid-unfold/scripts/make_eff_histo_mod.py \
    --output-dir raw_histos/piTrueTo-2018 \
    --sample Turbo18 --magnet both \
    --particle Pi \
    --binning-file ./tmp/binning.json \
    --cut "TRACK_GHOSTPROB < 0.5 & MuonUnbiased == 1.0 & InMuonAcc == 1.0" --pid-cut "IsMuon == 1.0 & DLLmu > 2.0 & DLLe < 1.0 & UBDT > 0.25" --pkl-name piTrueToMuTag_nom.pkl --bin-var Brunel_P --bin-var Brunel_ETA --bin-var nTracks_Brunel


pidcalib2.pklhisto2root "raw_histos/piTrueTo-2018/piTrueToPiTag.pkl"


pidcalib2.pklhisto2root "raw_histos/piTrueTo-2018/piTrueToETag.pkl"


pidcalib2.pklhisto2root "raw_histos/piTrueTo-2018/piTrueToPTag.pkl"


pidcalib2.pklhisto2root "raw_histos/piTrueTo-2018/piTrueToGTag.pkl"

[I 251113 21:01:16 make_eff_histo_mod:189] Running PIDCalib2 make_eff_hists with the following config:
[I 251113 21:01:16 utils:117] ===============
[I 251113 21:01:16 utils:120] sample         : Turbo18
[I 251113 21:01:16 utils:120] magnet         : both
[I 251113 21:01:16 utils:120] particle       : Pi
[I 251113 21:01:16 utils:120] pid_cuts       : ['IsMuon==1.0&DLLmu>2.0&DLLe<1.0&UBDT<0.25']
[I 251113 21:01:16 utils:120] cuts           : ['TRACK_GHOSTPROB < 0.5 & MuonUnbiased == 1.0 & InMuonAcc == 1.0']
[I 251113 21:01:16 utils:120] bin_vars       : ['Brunel_P', 'Brunel_ETA', 'nTracks_Brunel']
[I 251113 21:01:16 utils:120] binning_file   : ./tmp/binning.json
[I 251113 21:01:16 utils:120] output_dir     : raw_histos/piTrueTo-2018
[I 251113 21:01:16 utils:120] verbose        : False
[I 251113 21:01:16 utils:120] pkl_name       : ['piTrueToMuTag_nom_vmu.pkl']
[I 251113 21:01:16 utils:120] version        : N/A
[I 251113 21:01:16 utils:121] ===============
[I 251113 21:01:16 binning:205] Loading binnings from ./tmp/binning.json
[W 251113 21:01:16 binning:245] The following custom binnings are not being used: [{'particle': 'K', 'bin_var': 'Brunel_P'}, {'particle': 'K', 'bin_var': 'Brunel_ETA'}, {'particle': 'K', 'bin_var': 'nTracks_Brunel'}, {'particle': 'P', 'bin_var': 'Brunel_P'}, {'particle': 'P', 'bin_var': 'Brunel_ETA'}, {'particle': 'P', 'bin_var': 'nTracks_Brunel'}, {'particle': 'e_B_Jpsi', 'bin_var': 'Brunel_P'}, {'particle': 'e_B_Jpsi', 'bin_var': 'Brunel_ETA'}, {'particle': 'e_B_Jpsi', 'bin_var': 'nTracks'}]
[I 251113 21:01:16 make_eff_histo_mod:215] Processing MapUp calibration samples
[I 251113 21:01:16 utils:461] Branches to be read: {'sWeight': 'probe_sWeight', 'IsMuon': 'probe_isMuon', 'DLLmu': 'probe_PIDmu', 'DLLe': 'probe_PIDe', 'UBDT': 'probe_UBDT', 'Brunel_P': 'probe_Brunel_P', 'Brunel_ETA': 'probe_Brunel_ETA', 'nTracks_Brunel': 'nTracks_Brunel', 'TRACK_GHOSTPROB': 'probe_TRACK_GHOSTPROB', 'MuonUnbiased': 'probe_MuonUnbiased', 'InMuonAcc': 'probe_InMuonAcc'}
[I 251113 21:01:16 utils:462] 289 calibration files from EOS will be processed
[I 251113 21:25:15 utils:517] Processed 289/289 files
[I 251113 21:25:15 utils:596] 150367698/164834197 (91.2%) events passed binning range cut
[I 251113 21:25:15 utils:596] 84458608/150367698 (56.2%) events passed user cut
[I 251113 21:25:15 utils:596] 144538/84458608 (0.2%) events passed 'IsMuon==1.0&DLLmu>2.0&DLLe<1.0&UBDT<0.25' cut
[I 251113 21:25:15 make_eff_histo_mod:220] Processing MagDown calibration samples
[I 251113 21:25:15 utils:461] Branches to be read: {'sWeight': 'probe_sWeight', 'IsMuon': 'probe_isMuon', 'DLLmu': 'probe_PIDmu', 'DLLe': 'probe_PIDe', 'UBDT': 'probe_UBDT', 'Brunel_P': 'probe_Brunel_P', 'Brunel_ETA': 'probe_Brunel_ETA', 'nTracks_Brunel': 'nTracks_Brunel', 'TRACK_GHOSTPROB': 'probe_TRACK_GHOSTPROB', 'MuonUnbiased': 'probe_MuonUnbiased', 'InMuonAcc': 'probe_InMuonAcc'}
[I 251113 21:25:15 utils:462] 268 calibration files from EOS will be processed
[I 251113 21:49:10 utils:517] Processed 268/268 files
[I 251113 21:49:10 utils:596] 139535950/152984549 (91.2%) events passed binning range cut
[I 251113 21:49:10 utils:596] 78238203/139535950 (56.1%) events passed user cut
[I 251113 21:49:10 utils:596] 126189/78238203 (0.2%) events passed 'IsMuon==1.0&DLLmu>2.0&DLLe<1.0&UBDT<0.25' cut
[I 251113 21:49:10 make_eff_histo_mod:239] Efficiency histogram of cut IsMuon==1.0&DLLmu>2.0&DLLe<1.0&UBDT<0.25 saved to 'raw_histos/piTrueTo-2018/piTrueToMuTag_nom_vmu.pkl'
[I 251113 21:49:20 make_eff_histo_mod:189] Running PIDCalib2 make_eff_hists with the following config:
[I 251113 21:49:20 utils:117] ===============
[I 251113 21:49:20 utils:120] sample         : Turbo18
[I 251113 21:49:20 utils:120] magnet         : both
[I 251113 21:49:20 utils:120] particle       : Pi
[I 251113 21:49:20 utils:120] pid_cuts       : ['IsMuon==0.0']
[I 251113 21:49:20 utils:120] cuts           : ['TRACK_GHOSTPROB < 0.5 & MuonUnbiased == 1.0 & InMuonAcc == 1.0']
[I 251113 21:49:20 utils:120] bin_vars       : ['Brunel_P', 'Brunel_ETA', 'nTracks_Brunel']
[I 251113 21:49:20 utils:120] binning_file   : ./tmp/binning.json
[I 251113 21:49:20 utils:120] output_dir     : raw_histos/piTrueTo-2018
[I 251113 21:49:20 utils:120] verbose        : False
[I 251113 21:49:20 utils:120] pkl_name       : ['piTrueToMuTag_denom.pkl']
[I 251113 21:49:20 utils:120] version        : N/A
[I 251113 21:49:20 utils:121] ===============
[I 251113 21:49:20 binning:205] Loading binnings from ./tmp/binning.json
[W 251113 21:49:20 binning:245] The following custom binnings are not being used: [{'particle': 'K', 'bin_var': 'Brunel_P'}, {'particle': 'K', 'bin_var': 'Brunel_ETA'}, {'particle': 'K', 'bin_var': 'nTracks_Brunel'}, {'particle': 'P', 'bin_var': 'Brunel_P'}, {'particle': 'P', 'bin_var': 'Brunel_ETA'}, {'particle': 'P', 'bin_var': 'nTracks_Brunel'}, {'particle': 'e_B_Jpsi', 'bin_var': 'Brunel_P'}, {'particle': 'e_B_Jpsi', 'bin_var': 'Brunel_ETA'}, {'particle': 'e_B_Jpsi', 'bin_var': 'nTracks'}]
[I 251113 21:49:20 make_eff_histo_mod:215] Processing MapUp calibration samples
[I 251113 21:49:20 utils:461] Branches to be read: {'sWeight': 'probe_sWeight', 'IsMuon': 'probe_isMuon', 'Brunel_P': 'probe_Brunel_P', 'Brunel_ETA': 'probe_Brunel_ETA', 'nTracks_Brunel': 'nTracks_Brunel', 'TRACK_GHOSTPROB': 'probe_TRACK_GHOSTPROB', 'MuonUnbiased': 'probe_MuonUnbiased', 'InMuonAcc': 'probe_InMuonAcc'}
[I 251113 21:49:20 utils:462] 289 calibration files from EOS will be processed
[I 251113 22:07:54 utils:517] Processed 289/289 files
[I 251113 22:07:54 utils:596] 150367698/164834197 (91.2%) events passed binning range cut
[I 251113 22:07:54 utils:596] 84458608/150367698 (56.2%) events passed user cut
[I 251113 22:07:54 utils:596] 82286412/84458608 (97.4%) events passed 'IsMuon==0.0' cut
[I 251113 22:07:54 make_eff_histo_mod:220] Processing MagDown calibration samples
[I 251113 22:07:54 utils:461] Branches to be read: {'sWeight': 'probe_sWeight', 'IsMuon': 'probe_isMuon', 'Brunel_P': 'probe_Brunel_P', 'Brunel_ETA': 'probe_Brunel_ETA', 'nTracks_Brunel': 'nTracks_Brunel', 'TRACK_GHOSTPROB': 'probe_TRACK_GHOSTPROB', 'MuonUnbiased': 'probe_MuonUnbiased', 'InMuonAcc': 'probe_InMuonAcc'}
[I 251113 22:07:54 utils:462] 268 calibration files from EOS will be processed
[I 251113 22:24:27 utils:517] Processed 268/268 files
[I 251113 22:24:27 utils:596] 139535950/152984549 (91.2%) events passed binning range cut
[I 251113 22:24:27 utils:596] 78238203/139535950 (56.1%) events passed user cut
[I 251113 22:24:27 utils:596] 76207607/78238203 (97.4%) events passed 'IsMuon==0.0' cut
[I 251113 22:24:27 make_eff_histo_mod:239] Efficiency histogram of cut IsMuon==0.0 saved to 'raw_histos/piTrueTo-2018/piTrueToMuTag_denom.pkl'
[I 251113 22:24:38 make_eff_histo_mod:189] Running PIDCalib2 make_eff_hists with the following config:
[I 251113 22:24:38 utils:117] ===============
[I 251113 22:24:38 utils:120] sample         : Turbo18
[I 251113 22:24:38 utils:120] magnet         : both
[I 251113 22:24:38 utils:120] particle       : K
[I 251113 22:24:38 utils:120] pid_cuts       : ['IsMuon==1.0&DLLmu>2.0&DLLe<1.0&UBDT>0.25']
[I 251113 22:24:38 utils:120] cuts           : ['TRACK_GHOSTPROB < 0.5 & MuonUnbiased == 1.0 & InMuonAcc == 1.0']
[I 251113 22:24:38 utils:120] bin_vars       : ['Brunel_P', 'Brunel_ETA', 'nTracks_Brunel']
[I 251113 22:24:38 utils:120] binning_file   : ./tmp/binning.json
[I 251113 22:24:38 utils:120] output_dir     : raw_histos/kTrueTo-2018
[I 251113 22:24:38 utils:120] verbose        : False
[I 251113 22:24:38 utils:120] pkl_name       : ['kTrueToMuTag_nom.pkl']
[I 251113 22:24:38 utils:120] version        : N/A
[I 251113 22:24:38 utils:121] ===============
[I 251113 22:24:38 binning:205] Loading binnings from ./tmp/binning.json
[W 251113 22:24:38 binning:245] The following custom binnings are not being used: [{'particle': 'Pi', 'bin_var': 'Brunel_P'}, {'particle': 'Pi', 'bin_var': 'Brunel_ETA'}, {'particle': 'Pi', 'bin_var': 'nTracks_Brunel'}, {'particle': 'P', 'bin_var': 'Brunel_P'}, {'particle': 'P', 'bin_var': 'Brunel_ETA'}, {'particle': 'P', 'bin_var': 'nTracks_Brunel'}, {'particle': 'e_B_Jpsi', 'bin_var': 'Brunel_P'}, {'particle': 'e_B_Jpsi', 'bin_var': 'Brunel_ETA'}, {'particle': 'e_B_Jpsi', 'bin_var': 'nTracks'}]
[I 251113 22:24:38 make_eff_histo_mod:215] Processing MapUp calibration samples
[I 251113 22:24:38 utils:461] Branches to be read: {'sWeight': 'probe_sWeight', 'IsMuon': 'probe_isMuon', 'DLLmu': 'probe_PIDmu', 'DLLe': 'probe_PIDe', 'UBDT': 'probe_UBDT', 'Brunel_P': 'probe_Brunel_P', 'Brunel_ETA': 'probe_Brunel_ETA', 'nTracks_Brunel': 'nTracks_Brunel', 'TRACK_GHOSTPROB': 'probe_TRACK_GHOSTPROB', 'MuonUnbiased': 'probe_MuonUnbiased', 'InMuonAcc': 'probe_InMuonAcc'}
[I 251113 22:24:38 utils:462] 289 calibration files from EOS will be processed
[I 251113 22:52:39 utils:517] Processed 289/289 files
[I 251113 22:52:39 utils:596] 148917054/164834197 (90.3%) events passed binning range cut
[I 251113 22:52:39 utils:596] 77431586/148917054 (52.0%) events passed user cut
[I 251113 22:52:39 utils:596] 371548/77431586 (0.5%) events passed 'IsMuon==1.0&DLLmu>2.0&DLLe<1.0&UBDT>0.25' cut
[I 251113 22:52:39 make_eff_histo_mod:220] Processing MagDown calibration samples
[I 251113 22:52:39 utils:461] Branches to be read: {'sWeight': 'probe_sWeight', 'IsMuon': 'probe_isMuon', 'DLLmu': 'probe_PIDmu', 'DLLe': 'probe_PIDe', 'UBDT': 'probe_UBDT', 'Brunel_P': 'probe_Brunel_P', 'Brunel_ETA': 'probe_Brunel_ETA', 'nTracks_Brunel': 'nTracks_Brunel', 'TRACK_GHOSTPROB': 'probe_TRACK_GHOSTPROB', 'MuonUnbiased': 'probe_MuonUnbiased', 'InMuonAcc': 'probe_InMuonAcc'}
[I 251113 22:52:39 utils:462] 268 calibration files from EOS will be processed
[I 251113 23:21:05 utils:517] Processed 268/268 files
[I 251113 23:21:05 utils:596] 138203945/152984549 (90.3%) events passed binning range cut
[I 251113 23:21:05 utils:596] 71734137/138203945 (51.9%) events passed user cut
[I 251113 23:21:05 utils:596] 342297/71734137 (0.5%) events passed 'IsMuon==1.0&DLLmu>2.0&DLLe<1.0&UBDT>0.25' cut
[I 251113 23:21:05 make_eff_histo_mod:239] Efficiency histogram of cut IsMuon==1.0&DLLmu>2.0&DLLe<1.0&UBDT>0.25 saved to 'raw_histos/kTrueTo-2018/kTrueToMuTag_nom.pkl'
[I 251113 23:21:14 make_eff_histo_mod:189] Running PIDCalib2 make_eff_hists with the following config:
[I 251113 23:21:14 utils:117] ===============
[I 251113 23:21:14 utils:120] sample         : Turbo18
[I 251113 23:21:14 utils:120] magnet         : both
[I 251113 23:21:14 utils:120] particle       : K
[I 251113 23:21:14 utils:120] pid_cuts       : ['IsMuon==1.0&DLLmu>2.0&DLLe<1.0&UBDT<0.25']
[I 251113 23:21:14 utils:120] cuts           : ['TRACK_GHOSTPROB < 0.5 & MuonUnbiased == 1.0 & InMuonAcc == 1.0']
[I 251113 23:21:14 utils:120] bin_vars       : ['Brunel_P', 'Brunel_ETA', 'nTracks_Brunel']
[I 251113 23:21:14 utils:120] binning_file   : ./tmp/binning.json
[I 251113 23:21:14 utils:120] output_dir     : raw_histos/kTrueTo-2018
[I 251113 23:21:14 utils:120] verbose        : False
[I 251113 23:21:14 utils:120] pkl_name       : ['kTrueToMuTag_nom_vmu.pkl']
[I 251113 23:21:14 utils:120] version        : N/A
[I 251113 23:21:14 utils:121] ===============
[I 251113 23:21:14 binning:205] Loading binnings from ./tmp/binning.json
[W 251113 23:21:14 binning:245] The following custom binnings are not being used: [{'particle': 'Pi', 'bin_var': 'Brunel_P'}, {'particle': 'Pi', 'bin_var': 'Brunel_ETA'}, {'particle': 'Pi', 'bin_var': 'nTracks_Brunel'}, {'particle': 'P', 'bin_var': 'Brunel_P'}, {'particle': 'P', 'bin_var': 'Brunel_ETA'}, {'particle': 'P', 'bin_var': 'nTracks_Brunel'}, {'particle': 'e_B_Jpsi', 'bin_var': 'Brunel_P'}, {'particle': 'e_B_Jpsi', 'bin_var': 'Brunel_ETA'}, {'particle': 'e_B_Jpsi', 'bin_var': 'nTracks'}]
[I 251113 23:21:14 make_eff_histo_mod:215] Processing MapUp calibration samples
[I 251113 23:21:14 utils:461] Branches to be read: {'sWeight': 'probe_sWeight', 'IsMuon': 'probe_isMuon', 'DLLmu': 'probe_PIDmu', 'DLLe': 'probe_PIDe', 'UBDT': 'probe_UBDT', 'Brunel_P': 'probe_Brunel_P', 'Brunel_ETA': 'probe_Brunel_ETA', 'nTracks_Brunel': 'nTracks_Brunel', 'TRACK_GHOSTPROB': 'probe_TRACK_GHOSTPROB', 'MuonUnbiased': 'probe_MuonUnbiased', 'InMuonAcc': 'probe_InMuonAcc'}
[I 251113 23:21:14 utils:462] 289 calibration files from EOS will be processed
[I 251113 23:46:01 utils:517] Processed 289/289 files
[I 251113 23:46:01 utils:596] 148917054/164834197 (90.3%) events passed binning range cut
[I 251113 23:46:01 utils:596] 77431586/148917054 (52.0%) events passed user cut
[I 251113 23:46:01 utils:596] 608325/77431586 (0.8%) events passed 'IsMuon==1.0&DLLmu>2.0&DLLe<1.0&UBDT<0.25' cut
[I 251113 23:46:01 make_eff_histo_mod:220] Processing MagDown calibration samples
[I 251113 23:46:01 utils:461] Branches to be read: {'sWeight': 'probe_sWeight', 'IsMuon': 'probe_isMuon', 'DLLmu': 'probe_PIDmu', 'DLLe': 'probe_PIDe', 'UBDT': 'probe_UBDT', 'Brunel_P': 'probe_Brunel_P', 'Brunel_ETA': 'probe_Brunel_ETA', 'nTracks_Brunel': 'nTracks_Brunel', 'TRACK_GHOSTPROB': 'probe_TRACK_GHOSTPROB', 'MuonUnbiased': 'probe_MuonUnbiased', 'InMuonAcc': 'probe_InMuonAcc'}
[I 251113 23:46:01 utils:462] 268 calibration files from EOS will be processed
[I 251114 00:09:38 utils:517] Processed 268/268 files
[I 251114 00:09:38 utils:596] 138203945/152984549 (90.3%) events passed binning range cut
[I 251114 00:09:38 utils:596] 71734137/138203945 (51.9%) events passed user cut
[I 251114 00:09:38 utils:596] 564356/71734137 (0.8%) events passed 'IsMuon==1.0&DLLmu>2.0&DLLe<1.0&UBDT<0.25' cut
[I 251114 00:09:38 make_eff_histo_mod:239] Efficiency histogram of cut IsMuon==1.0&DLLmu>2.0&DLLe<1.0&UBDT<0.25 saved to 'raw_histos/kTrueTo-2018/kTrueToMuTag_nom_vmu.pkl'
[I 251114 00:09:49 make_eff_histo_mod:189] Running PIDCalib2 make_eff_hists with the following config:
[I 251114 00:09:49 utils:117] ===============
[I 251114 00:09:49 utils:120] sample         : Turbo18
[I 251114 00:09:49 utils:120] magnet         : both
[I 251114 00:09:49 utils:120] particle       : K
[I 251114 00:09:49 utils:120] pid_cuts       : ['IsMuon==0.0']
[I 251114 00:09:49 utils:120] cuts           : ['TRACK_GHOSTPROB < 0.5 & MuonUnbiased == 1.0 & InMuonAcc == 1.0']
[I 251114 00:09:49 utils:120] bin_vars       : ['Brunel_P', 'Brunel_ETA', 'nTracks_Brunel']
[I 251114 00:09:49 utils:120] binning_file   : ./tmp/binning.json
[I 251114 00:09:49 utils:120] output_dir     : raw_histos/kTrueTo-2018
[I 251114 00:09:49 utils:120] verbose        : False
[I 251114 00:09:49 utils:120] pkl_name       : ['kTrueToMuTag_denom.pkl']
[I 251114 00:09:49 utils:120] version        : N/A
[I 251114 00:09:49 utils:121] ===============
[I 251114 00:09:49 binning:205] Loading binnings from ./tmp/binning.json
[W 251114 00:09:49 binning:245] The following custom binnings are not being used: [{'particle': 'Pi', 'bin_var': 'Brunel_P'}, {'particle': 'Pi', 'bin_var': 'Brunel_ETA'}, {'particle': 'Pi', 'bin_var': 'nTracks_Brunel'}, {'particle': 'P', 'bin_var': 'Brunel_P'}, {'particle': 'P', 'bin_var': 'Brunel_ETA'}, {'particle': 'P', 'bin_var': 'nTracks_Brunel'}, {'particle': 'e_B_Jpsi', 'bin_var': 'Brunel_P'}, {'particle': 'e_B_Jpsi', 'bin_var': 'Brunel_ETA'}, {'particle': 'e_B_Jpsi', 'bin_var': 'nTracks'}]
[I 251114 00:09:49 make_eff_histo_mod:215] Processing MapUp calibration samples
[I 251114 00:09:49 utils:461] Branches to be read: {'sWeight': 'probe_sWeight', 'IsMuon': 'probe_isMuon', 'Brunel_P': 'probe_Brunel_P', 'Brunel_ETA': 'probe_Brunel_ETA', 'nTracks_Brunel': 'nTracks_Brunel', 'TRACK_GHOSTPROB': 'probe_TRACK_GHOSTPROB', 'MuonUnbiased': 'probe_MuonUnbiased', 'InMuonAcc': 'probe_InMuonAcc'}
[I 251114 00:09:49 utils:462] 289 calibration files from EOS will be processed
[I 251114 00:28:54 utils:517] Processed 289/289 files
[I 251114 00:28:54 utils:596] 148917054/164834197 (90.3%) events passed binning range cut
[I 251114 00:28:54 utils:596] 77431586/148917054 (52.0%) events passed user cut
[I 251114 00:28:54 utils:596] 75418924/77431586 (97.4%) events passed 'IsMuon==0.0' cut
[I 251114 00:28:54 make_eff_histo_mod:220] Processing MagDown calibration samples
[I 251114 00:28:54 utils:461] Branches to be read: {'sWeight': 'probe_sWeight', 'IsMuon': 'probe_isMuon', 'Brunel_P': 'probe_Brunel_P', 'Brunel_ETA': 'probe_Brunel_ETA', 'nTracks_Brunel': 'nTracks_Brunel', 'TRACK_GHOSTPROB': 'probe_TRACK_GHOSTPROB', 'MuonUnbiased': 'probe_MuonUnbiased', 'InMuonAcc': 'probe_InMuonAcc'}
[I 251114 00:28:54 utils:462] 268 calibration files from EOS will be processed
[I 251114 00:44:45 utils:517] Processed 268/268 files
[I 251114 00:44:45 utils:596] 138203945/152984549 (90.3%) events passed binning range cut
[I 251114 00:44:45 utils:596] 71734137/138203945 (51.9%) events passed user cut
[I 251114 00:44:45 utils:596] 69859972/71734137 (97.4%) events passed 'IsMuon==0.0' cut
[I 251114 00:44:45 make_eff_histo_mod:239] Efficiency histogram of cut IsMuon==0.0 saved to 'raw_histos/kTrueTo-2018/kTrueToMuTag_denom.pkl'

pidcalib2.pklhisto2root "raw_histos/piTrueTo-2018/piTrueToMuTag_nom.pkl"


pidcalib2.pklhisto2root "raw_histos/piTrueTo-2018/piTrueToKTag.pkl"


cp "raw_histos/piTrueTo-2018/piTrueToGTag.root" ./piTrueToGTag.root


cp "raw_histos/piTrueTo-2018/piTrueToPiTag.root" ./piTrueToPiTag.root


cp "raw_histos/piTrueTo-2018/piTrueToPTag.root" ./piTrueToPTag.root


cp "raw_histos/piTrueTo-2018/piTrueToETag.root" ./piTrueToETag.root


cp "raw_histos/piTrueTo-2018/piTrueToKTag.root" ./piTrueToKTag.root


cp "raw_histos/piTrueTo-2018/piTrueToMuTag_nom.root" ./piTrueToMuTag_nom.root


/home/lmeyerga/misid-unfold/scripts/make_eff_histo_mod.py \
    --output-dir raw_histos/piTrueTo-2018 \
    --sample Turbo18 --magnet both \
    --particle Pi \
    --binning-file ./tmp/binning.json \
    --cut "TRACK_GHOSTPROB < 0.5 & MuonUnbiased == 1.0 & InMuonAcc == 1.0" --pid-cut "IsMuon == 1.0 & DLLmu > 2.0 & DLLe < 1.0 & UBDT < 0.25" --pkl-name piTrueToMuTag_nom_vmu.pkl --bin-var Brunel_P --bin-var Brunel_ETA --bin-var nTracks_Brunel


pidcalib2.pklhisto2root "raw_histos/piTrueTo-2018/piTrueToPiTag.pkl"


pidcalib2.pklhisto2root "raw_histos/piTrueTo-2018/piTrueToETag.pkl"


pidcalib2.pklhisto2root "raw_histos/piTrueTo-2018/piTrueToPTag.pkl"


pidcalib2.pklhisto2root "raw_histos/piTrueTo-2018/piTrueToGTag.pkl"


pidcalib2.pklhisto2root "raw_histos/piTrueTo-2018/piTrueToMuTag_nom_vmu.pkl"


pidcalib2.pklhisto2root "raw_histos/piTrueTo-2018/piTrueToMuTag_nom.pkl"


pidcalib2.pklhisto2root "raw_histos/piTrueTo-2018/piTrueToKTag.pkl"


cp "raw_histos/piTrueTo-2018/piTrueToGTag.root" ./piTrueToGTag.root


cp "raw_histos/piTrueTo-2018/piTrueToPiTag.root" ./piTrueToPiTag.root


cp "raw_histos/piTrueTo-2018/piTrueToPTag.root" ./piTrueToPTag.root


cp "raw_histos/piTrueTo-2018/piTrueToETag.root" ./piTrueToETag.root


cp "raw_histos/piTrueTo-2018/piTrueToKTag.root" ./piTrueToKTag.root


cp "raw_histos/piTrueTo-2018/piTrueToMuTag_nom_vmu.root" ./piTrueToMuTag_nom_vmu.root


cp "raw_histos/piTrueTo-2018/piTrueToMuTag_nom.root" ./piTrueToMuTag_nom.root


/home/lmeyerga/misid-unfold/scripts/make_eff_histo_mod.py \
    --output-dir raw_histos/piTrueTo-2018 \
    --sample Turbo18 --magnet both \
    --particle Pi \
    --binning-file ./tmp/binning.json \
    --cut "TRACK_GHOSTPROB < 0.5 & MuonUnbiased == 1.0 & InMuonAcc == 1.0" --pid-cut "IsMuon == 0.0" --pkl-name piTrueToMuTag_denom.pkl --bin-var Brunel_P --bin-var Brunel_ETA --bin-var nTracks_Brunel


pidcalib2.pklhisto2root "raw_histos/piTrueTo-2018/piTrueToPiTag.pkl"


pidcalib2.pklhisto2root "raw_histos/piTrueTo-2018/piTrueToETag.pkl"


pidcalib2.pklhisto2root "raw_histos/piTrueTo-2018/piTrueToPTag.pkl"


pidcalib2.pklhisto2root "raw_histos/piTrueTo-2018/piTrueToGTag.pkl"


pidcalib2.pklhisto2root "raw_histos/piTrueTo-2018/piTrueToMuTag_denom.pkl"


pidcalib2.pklhisto2root "raw_histos/piTrueTo-2018/piTrueToMuTag_nom_vmu.pkl"


pidcalib2.pklhisto2root "raw_histos/piTrueTo-2018/piTrueToMuTag_nom.pkl"


pidcalib2.pklhisto2root "raw_histos/piTrueTo-2018/piTrueToKTag.pkl"


cp "raw_histos/piTrueTo-2018/piTrueToGTag.root" ./piTrueToGTag.root


cp "raw_histos/piTrueTo-2018/piTrueToPiTag.root" ./piTrueToPiTag.root


cp "raw_histos/piTrueTo-2018/piTrueToPTag.root" ./piTrueToPTag.root


cp "raw_histos/piTrueTo-2018/piTrueToMuTag_denom.root" ./piTrueToMuTag_denom.root


cp "raw_histos/piTrueTo-2018/piTrueToETag.root" ./piTrueToETag.root


cp "raw_histos/piTrueTo-2018/piTrueToKTag.root" ./piTrueToKTag.root


cp "raw_histos/piTrueTo-2018/piTrueToMuTag_nom_vmu.root" ./piTrueToMuTag_nom_vmu.root


cp "raw_histos/piTrueTo-2018/piTrueToMuTag_nom.root" ./piTrueToMuTag_nom.root


/home/lmeyerga/misid-unfold/scripts/make_eff_histo_mod.py \
    --output-dir raw_histos/kTrueTo-2018 \
    --sample Turbo18 --magnet both \
    --particle K \
    --binning-file ./tmp/binning.json \
    --cut "TRACK_GHOSTPROB < 0.5 & MuonUnbiased == 1.0 & InMuonAcc == 1.0" --pid-cut "IsMuon == 1.0 & DLLmu > 2.0 & DLLe < 1.0 & UBDT > 0.25" --pkl-name kTrueToMuTag_nom.pkl --bin-var Brunel_P --bin-var Brunel_ETA --bin-var nTracks_Brunel


pidcalib2.pklhisto2root "raw_histos/kTrueTo-2018/kTrueToMuTag_nom.pkl"


pidcalib2.pklhisto2root "raw_histos/kTrueTo-2018/kTrueToPTag.pkl"


pidcalib2.pklhisto2root "raw_histos/kTrueTo-2018/kTrueToGTag.pkl"


pidcalib2.pklhisto2root "raw_histos/kTrueTo-2018/kTrueToKTag.pkl"


pidcalib2.pklhisto2root "raw_histos/kTrueTo-2018/kTrueToPiTag.pkl"


pidcalib2.pklhisto2root "raw_histos/kTrueTo-2018/kTrueToETag.pkl"


cp "raw_histos/kTrueTo-2018/kTrueToPiTag.root" ./kTrueToPiTag.root


cp "raw_histos/kTrueTo-2018/kTrueToMuTag_nom.root" ./kTrueToMuTag_nom.root


cp "raw_histos/kTrueTo-2018/kTrueToETag.root" ./kTrueToETag.root


cp "raw_histos/kTrueTo-2018/kTrueToKTag.root" ./kTrueToKTag.root


cp "raw_histos/kTrueTo-2018/kTrueToPTag.root" ./kTrueToPTag.root


cp "raw_histos/kTrueTo-2018/kTrueToGTag.root" ./kTrueToGTag.root


/home/lmeyerga/misid-unfold/scripts/make_eff_histo_mod.py \
    --output-dir raw_histos/kTrueTo-2018 \
    --sample Turbo18 --magnet both \
    --particle K \
    --binning-file ./tmp/binning.json \
    --cut "TRACK_GHOSTPROB < 0.5 & MuonUnbiased == 1.0 & InMuonAcc == 1.0" --pid-cut "IsMuon == 1.0 & DLLmu > 2.0 & DLLe < 1.0 & UBDT < 0.25" --pkl-name kTrueToMuTag_nom_vmu.pkl --bin-var Brunel_P --bin-var Brunel_ETA --bin-var nTracks_Brunel


pidcalib2.pklhisto2root "raw_histos/kTrueTo-2018/kTrueToMuTag_nom.pkl"


pidcalib2.pklhisto2root "raw_histos/kTrueTo-2018/kTrueToPTag.pkl"


pidcalib2.pklhisto2root "raw_histos/kTrueTo-2018/kTrueToGTag.pkl"


pidcalib2.pklhisto2root "raw_histos/kTrueTo-2018/kTrueToKTag.pkl"


pidcalib2.pklhisto2root "raw_histos/kTrueTo-2018/kTrueToPiTag.pkl"


pidcalib2.pklhisto2root "raw_histos/kTrueTo-2018/kTrueToETag.pkl"


pidcalib2.pklhisto2root "raw_histos/kTrueTo-2018/kTrueToMuTag_nom_vmu.pkl"


cp "raw_histos/kTrueTo-2018/kTrueToMuTag_nom_vmu.root" ./kTrueToMuTag_nom_vmu.root


cp "raw_histos/kTrueTo-2018/kTrueToPiTag.root" ./kTrueToPiTag.root


cp "raw_histos/kTrueTo-2018/kTrueToMuTag_nom.root" ./kTrueToMuTag_nom.root


cp "raw_histos/kTrueTo-2018/kTrueToETag.root" ./kTrueToETag.root


cp "raw_histos/kTrueTo-2018/kTrueToKTag.root" ./kTrueToKTag.root


cp "raw_histos/kTrueTo-2018/kTrueToPTag.root" ./kTrueToPTag.root


cp "raw_histos/kTrueTo-2018/kTrueToGTag.root" ./kTrueToGTag.root


/home/lmeyerga/misid-unfold/scripts/make_eff_histo_mod.py \
    --output-dir raw_histos/kTrueTo-2018 \
    --sample Turbo18 --magnet both \
    --particle K \
    --binning-file ./tmp/binning.json \
    --cut "TRACK_GHOSTPROB < 0.5 & MuonUnbiased == 1.0 & InMuonAcc == 1.0" --pid-cut "IsMuon == 0.0" --pkl-name kTrueToMuTag_denom.pkl --bin-var Brunel_P --bin-var Brunel_ETA --bin-var nTracks_Brunel


pidcalib2.pklhisto2root "raw_histos/kTrueTo-2018/kTrueToMuTag_nom.pkl"


pidcalib2.pklhisto2root "raw_histos/kTrueTo-2018/kTrueToMuTag_denom.pkl"


pidcalib2.pklhisto2root "raw_histos/kTrueTo-2018/kTrueToPTag.pkl"


pidcalib2.pklhisto2root "raw_histos/kTrueTo-2018/kTrueToGTag.pkl"


pidcalib2.pklhisto2root "raw_histos/kTrueTo-2018/kTrueToKTag.pkl"


pidcalib2.pklhisto2root "raw_histos/kTrueTo-2018/kTrueToPiTag.pkl"


pidcalib2.pklhisto2root "raw_histos/kTrueTo-2018/kTrueToETag.pkl"


pidcalib2.pklhisto2root "raw_histos/kTrueTo-2018/kTrueToMuTag_nom_vmu.pkl"


cp "raw_histos/kTrueTo-2018/kTrueToMuTag_denom.root" ./kTrueToMuTag_denom.root


cp "raw_histos/kTrueTo-2018/kTrueToMuTag_nom_vmu.root" ./kTrueToMuTag_nom_vmu.root


cp "raw_histos/kTrueTo-2018/kTrueToPiTag.root" ./kTrueToPiTag.root


cp "raw_histos/kTrueTo-2018/kTrueToMuTag_nom.root" ./kTrueToMuTag_nom.root


cp "raw_histos/kTrueTo-2018/kTrueToETag.root" ./kTrueToETag.root


cp "raw_histos/kTrueTo-2018/kTrueToKTag.root" ./kTrueToKTag.root


cp "raw_histos/kTrueTo-2018/kTrueToPTag.root" ./kTrueToPTag.root


cp "raw_histos/kTrueTo-2018/kTrueToGTag.root" ./kTrueToGTag.root

[I 251114 00:44:56 make_eff_histo_mod:189] Running PIDCalib2 make_eff_hists with the following config:
[I 251114 00:44:56 utils:117] ===============
[I 251114 00:44:56 utils:120] sample         : Turbo18
[I 251114 00:44:56 utils:120] magnet         : both
[I 251114 00:44:56 utils:120] particle       : P
[I 251114 00:44:56 utils:120] pid_cuts       : ['IsMuon==1.0&DLLmu>2.0&DLLe<1.0&UBDT>0.25']
[I 251114 00:44:56 utils:120] cuts           : ['TRACK_GHOSTPROB < 0.5 & MuonUnbiased == 1.0 & InMuonAcc == 1.0']
[I 251114 00:44:56 utils:120] bin_vars       : ['Brunel_P', 'Brunel_ETA', 'nTracks_Brunel']
[I 251114 00:44:56 utils:120] binning_file   : ./tmp/binning.json
[I 251114 00:44:56 utils:120] output_dir     : raw_histos/pTrueTo-2018
[I 251114 00:44:56 utils:120] verbose        : False
[I 251114 00:44:56 utils:120] pkl_name       : ['pTrueToMuTag_nom.pkl']
[I 251114 00:44:56 utils:120] version        : N/A
[I 251114 00:44:56 utils:121] ===============
[I 251114 00:44:56 binning:205] Loading binnings from ./tmp/binning.json
[W 251114 00:44:56 binning:245] The following custom binnings are not being used: [{'particle': 'Pi', 'bin_var': 'Brunel_P'}, {'particle': 'Pi', 'bin_var': 'Brunel_ETA'}, {'particle': 'Pi', 'bin_var': 'nTracks_Brunel'}, {'particle': 'K', 'bin_var': 'Brunel_P'}, {'particle': 'K', 'bin_var': 'Brunel_ETA'}, {'particle': 'K', 'bin_var': 'nTracks_Brunel'}, {'particle': 'e_B_Jpsi', 'bin_var': 'Brunel_P'}, {'particle': 'e_B_Jpsi', 'bin_var': 'Brunel_ETA'}, {'particle': 'e_B_Jpsi', 'bin_var': 'nTracks'}]
[I 251114 00:44:56 make_eff_histo_mod:215] Processing MapUp calibration samples
[I 251114 00:44:56 utils:461] Branches to be read: {'sWeight': 'probe_sWeight', 'IsMuon': 'probe_isMuon', 'DLLmu': 'probe_PIDmu', 'DLLe': 'probe_PIDe', 'UBDT': 'probe_UBDT', 'Brunel_P': 'probe_Brunel_P', 'Brunel_ETA': 'probe_Brunel_ETA', 'nTracks_Brunel': 'nTracks_Brunel', 'TRACK_GHOSTPROB': 'probe_TRACK_GHOSTPROB', 'MuonUnbiased': 'probe_MuonUnbiased', 'InMuonAcc': 'probe_InMuonAcc'}
[I 251114 00:44:56 utils:462] 102 calibration files from EOS will be processed
[I 251114 01:04:26 utils:517] Processed 102/102 files
[I 251114 01:04:26 utils:596] 125240246/141477854 (88.5%) events passed binning range cut
[I 251114 01:04:26 utils:596] 33999843/125240246 (27.1%) events passed user cut
[I 251114 01:04:26 utils:596] 32791/33999843 (0.1%) events passed 'IsMuon==1.0&DLLmu>2.0&DLLe<1.0&UBDT>0.25' cut
[I 251114 01:04:26 make_eff_histo_mod:220] Processing MagDown calibration samples
[I 251114 01:04:26 utils:461] Branches to be read: {'sWeight': 'probe_sWeight', 'IsMuon': 'probe_isMuon', 'DLLmu': 'probe_PIDmu', 'DLLe': 'probe_PIDe', 'UBDT': 'probe_UBDT', 'Brunel_P': 'probe_Brunel_P', 'Brunel_ETA': 'probe_Brunel_ETA', 'nTracks_Brunel': 'nTracks_Brunel', 'TRACK_GHOSTPROB': 'probe_TRACK_GHOSTPROB', 'MuonUnbiased': 'probe_MuonUnbiased', 'InMuonAcc': 'probe_InMuonAcc'}
[I 251114 01:04:26 utils:462] 96 calibration files from EOS will be processed
[I 251114 01:22:22 utils:517] Processed 96/96 files
[I 251114 01:22:22 utils:596] 116378718/131342613 (88.6%) events passed binning range cut
[I 251114 01:22:22 utils:596] 31516144/116378718 (27.1%) events passed user cut
[I 251114 01:22:22 utils:596] 30233/31516144 (0.1%) events passed 'IsMuon==1.0&DLLmu>2.0&DLLe<1.0&UBDT>0.25' cut
[W 251114 01:22:22 utils:97] There are 3 negative bins in the 'eff_IsMuon==1.0&DLLmu>2.0&DLLe<1.0&UBDT>0.25' efficiency histogram! You might want to change the binning.
[I 251114 01:22:22 make_eff_histo_mod:239] Efficiency histogram of cut IsMuon==1.0&DLLmu>2.0&DLLe<1.0&UBDT>0.25 saved to 'raw_histos/pTrueTo-2018/pTrueToMuTag_nom.pkl'
[I 251114 01:22:31 make_eff_histo_mod:189] Running PIDCalib2 make_eff_hists with the following config:
[I 251114 01:22:31 utils:117] ===============
[I 251114 01:22:31 utils:120] sample         : Turbo18
[I 251114 01:22:31 utils:120] magnet         : both
[I 251114 01:22:31 utils:120] particle       : P
[I 251114 01:22:31 utils:120] pid_cuts       : ['IsMuon==1.0&DLLmu>2.0&DLLe<1.0&UBDT<0.25']
[I 251114 01:22:31 utils:120] cuts           : ['TRACK_GHOSTPROB < 0.5 & MuonUnbiased == 1.0 & InMuonAcc == 1.0']
[I 251114 01:22:31 utils:120] bin_vars       : ['Brunel_P', 'Brunel_ETA', 'nTracks_Brunel']
[I 251114 01:22:31 utils:120] binning_file   : ./tmp/binning.json
[I 251114 01:22:31 utils:120] output_dir     : raw_histos/pTrueTo-2018
[I 251114 01:22:31 utils:120] verbose        : False
[I 251114 01:22:31 utils:120] pkl_name       : ['pTrueToMuTag_nom_vmu.pkl']
[I 251114 01:22:31 utils:120] version        : N/A
[I 251114 01:22:31 utils:121] ===============
[I 251114 01:22:31 binning:205] Loading binnings from ./tmp/binning.json
[W 251114 01:22:31 binning:245] The following custom binnings are not being used: [{'particle': 'Pi', 'bin_var': 'Brunel_P'}, {'particle': 'Pi', 'bin_var': 'Brunel_ETA'}, {'particle': 'Pi', 'bin_var': 'nTracks_Brunel'}, {'particle': 'K', 'bin_var': 'Brunel_P'}, {'particle': 'K', 'bin_var': 'Brunel_ETA'}, {'particle': 'K', 'bin_var': 'nTracks_Brunel'}, {'particle': 'e_B_Jpsi', 'bin_var': 'Brunel_P'}, {'particle': 'e_B_Jpsi', 'bin_var': 'Brunel_ETA'}, {'particle': 'e_B_Jpsi', 'bin_var': 'nTracks'}]
[I 251114 01:22:31 make_eff_histo_mod:215] Processing MapUp calibration samples
[I 251114 01:22:31 utils:461] Branches to be read: {'sWeight': 'probe_sWeight', 'IsMuon': 'probe_isMuon', 'DLLmu': 'probe_PIDmu', 'DLLe': 'probe_PIDe', 'UBDT': 'probe_UBDT', 'Brunel_P': 'probe_Brunel_P', 'Brunel_ETA': 'probe_Brunel_ETA', 'nTracks_Brunel': 'nTracks_Brunel', 'TRACK_GHOSTPROB': 'probe_TRACK_GHOSTPROB', 'MuonUnbiased': 'probe_MuonUnbiased', 'InMuonAcc': 'probe_InMuonAcc'}
[I 251114 01:22:31 utils:462] 102 calibration files from EOS will be processed
[I 251114 01:39:12 utils:517] Processed 102/102 files
[I 251114 01:39:12 utils:596] 125240246/141477854 (88.5%) events passed binning range cut
[I 251114 01:39:12 utils:596] 33999843/125240246 (27.1%) events passed user cut
[I 251114 01:39:12 utils:596] 68276/33999843 (0.2%) events passed 'IsMuon==1.0&DLLmu>2.0&DLLe<1.0&UBDT<0.25' cut
[I 251114 01:39:12 make_eff_histo_mod:220] Processing MagDown calibration samples
[I 251114 01:39:12 utils:461] Branches to be read: {'sWeight': 'probe_sWeight', 'IsMuon': 'probe_isMuon', 'DLLmu': 'probe_PIDmu', 'DLLe': 'probe_PIDe', 'UBDT': 'probe_UBDT', 'Brunel_P': 'probe_Brunel_P', 'Brunel_ETA': 'probe_Brunel_ETA', 'nTracks_Brunel': 'nTracks_Brunel', 'TRACK_GHOSTPROB': 'probe_TRACK_GHOSTPROB', 'MuonUnbiased': 'probe_MuonUnbiased', 'InMuonAcc': 'probe_InMuonAcc'}
[I 251114 01:39:12 utils:462] 96 calibration files from EOS will be processed
[I 251114 01:55:17 utils:517] Processed 96/96 files
[I 251114 01:55:17 utils:596] 116378718/131342613 (88.6%) events passed binning range cut
[I 251114 01:55:17 utils:596] 31516144/116378718 (27.1%) events passed user cut
[I 251114 01:55:17 utils:596] 63628/31516144 (0.2%) events passed 'IsMuon==1.0&DLLmu>2.0&DLLe<1.0&UBDT<0.25' cut
[W 251114 01:55:17 utils:97] There are 1 negative bins in the 'eff_IsMuon==1.0&DLLmu>2.0&DLLe<1.0&UBDT<0.25' efficiency histogram! You might want to change the binning.
[I 251114 01:55:17 make_eff_histo_mod:239] Efficiency histogram of cut IsMuon==1.0&DLLmu>2.0&DLLe<1.0&UBDT<0.25 saved to 'raw_histos/pTrueTo-2018/pTrueToMuTag_nom_vmu.pkl'
[I 251114 01:55:36 make_eff_histo_mod:189] Running PIDCalib2 make_eff_hists with the following config:
[I 251114 01:55:36 utils:117] ===============
[I 251114 01:55:36 utils:120] sample         : Turbo18
[I 251114 01:55:36 utils:120] magnet         : both
[I 251114 01:55:36 utils:120] particle       : P
[I 251114 01:55:36 utils:120] pid_cuts       : ['IsMuon==0.0']
[I 251114 01:55:36 utils:120] cuts           : ['TRACK_GHOSTPROB < 0.5 & MuonUnbiased == 1.0 & InMuonAcc == 1.0']
[I 251114 01:55:36 utils:120] bin_vars       : ['Brunel_P', 'Brunel_ETA', 'nTracks_Brunel']
[I 251114 01:55:36 utils:120] binning_file   : ./tmp/binning.json
[I 251114 01:55:36 utils:120] output_dir     : raw_histos/pTrueTo-2018
[I 251114 01:55:36 utils:120] verbose        : False
[I 251114 01:55:36 utils:120] pkl_name       : ['pTrueToMuTag_denom.pkl']
[I 251114 01:55:36 utils:120] version        : N/A
[I 251114 01:55:36 utils:121] ===============
[I 251114 01:55:36 binning:205] Loading binnings from ./tmp/binning.json
[W 251114 01:55:36 binning:245] The following custom binnings are not being used: [{'particle': 'Pi', 'bin_var': 'Brunel_P'}, {'particle': 'Pi', 'bin_var': 'Brunel_ETA'}, {'particle': 'Pi', 'bin_var': 'nTracks_Brunel'}, {'particle': 'K', 'bin_var': 'Brunel_P'}, {'particle': 'K', 'bin_var': 'Brunel_ETA'}, {'particle': 'K', 'bin_var': 'nTracks_Brunel'}, {'particle': 'e_B_Jpsi', 'bin_var': 'Brunel_P'}, {'particle': 'e_B_Jpsi', 'bin_var': 'Brunel_ETA'}, {'particle': 'e_B_Jpsi', 'bin_var': 'nTracks'}]
[I 251114 01:55:36 make_eff_histo_mod:215] Processing MapUp calibration samples
[I 251114 01:55:36 utils:461] Branches to be read: {'sWeight': 'probe_sWeight', 'IsMuon': 'probe_isMuon', 'Brunel_P': 'probe_Brunel_P', 'Brunel_ETA': 'probe_Brunel_ETA', 'nTracks_Brunel': 'nTracks_Brunel', 'TRACK_GHOSTPROB': 'probe_TRACK_GHOSTPROB', 'MuonUnbiased': 'probe_MuonUnbiased', 'InMuonAcc': 'probe_InMuonAcc'}
[I 251114 01:55:36 utils:462] 102 calibration files from EOS will be processed
[I 251114 02:10:06 utils:517] Processed 102/102 files
[I 251114 02:10:06 utils:596] 125240246/141477854 (88.5%) events passed binning range cut
[I 251114 02:10:06 utils:596] 33999843/125240246 (27.1%) events passed user cut
[I 251114 02:10:06 utils:596] 33627023/33999843 (98.9%) events passed 'IsMuon==0.0' cut
[I 251114 02:10:06 make_eff_histo_mod:220] Processing MagDown calibration samples
[I 251114 02:10:06 utils:461] Branches to be read: {'sWeight': 'probe_sWeight', 'IsMuon': 'probe_isMuon', 'Brunel_P': 'probe_Brunel_P', 'Brunel_ETA': 'probe_Brunel_ETA', 'nTracks_Brunel': 'nTracks_Brunel', 'TRACK_GHOSTPROB': 'probe_TRACK_GHOSTPROB', 'MuonUnbiased': 'probe_MuonUnbiased', 'InMuonAcc': 'probe_InMuonAcc'}
[I 251114 02:10:06 utils:462] 96 calibration files from EOS will be processed
[I 251114 02:27:18 utils:517] Processed 96/96 files
[I 251114 02:27:18 utils:596] 116378718/131342613 (88.6%) events passed binning range cut
[I 251114 02:27:18 utils:596] 31516144/116378718 (27.1%) events passed user cut
[I 251114 02:27:18 utils:596] 31168652/31516144 (98.9%) events passed 'IsMuon==0.0' cut
[I 251114 02:27:18 make_eff_histo_mod:239] Efficiency histogram of cut IsMuon==0.0 saved to 'raw_histos/pTrueTo-2018/pTrueToMuTag_denom.pkl'

/home/lmeyerga/misid-unfold/scripts/make_eff_histo_mod.py \
    --output-dir raw_histos/pTrueTo-2018 \
    --sample Turbo18 --magnet both \
    --particle P \
    --binning-file ./tmp/binning.json \
    --cut "TRACK_GHOSTPROB < 0.5 & MuonUnbiased == 1.0 & InMuonAcc == 1.0" --pid-cut "IsMuon == 1.0 & DLLmu > 2.0 & DLLe < 1.0 & UBDT > 0.25" --pkl-name pTrueToMuTag_nom.pkl --bin-var Brunel_P --bin-var Brunel_ETA --bin-var nTracks_Brunel


pidcalib2.pklhisto2root "raw_histos/pTrueTo-2018/pTrueToGTag.pkl"


pidcalib2.pklhisto2root "raw_histos/pTrueTo-2018/pTrueToPTag.pkl"


pidcalib2.pklhisto2root "raw_histos/pTrueTo-2018/pTrueToMuTag_nom.pkl"


pidcalib2.pklhisto2root "raw_histos/pTrueTo-2018/pTrueToPiTag.pkl"


pidcalib2.pklhisto2root "raw_histos/pTrueTo-2018/pTrueToKTag.pkl"


pidcalib2.pklhisto2root "raw_histos/pTrueTo-2018/pTrueToETag.pkl"


cp "raw_histos/pTrueTo-2018/pTrueToMuTag_nom.root" ./pTrueToMuTag_nom.root


cp "raw_histos/pTrueTo-2018/pTrueToETag.root" ./pTrueToETag.root


cp "raw_histos/pTrueTo-2018/pTrueToKTag.root" ./pTrueToKTag.root


cp "raw_histos/pTrueTo-2018/pTrueToPTag.root" ./pTrueToPTag.root


cp "raw_histos/pTrueTo-2018/pTrueToGTag.root" ./pTrueToGTag.root


cp "raw_histos/pTrueTo-2018/pTrueToPiTag.root" ./pTrueToPiTag.root


/home/lmeyerga/misid-unfold/scripts/make_eff_histo_mod.py \
    --output-dir raw_histos/pTrueTo-2018 \
    --sample Turbo18 --magnet both \
    --particle P \
    --binning-file ./tmp/binning.json \
    --cut "TRACK_GHOSTPROB < 0.5 & MuonUnbiased == 1.0 & InMuonAcc == 1.0" --pid-cut "IsMuon == 1.0 & DLLmu > 2.0 & DLLe < 1.0 & UBDT < 0.25" --pkl-name pTrueToMuTag_nom_vmu.pkl --bin-var Brunel_P --bin-var Brunel_ETA --bin-var nTracks_Brunel


pidcalib2.pklhisto2root "raw_histos/pTrueTo-2018/pTrueToGTag.pkl"


pidcalib2.pklhisto2root "raw_histos/pTrueTo-2018/pTrueToPTag.pkl"


pidcalib2.pklhisto2root "raw_histos/pTrueTo-2018/pTrueToMuTag_nom.pkl"


pidcalib2.pklhisto2root "raw_histos/pTrueTo-2018/pTrueToMuTag_nom_vmu.pkl"


pidcalib2.pklhisto2root "raw_histos/pTrueTo-2018/pTrueToPiTag.pkl"


pidcalib2.pklhisto2root "raw_histos/pTrueTo-2018/pTrueToKTag.pkl"


pidcalib2.pklhisto2root "raw_histos/pTrueTo-2018/pTrueToETag.pkl"


cp "raw_histos/pTrueTo-2018/pTrueToMuTag_nom.root" ./pTrueToMuTag_nom.root


cp "raw_histos/pTrueTo-2018/pTrueToETag.root" ./pTrueToETag.root


cp "raw_histos/pTrueTo-2018/pTrueToKTag.root" ./pTrueToKTag.root


cp "raw_histos/pTrueTo-2018/pTrueToPTag.root" ./pTrueToPTag.root


cp "raw_histos/pTrueTo-2018/pTrueToGTag.root" ./pTrueToGTag.root


cp "raw_histos/pTrueTo-2018/pTrueToPiTag.root" ./pTrueToPiTag.root


cp "raw_histos/pTrueTo-2018/pTrueToMuTag_nom_vmu.root" ./pTrueToMuTag_nom_vmu.root


/home/lmeyerga/misid-unfold/scripts/make_eff_histo_mod.py \
    --output-dir raw_histos/pTrueTo-2018 \
    --sample Turbo18 --magnet both \
    --particle P \
    --binning-file ./tmp/binning.json \
    --cut "TRACK_GHOSTPROB < 0.5 & MuonUnbiased == 1.0 & InMuonAcc == 1.0" --pid-cut "IsMuon == 0.0" --pkl-name pTrueToMuTag_denom.pkl --bin-var Brunel_P --bin-var Brunel_ETA --bin-var nTracks_Brunel


pidcalib2.pklhisto2root "raw_histos/pTrueTo-2018/pTrueToGTag.pkl"


pidcalib2.pklhisto2root "raw_histos/pTrueTo-2018/pTrueToPTag.pkl"


pidcalib2.pklhisto2root "raw_histos/pTrueTo-2018/pTrueToMuTag_nom.pkl"


pidcalib2.pklhisto2root "raw_histos/pTrueTo-2018/pTrueToMuTag_denom.pkl"


pidcalib2.pklhisto2root "raw_histos/pTrueTo-2018/pTrueToMuTag_nom_vmu.pkl"


pidcalib2.pklhisto2root "raw_histos/pTrueTo-2018/pTrueToPiTag.pkl"


pidcalib2.pklhisto2root "raw_histos/pTrueTo-2018/pTrueToKTag.pkl"


pidcalib2.pklhisto2root "raw_histos/pTrueTo-2018/pTrueToETag.pkl"


cp "raw_histos/pTrueTo-2018/pTrueToMuTag_nom.root" ./pTrueToMuTag_nom.root


cp "raw_histos/pTrueTo-2018/pTrueToETag.root" ./pTrueToETag.root


cp "raw_histos/pTrueTo-2018/pTrueToKTag.root" ./pTrueToKTag.root


cp "raw_histos/pTrueTo-2018/pTrueToPTag.root" ./pTrueToPTag.root


cp "raw_histos/pTrueTo-2018/pTrueToGTag.root" ./pTrueToGTag.root


cp "raw_histos/pTrueTo-2018/pTrueToPiTag.root" ./pTrueToPiTag.root


cp "raw_histos/pTrueTo-2018/pTrueToMuTag_denom.root" ./pTrueToMuTag_denom.root


cp "raw_histos/pTrueTo-2018/pTrueToMuTag_nom_vmu.root" ./pTrueToMuTag_nom_vmu.root

